[2.675s] Invoking command in '/home/rokey/1_ws/src/amr_yolo': PYTHONPATH=/home/rokey/1_ws/src/build/amr_yolo/prefix_override:/usr/lib/python3/dist-packages/colcon_core/task/python/colcon_distutils_commands:/home/rokey/1_ws/src/install/amr_yolo/lib/python3.10/site-packages:${PYTHONPATH} /usr/bin/python3 -W ignore:setup.py install is deprecated setup.py egg_info --egg-base ../build/amr_yolo build --build-base /home/rokey/1_ws/src/build/amr_yolo/build install --record /home/rokey/1_ws/src/build/amr_yolo/install.log --single-version-externally-managed
[3.196s] running egg_info
[3.214s] creating ../build/amr_yolo/amr_yolo.egg-info
[3.214s] writing ../build/amr_yolo/amr_yolo.egg-info/PKG-INFO
[3.215s] writing dependency_links to ../build/amr_yolo/amr_yolo.egg-info/dependency_links.txt
[3.215s] writing entry points to ../build/amr_yolo/amr_yolo.egg-info/entry_points.txt
[3.215s] writing requirements to ../build/amr_yolo/amr_yolo.egg-info/requires.txt
[3.215s] writing top-level names to ../build/amr_yolo/amr_yolo.egg-info/top_level.txt
[3.216s] writing manifest file '../build/amr_yolo/amr_yolo.egg-info/SOURCES.txt'
[3.256s] reading manifest file '../build/amr_yolo/amr_yolo.egg-info/SOURCES.txt'
[3.257s] writing manifest file '../build/amr_yolo/amr_yolo.egg-info/SOURCES.txt'
[3.257s] running build
[3.257s] running build_py
[3.258s] creating /home/rokey/1_ws/src/build/amr_yolo/build/lib/amr_yolo
[3.258s] copying amr_yolo/__init__.py -> /home/rokey/1_ws/src/build/amr_yolo/build/lib/amr_yolo
[3.258s] copying amr_yolo/amr_yolo.py -> /home/rokey/1_ws/src/build/amr_yolo/build/lib/amr_yolo
[3.264s] running install
[3.269s] running install_lib
[3.288s] creating /home/rokey/1_ws/src/install/amr_yolo/lib/python3.10/site-packages/amr_yolo
[3.288s] copying /home/rokey/1_ws/src/build/amr_yolo/build/lib/amr_yolo/__init__.py -> /home/rokey/1_ws/src/install/amr_yolo/lib/python3.10/site-packages/amr_yolo
[3.288s] copying /home/rokey/1_ws/src/build/amr_yolo/build/lib/amr_yolo/amr_yolo.py -> /home/rokey/1_ws/src/install/amr_yolo/lib/python3.10/site-packages/amr_yolo
[3.289s] byte-compiling /home/rokey/1_ws/src/install/amr_yolo/lib/python3.10/site-packages/amr_yolo/__init__.py to __init__.cpython-310.pyc
[3.289s] byte-compiling /home/rokey/1_ws/src/install/amr_yolo/lib/python3.10/site-packages/amr_yolo/amr_yolo.py to amr_yolo.cpython-310.pyc
[3.290s] running install_egg_info
[3.312s] Copying ../build/amr_yolo/amr_yolo.egg-info to /home/rokey/1_ws/src/install/amr_yolo/lib/python3.10/site-packages/amr_yolo-0.0.1-py3.10.egg-info
[3.313s] running install_scripts
[3.463s] Installing amr_yolo script to /home/rokey/1_ws/src/install/amr_yolo/lib/amr_yolo
[3.463s] writing list of installed files to '/home/rokey/1_ws/src/build/amr_yolo/install.log'
[3.495s] Invoked command in '/home/rokey/1_ws/src/amr_yolo' returned '0': PYTHONPATH=/home/rokey/1_ws/src/build/amr_yolo/prefix_override:/usr/lib/python3/dist-packages/colcon_core/task/python/colcon_distutils_commands:/home/rokey/1_ws/src/install/amr_yolo/lib/python3.10/site-packages:${PYTHONPATH} /usr/bin/python3 -W ignore:setup.py install is deprecated setup.py egg_info --egg-base ../build/amr_yolo build --build-base /home/rokey/1_ws/src/build/amr_yolo/build install --record /home/rokey/1_ws/src/build/amr_yolo/install.log --single-version-externally-managed
