[0.899s] Invoking command in '/home/rokey/1_ws/src/my_video_package': PYTHONPATH=/home/rokey/1_ws/src/build/my_video_package/prefix_override:/usr/lib/python3/dist-packages/colcon_core/task/python/colcon_distutils_commands:/home/rokey/1_ws/src/install/my_video_package/lib/python3.10/site-packages:${PYTHONPATH} /usr/bin/python3 -W ignore:setup.py install is deprecated setup.py egg_info --egg-base ../build/my_video_package build --build-base /home/rokey/1_ws/src/build/my_video_package/build install --record /home/rokey/1_ws/src/build/my_video_package/install.log --single-version-externally-managed install_data
[1.110s] running egg_info
[1.111s] writing ../build/my_video_package/my_video_package.egg-info/PKG-INFO
[1.111s] writing dependency_links to ../build/my_video_package/my_video_package.egg-info/dependency_links.txt
[1.111s] writing entry points to ../build/my_video_package/my_video_package.egg-info/entry_points.txt
[1.111s] writing requirements to ../build/my_video_package/my_video_package.egg-info/requires.txt
[1.111s] writing top-level names to ../build/my_video_package/my_video_package.egg-info/top_level.txt
[1.113s] reading manifest file '../build/my_video_package/my_video_package.egg-info/SOURCES.txt'
[1.114s] writing manifest file '../build/my_video_package/my_video_package.egg-info/SOURCES.txt'
[1.114s] running build
[1.114s] running build_py
[1.114s] running install
[1.114s] running install_lib
[1.115s] running install_data
[1.116s] running install_egg_info
[1.117s] removing '/home/rokey/1_ws/src/install/my_video_package/lib/python3.10/site-packages/my_video_package-0.0.0-py3.10.egg-info' (and everything under it)
[1.117s] Copying ../build/my_video_package/my_video_package.egg-info to /home/rokey/1_ws/src/install/my_video_package/lib/python3.10/site-packages/my_video_package-0.0.0-py3.10.egg-info
[1.118s] running install_scripts
[1.139s] Installing video_capture_node script to /home/rokey/1_ws/src/install/my_video_package/lib/my_video_package
[1.140s] writing list of installed files to '/home/rokey/1_ws/src/build/my_video_package/install.log'
[1.165s] Invoked command in '/home/rokey/1_ws/src/my_video_package' returned '0': PYTHONPATH=/home/rokey/1_ws/src/build/my_video_package/prefix_override:/usr/lib/python3/dist-packages/colcon_core/task/python/colcon_distutils_commands:/home/rokey/1_ws/src/install/my_video_package/lib/python3.10/site-packages:${PYTHONPATH} /usr/bin/python3 -W ignore:setup.py install is deprecated setup.py egg_info --egg-base ../build/my_video_package build --build-base /home/rokey/1_ws/src/build/my_video_package/build install --record /home/rokey/1_ws/src/build/my_video_package/install.log --single-version-externally-managed install_data
