[0.157s] DEBUG:colcon:Command line arguments: ['/usr/bin/colcon', 'build']
[0.157s] DEBUG:colcon:Parsed command line arguments: Namespace(log_base=None, log_level=None, verb_name='build', build_base='build', install_base='install', merge_install=False, symlink_install=False, test_result_base=None, continue_on_error=False, executor='parallel', parallel_workers=8, event_handlers=None, ignore_user_meta=False, metas=['./colcon.meta'], base_paths=['.'], packages_ignore=None, packages_ignore_regex=None, paths=None, packages_up_to=None, packages_up_to_regex=None, packages_above=None, packages_above_and_dependencies=None, packages_above_depth=None, packages_select_by_dep=None, packages_skip_by_dep=None, packages_skip_up_to=None, packages_select_build_failed=False, packages_skip_build_finished=False, packages_select_test_failures=False, packages_skip_test_passed=False, packages_select=None, packages_skip=None, packages_select_regex=None, packages_skip_regex=None, packages_start=None, packages_end=None, allow_overriding=[], cmake_args=None, cmake_target=None, cmake_target_skip_unavailable=False, cmake_clean_cache=False, cmake_clean_first=False, cmake_force_configure=False, ament_cmake_args=None, catkin_cmake_args=None, catkin_skip_building_tests=False, verb_parser=<colcon_defaults.argument_parser.defaults.DefaultArgumentsDecorator object at 0x7fd0d60bd960>, verb_extension=<colcon_core.verb.build.BuildVerb object at 0x7fd0d623e560>, main=<bound method BuildVerb.main of <colcon_core.verb.build.BuildVerb object at 0x7fd0d623e560>>)
[0.359s] Level 1:colcon.colcon_core.package_discovery:discover_packages(colcon_meta) check parameters
[0.359s] Level 1:colcon.colcon_core.package_discovery:discover_packages(recursive) check parameters
[0.359s] Level 1:colcon.colcon_core.package_discovery:discover_packages(ignore) check parameters
[0.359s] Level 1:colcon.colcon_core.package_discovery:discover_packages(path) check parameters
[0.359s] Level 1:colcon.colcon_core.package_discovery:discover_packages(colcon_meta) discover
[0.359s] Level 1:colcon.colcon_core.package_discovery:discover_packages(recursive) discover
[0.359s] INFO:colcon.colcon_core.package_discovery:Crawling recursively for packages in '/home/rokey/1_ws/src'
[0.359s] Level 1:colcon.colcon_core.package_identification:_identify(.) by extensions ['ignore', 'ignore_ament_install']
[0.359s] Level 1:colcon.colcon_core.package_identification:_identify(.) by extension 'ignore'
[0.360s] Level 1:colcon.colcon_core.package_identification:_identify(.) by extension 'ignore_ament_install'
[0.360s] Level 1:colcon.colcon_core.package_identification:_identify(.) by extensions ['colcon_pkg']
[0.360s] Level 1:colcon.colcon_core.package_identification:_identify(.) by extension 'colcon_pkg'
[0.360s] Level 1:colcon.colcon_core.package_identification:_identify(.) by extensions ['colcon_meta']
[0.360s] Level 1:colcon.colcon_core.package_identification:_identify(.) by extension 'colcon_meta'
[0.360s] Level 1:colcon.colcon_core.package_identification:_identify(.) by extensions ['ros']
[0.360s] Level 1:colcon.colcon_core.package_identification:_identify(.) by extension 'ros'
[0.378s] Level 1:colcon.colcon_core.package_identification:_identify(.) by extensions ['cmake', 'python']
[0.378s] Level 1:colcon.colcon_core.package_identification:_identify(.) by extension 'cmake'
[0.378s] Level 1:colcon.colcon_core.package_identification:_identify(.) by extension 'python'
[0.378s] Level 1:colcon.colcon_core.package_identification:_identify(.) by extensions ['python_setup_py']
[0.378s] Level 1:colcon.colcon_core.package_identification:_identify(.) by extension 'python_setup_py'
[0.378s] Level 1:colcon.colcon_core.package_identification:_identify(build) by extensions ['ignore', 'ignore_ament_install']
[0.378s] Level 1:colcon.colcon_core.package_identification:_identify(build) by extension 'ignore'
[0.378s] Level 1:colcon.colcon_core.package_identification:_identify(build) ignored
[0.379s] Level 1:colcon.colcon_core.package_identification:_identify(install) by extensions ['ignore', 'ignore_ament_install']
[0.379s] Level 1:colcon.colcon_core.package_identification:_identify(install) by extension 'ignore'
[0.379s] Level 1:colcon.colcon_core.package_identification:_identify(install) ignored
[0.379s] Level 1:colcon.colcon_core.package_identification:_identify(log) by extensions ['ignore', 'ignore_ament_install']
[0.379s] Level 1:colcon.colcon_core.package_identification:_identify(log) by extension 'ignore'
[0.379s] Level 1:colcon.colcon_core.package_identification:_identify(log) ignored
[0.379s] Level 1:colcon.colcon_core.package_identification:_identify(my_image_subscriber) by extensions ['ignore', 'ignore_ament_install']
[0.379s] Level 1:colcon.colcon_core.package_identification:_identify(my_image_subscriber) by extension 'ignore'
[0.379s] Level 1:colcon.colcon_core.package_identification:_identify(my_image_subscriber) by extension 'ignore_ament_install'
[0.379s] Level 1:colcon.colcon_core.package_identification:_identify(my_image_subscriber) by extensions ['colcon_pkg']
[0.379s] Level 1:colcon.colcon_core.package_identification:_identify(my_image_subscriber) by extension 'colcon_pkg'
[0.379s] Level 1:colcon.colcon_core.package_identification:_identify(my_image_subscriber) by extensions ['colcon_meta']
[0.379s] Level 1:colcon.colcon_core.package_identification:_identify(my_image_subscriber) by extension 'colcon_meta'
[0.380s] Level 1:colcon.colcon_core.package_identification:_identify(my_image_subscriber) by extensions ['ros']
[0.380s] Level 1:colcon.colcon_core.package_identification:_identify(my_image_subscriber) by extension 'ros'
[0.383s] DEBUG:colcon.colcon_core.package_identification:Package 'my_image_subscriber' with type 'ros.ament_python' and name 'my_image_subscriber'
[0.383s] Level 1:colcon.colcon_core.package_identification:_identify(my_package) by extensions ['ignore', 'ignore_ament_install']
[0.383s] Level 1:colcon.colcon_core.package_identification:_identify(my_package) by extension 'ignore'
[0.384s] Level 1:colcon.colcon_core.package_identification:_identify(my_package) by extension 'ignore_ament_install'
[0.384s] Level 1:colcon.colcon_core.package_identification:_identify(my_package) by extensions ['colcon_pkg']
[0.384s] Level 1:colcon.colcon_core.package_identification:_identify(my_package) by extension 'colcon_pkg'
[0.384s] Level 1:colcon.colcon_core.package_identification:_identify(my_package) by extensions ['colcon_meta']
[0.384s] Level 1:colcon.colcon_core.package_identification:_identify(my_package) by extension 'colcon_meta'
[0.384s] Level 1:colcon.colcon_core.package_identification:_identify(my_package) by extensions ['ros']
[0.384s] Level 1:colcon.colcon_core.package_identification:_identify(my_package) by extension 'ros'
[0.384s] DEBUG:colcon.colcon_core.package_identification:Package 'my_package' with type 'ros.ament_python' and name 'my_package'
[0.385s] Level 1:colcon.colcon_core.package_identification:_identify(my_video_package) by extensions ['ignore', 'ignore_ament_install']
[0.385s] Level 1:colcon.colcon_core.package_identification:_identify(my_video_package) by extension 'ignore'
[0.385s] Level 1:colcon.colcon_core.package_identification:_identify(my_video_package) by extension 'ignore_ament_install'
[0.385s] Level 1:colcon.colcon_core.package_identification:_identify(my_video_package) by extensions ['colcon_pkg']
[0.385s] Level 1:colcon.colcon_core.package_identification:_identify(my_video_package) by extension 'colcon_pkg'
[0.385s] Level 1:colcon.colcon_core.package_identification:_identify(my_video_package) by extensions ['colcon_meta']
[0.385s] Level 1:colcon.colcon_core.package_identification:_identify(my_video_package) by extension 'colcon_meta'
[0.385s] Level 1:colcon.colcon_core.package_identification:_identify(my_video_package) by extensions ['ros']
[0.385s] Level 1:colcon.colcon_core.package_identification:_identify(my_video_package) by extension 'ros'
[0.386s] DEBUG:colcon.colcon_core.package_identification:Package 'my_video_package' with type 'ros.ament_python' and name 'my_video_package'
[0.386s] Level 1:colcon.colcon_core.package_discovery:discover_packages(recursive) using defaults
[0.386s] Level 1:colcon.colcon_core.package_discovery:discover_packages(ignore) discover
[0.386s] Level 1:colcon.colcon_core.package_discovery:discover_packages(ignore) using defaults
[0.386s] Level 1:colcon.colcon_core.package_discovery:discover_packages(path) discover
[0.386s] Level 1:colcon.colcon_core.package_discovery:discover_packages(path) using defaults
[0.426s] Level 1:colcon.colcon_core.package_discovery:discover_packages(prefix_path) check parameters
[0.426s] Level 1:colcon.colcon_core.package_discovery:discover_packages(prefix_path) discover
[0.427s] WARNING:colcon.colcon_ros.prefix_path.ament:The path '/home/rokey/1_ws/src/install/my_video_package' in the environment variable AMENT_PREFIX_PATH doesn't exist
[0.428s] WARNING:colcon.colcon_ros.prefix_path.ament:The path '/home/rokey/1_ws/src/install/my_package' in the environment variable AMENT_PREFIX_PATH doesn't exist
[0.428s] WARNING:colcon.colcon_ros.prefix_path.ament:The path '/home/rokey/1_ws/src/install/my_image_subscriber' in the environment variable AMENT_PREFIX_PATH doesn't exist
[0.429s] DEBUG:colcon.colcon_installed_package_information.package_discovery:Found 0 installed packages in /home/rokey/1_ws/src/install
[0.430s] DEBUG:colcon.colcon_installed_package_information.package_discovery:Found 2 installed packages in /home/rokey/1_ws/install
[0.432s] DEBUG:colcon.colcon_installed_package_information.package_discovery:Found 277 installed packages in /opt/ros/humble
[0.447s] Level 1:colcon.colcon_core.package_discovery:discover_packages(prefix_path) using defaults
[0.501s] Level 5:colcon.colcon_core.verb:set package 'my_image_subscriber' build argument 'cmake_args' from command line to 'None'
[0.501s] Level 5:colcon.colcon_core.verb:set package 'my_image_subscriber' build argument 'cmake_target' from command line to 'None'
[0.501s] Level 5:colcon.colcon_core.verb:set package 'my_image_subscriber' build argument 'cmake_target_skip_unavailable' from command line to 'False'
[0.501s] Level 5:colcon.colcon_core.verb:set package 'my_image_subscriber' build argument 'cmake_clean_cache' from command line to 'False'
[0.501s] Level 5:colcon.colcon_core.verb:set package 'my_image_subscriber' build argument 'cmake_clean_first' from command line to 'False'
[0.501s] Level 5:colcon.colcon_core.verb:set package 'my_image_subscriber' build argument 'cmake_force_configure' from command line to 'False'
[0.501s] Level 5:colcon.colcon_core.verb:set package 'my_image_subscriber' build argument 'ament_cmake_args' from command line to 'None'
[0.501s] Level 5:colcon.colcon_core.verb:set package 'my_image_subscriber' build argument 'catkin_cmake_args' from command line to 'None'
[0.501s] Level 5:colcon.colcon_core.verb:set package 'my_image_subscriber' build argument 'catkin_skip_building_tests' from command line to 'False'
[0.501s] DEBUG:colcon.colcon_core.verb:Building package 'my_image_subscriber' with the following arguments: {'ament_cmake_args': None, 'build_base': '/home/rokey/1_ws/src/build/my_image_subscriber', 'catkin_cmake_args': None, 'catkin_skip_building_tests': False, 'cmake_args': None, 'cmake_clean_cache': False, 'cmake_clean_first': False, 'cmake_force_configure': False, 'cmake_target': None, 'cmake_target_skip_unavailable': False, 'install_base': '/home/rokey/1_ws/src/install/my_image_subscriber', 'merge_install': False, 'path': '/home/rokey/1_ws/src/my_image_subscriber', 'symlink_install': False, 'test_result_base': None}
[0.501s] Level 5:colcon.colcon_core.verb:set package 'my_package' build argument 'cmake_args' from command line to 'None'
[0.501s] Level 5:colcon.colcon_core.verb:set package 'my_package' build argument 'cmake_target' from command line to 'None'
[0.501s] Level 5:colcon.colcon_core.verb:set package 'my_package' build argument 'cmake_target_skip_unavailable' from command line to 'False'
[0.501s] Level 5:colcon.colcon_core.verb:set package 'my_package' build argument 'cmake_clean_cache' from command line to 'False'
[0.501s] Level 5:colcon.colcon_core.verb:set package 'my_package' build argument 'cmake_clean_first' from command line to 'False'
[0.501s] Level 5:colcon.colcon_core.verb:set package 'my_package' build argument 'cmake_force_configure' from command line to 'False'
[0.501s] Level 5:colcon.colcon_core.verb:set package 'my_package' build argument 'ament_cmake_args' from command line to 'None'
[0.501s] Level 5:colcon.colcon_core.verb:set package 'my_package' build argument 'catkin_cmake_args' from command line to 'None'
[0.501s] Level 5:colcon.colcon_core.verb:set package 'my_package' build argument 'catkin_skip_building_tests' from command line to 'False'
[0.502s] DEBUG:colcon.colcon_core.verb:Building package 'my_package' with the following arguments: {'ament_cmake_args': None, 'build_base': '/home/rokey/1_ws/src/build/my_package', 'catkin_cmake_args': None, 'catkin_skip_building_tests': False, 'cmake_args': None, 'cmake_clean_cache': False, 'cmake_clean_first': False, 'cmake_force_configure': False, 'cmake_target': None, 'cmake_target_skip_unavailable': False, 'install_base': '/home/rokey/1_ws/src/install/my_package', 'merge_install': False, 'path': '/home/rokey/1_ws/src/my_package', 'symlink_install': False, 'test_result_base': None}
[0.502s] Level 5:colcon.colcon_core.verb:set package 'my_video_package' build argument 'cmake_args' from command line to 'None'
[0.502s] Level 5:colcon.colcon_core.verb:set package 'my_video_package' build argument 'cmake_target' from command line to 'None'
[0.502s] Level 5:colcon.colcon_core.verb:set package 'my_video_package' build argument 'cmake_target_skip_unavailable' from command line to 'False'
[0.502s] Level 5:colcon.colcon_core.verb:set package 'my_video_package' build argument 'cmake_clean_cache' from command line to 'False'
[0.502s] Level 5:colcon.colcon_core.verb:set package 'my_video_package' build argument 'cmake_clean_first' from command line to 'False'
[0.502s] Level 5:colcon.colcon_core.verb:set package 'my_video_package' build argument 'cmake_force_configure' from command line to 'False'
[0.502s] Level 5:colcon.colcon_core.verb:set package 'my_video_package' build argument 'ament_cmake_args' from command line to 'None'
[0.502s] Level 5:colcon.colcon_core.verb:set package 'my_video_package' build argument 'catkin_cmake_args' from command line to 'None'
[0.502s] Level 5:colcon.colcon_core.verb:set package 'my_video_package' build argument 'catkin_skip_building_tests' from command line to 'False'
[0.502s] DEBUG:colcon.colcon_core.verb:Building package 'my_video_package' with the following arguments: {'ament_cmake_args': None, 'build_base': '/home/rokey/1_ws/src/build/my_video_package', 'catkin_cmake_args': None, 'catkin_skip_building_tests': False, 'cmake_args': None, 'cmake_clean_cache': False, 'cmake_clean_first': False, 'cmake_force_configure': False, 'cmake_target': None, 'cmake_target_skip_unavailable': False, 'install_base': '/home/rokey/1_ws/src/install/my_video_package', 'merge_install': False, 'path': '/home/rokey/1_ws/src/my_video_package', 'symlink_install': False, 'test_result_base': None}
[0.502s] INFO:colcon.colcon_core.executor:Executing jobs using 'parallel' executor
[0.503s] DEBUG:colcon.colcon_parallel_executor.executor.parallel:run_until_complete
[0.503s] INFO:colcon.colcon_ros.task.ament_python.build:Building ROS package in '/home/rokey/1_ws/src/my_image_subscriber' with build type 'ament_python'
[0.503s] Level 1:colcon.colcon_core.shell:create_environment_hook('my_image_subscriber', 'ament_prefix_path')
[0.505s] INFO:colcon.colcon_core.plugin_system:Skipping extension 'colcon_core.shell.bat': Not used on non-Windows systems
[0.505s] INFO:colcon.colcon_core.shell:Creating environment hook '/home/rokey/1_ws/src/install/my_image_subscriber/share/my_image_subscriber/hook/ament_prefix_path.ps1'
[0.506s] INFO:colcon.colcon_core.shell:Creating environment descriptor '/home/rokey/1_ws/src/install/my_image_subscriber/share/my_image_subscriber/hook/ament_prefix_path.dsv'
[0.506s] INFO:colcon.colcon_core.shell:Creating environment hook '/home/rokey/1_ws/src/install/my_image_subscriber/share/my_image_subscriber/hook/ament_prefix_path.sh'
[0.507s] INFO:colcon.colcon_core.shell:Skip shell extension 'powershell' for command environment: Not usable outside of PowerShell
[0.507s] DEBUG:colcon.colcon_core.shell:Skip shell extension 'dsv' for command environment
[0.509s] INFO:colcon.colcon_ros.task.ament_python.build:Building ROS package in '/home/rokey/1_ws/src/my_package' with build type 'ament_python'
[0.509s] Level 1:colcon.colcon_core.shell:create_environment_hook('my_package', 'ament_prefix_path')
[0.510s] INFO:colcon.colcon_core.shell:Creating environment hook '/home/rokey/1_ws/src/install/my_package/share/my_package/hook/ament_prefix_path.ps1'
[0.510s] INFO:colcon.colcon_core.shell:Creating environment descriptor '/home/rokey/1_ws/src/install/my_package/share/my_package/hook/ament_prefix_path.dsv'
[0.510s] INFO:colcon.colcon_core.shell:Creating environment hook '/home/rokey/1_ws/src/install/my_package/share/my_package/hook/ament_prefix_path.sh'
[0.511s] INFO:colcon.colcon_core.shell:Skip shell extension 'powershell' for command environment: Not usable outside of PowerShell
[0.511s] DEBUG:colcon.colcon_core.shell:Skip shell extension 'dsv' for command environment
[0.513s] INFO:colcon.colcon_ros.task.ament_python.build:Building ROS package in '/home/rokey/1_ws/src/my_video_package' with build type 'ament_python'
[0.513s] Level 1:colcon.colcon_core.shell:create_environment_hook('my_video_package', 'ament_prefix_path')
[0.513s] INFO:colcon.colcon_core.shell:Creating environment hook '/home/rokey/1_ws/src/install/my_video_package/share/my_video_package/hook/ament_prefix_path.ps1'
[0.513s] INFO:colcon.colcon_core.shell:Creating environment descriptor '/home/rokey/1_ws/src/install/my_video_package/share/my_video_package/hook/ament_prefix_path.dsv'
[0.514s] INFO:colcon.colcon_core.shell:Creating environment hook '/home/rokey/1_ws/src/install/my_video_package/share/my_video_package/hook/ament_prefix_path.sh'
[0.514s] INFO:colcon.colcon_core.shell:Skip shell extension 'powershell' for command environment: Not usable outside of PowerShell
[0.514s] DEBUG:colcon.colcon_core.shell:Skip shell extension 'dsv' for command environment
[0.840s] WARNING:colcon.colcon_ros.task.ament_python.build:Package 'my_image_subscriber' doesn't explicitly install a marker in the package index (colcon-ros currently does it implicitly but that fallback will be removed in the future)
[0.840s] WARNING:colcon.colcon_ros.task.ament_python.build:Package 'my_image_subscriber' doesn't explicitly install the 'package.xml' file (colcon-ros currently does it implicitly but that fallback will be removed in the future)
[0.840s] INFO:colcon.colcon_core.task.python.build:Building Python package in '/home/rokey/1_ws/src/my_image_subscriber'
[0.841s] INFO:colcon.colcon_core.shell:Skip shell extension 'powershell' for command environment: Not usable outside of PowerShell
[0.841s] DEBUG:colcon.colcon_core.shell:Skip shell extension 'dsv' for command environment
[1.198s] INFO:colcon.colcon_core.task.python.build:Building Python package in '/home/rokey/1_ws/src/my_package'
[1.199s] INFO:colcon.colcon_core.shell:Skip shell extension 'powershell' for command environment: Not usable outside of PowerShell
[1.199s] DEBUG:colcon.colcon_core.shell:Skip shell extension 'dsv' for command environment
[1.576s] WARNING:colcon.colcon_ros.task.ament_python.build:Package 'my_video_package' doesn't explicitly install a marker in the package index (colcon-ros currently does it implicitly but that fallback will be removed in the future)
[1.576s] INFO:colcon.colcon_core.task.python.build:Building Python package in '/home/rokey/1_ws/src/my_video_package'
[1.577s] INFO:colcon.colcon_core.shell:Skip shell extension 'powershell' for command environment: Not usable outside of PowerShell
[1.577s] DEBUG:colcon.colcon_core.shell:Skip shell extension 'dsv' for command environment
[1.923s] DEBUG:colcon.colcon_core.event_handler.log_command:Invoking command in '/home/rokey/1_ws/src/my_package': PYTHONPATH=/home/rokey/1_ws/src/build/my_package/prefix_override:/usr/lib/python3/dist-packages/colcon_core/task/python/colcon_distutils_commands:/home/rokey/1_ws/src/install/my_package/lib/python3.10/site-packages:${PYTHONPATH} /usr/bin/python3 -W ignore:setup.py install is deprecated setup.py egg_info --egg-base ../build/my_package build --build-base /home/rokey/1_ws/src/build/my_package/build install --record /home/rokey/1_ws/src/build/my_package/install.log --single-version-externally-managed install_data
[1.945s] DEBUG:colcon.colcon_core.event_handler.log_command:Invoking command in '/home/rokey/1_ws/src/my_video_package': PYTHONPATH=/home/rokey/1_ws/src/build/my_video_package/prefix_override:/usr/lib/python3/dist-packages/colcon_core/task/python/colcon_distutils_commands:/home/rokey/1_ws/src/install/my_video_package/lib/python3.10/site-packages:${PYTHONPATH} /usr/bin/python3 -W ignore:setup.py install is deprecated setup.py egg_info --egg-base ../build/my_video_package build --build-base /home/rokey/1_ws/src/build/my_video_package/build install --record /home/rokey/1_ws/src/build/my_video_package/install.log --single-version-externally-managed install_data
[1.957s] DEBUG:colcon.colcon_core.event_handler.log_command:Invoking command in '/home/rokey/1_ws/src/my_image_subscriber': PYTHONPATH=/home/rokey/1_ws/src/build/my_image_subscriber/prefix_override:/usr/lib/python3/dist-packages/colcon_core/task/python/colcon_distutils_commands:/home/rokey/1_ws/src/install/my_image_subscriber/lib/python3.10/site-packages:${PYTHONPATH} /usr/bin/python3 -W ignore:setup.py install is deprecated setup.py egg_info --egg-base ../build/my_image_subscriber build --build-base /home/rokey/1_ws/src/build/my_image_subscriber/build install --record /home/rokey/1_ws/src/build/my_image_subscriber/install.log --single-version-externally-managed install_data
[2.222s] DEBUG:colcon.colcon_core.event_handler.log_command:Invoked command in '/home/rokey/1_ws/src/my_package' returned '0': PYTHONPATH=/home/rokey/1_ws/src/build/my_package/prefix_override:/usr/lib/python3/dist-packages/colcon_core/task/python/colcon_distutils_commands:/home/rokey/1_ws/src/install/my_package/lib/python3.10/site-packages:${PYTHONPATH} /usr/bin/python3 -W ignore:setup.py install is deprecated setup.py egg_info --egg-base ../build/my_package build --build-base /home/rokey/1_ws/src/build/my_package/build install --record /home/rokey/1_ws/src/build/my_package/install.log --single-version-externally-managed install_data
[2.224s] Level 1:colcon.colcon_core.environment:checking '/home/rokey/1_ws/src/install/my_package' for CMake module files
[2.224s] Level 1:colcon.colcon_core.environment:checking '/home/rokey/1_ws/src/install/my_package' for CMake config files
[2.225s] Level 1:colcon.colcon_core.environment:checking '/home/rokey/1_ws/src/install/my_package/lib'
[2.225s] Level 1:colcon.colcon_core.environment:checking '/home/rokey/1_ws/src/install/my_package/bin'
[2.225s] Level 1:colcon.colcon_core.environment:checking '/home/rokey/1_ws/src/install/my_package/lib/pkgconfig/my_package.pc'
[2.225s] Level 1:colcon.colcon_core.environment:checking '/home/rokey/1_ws/src/install/my_package/lib/python3.10/site-packages'
[2.225s] Level 1:colcon.colcon_core.shell:create_environment_hook('my_package', 'pythonpath')
[2.226s] INFO:colcon.colcon_core.shell:Creating environment hook '/home/rokey/1_ws/src/install/my_package/share/my_package/hook/pythonpath.ps1'
[2.226s] INFO:colcon.colcon_core.shell:Creating environment descriptor '/home/rokey/1_ws/src/install/my_package/share/my_package/hook/pythonpath.dsv'
[2.226s] INFO:colcon.colcon_core.shell:Creating environment hook '/home/rokey/1_ws/src/install/my_package/share/my_package/hook/pythonpath.sh'
[2.227s] Level 1:colcon.colcon_core.environment:checking '/home/rokey/1_ws/src/install/my_package/bin'
[2.227s] Level 1:colcon.colcon_core.environment:create_environment_scripts_only(my_package)
[2.227s] INFO:colcon.colcon_core.shell:Creating package script '/home/rokey/1_ws/src/install/my_package/share/my_package/package.ps1'
[2.228s] INFO:colcon.colcon_core.shell:Creating package descriptor '/home/rokey/1_ws/src/install/my_package/share/my_package/package.dsv'
[2.228s] INFO:colcon.colcon_core.shell:Creating package script '/home/rokey/1_ws/src/install/my_package/share/my_package/package.sh'
[2.229s] INFO:colcon.colcon_core.shell:Creating package script '/home/rokey/1_ws/src/install/my_package/share/my_package/package.bash'
[2.230s] INFO:colcon.colcon_core.shell:Creating package script '/home/rokey/1_ws/src/install/my_package/share/my_package/package.zsh'
[2.230s] Level 1:colcon.colcon_core.environment:create_file_with_runtime_dependencies(/home/rokey/1_ws/src/install/my_package/share/colcon-core/packages/my_package)
[2.378s] Level 1:colcon.colcon_core.environment:checking '/home/rokey/1_ws/src/install/my_video_package' for CMake module files
[2.379s] DEBUG:colcon.colcon_core.event_handler.log_command:Invoked command in '/home/rokey/1_ws/src/my_video_package' returned '0': PYTHONPATH=/home/rokey/1_ws/src/build/my_video_package/prefix_override:/usr/lib/python3/dist-packages/colcon_core/task/python/colcon_distutils_commands:/home/rokey/1_ws/src/install/my_video_package/lib/python3.10/site-packages:${PYTHONPATH} /usr/bin/python3 -W ignore:setup.py install is deprecated setup.py egg_info --egg-base ../build/my_video_package build --build-base /home/rokey/1_ws/src/build/my_video_package/build install --record /home/rokey/1_ws/src/build/my_video_package/install.log --single-version-externally-managed install_data
[2.379s] Level 1:colcon.colcon_core.environment:checking '/home/rokey/1_ws/src/install/my_video_package' for CMake config files
[2.380s] Level 1:colcon.colcon_core.environment:checking '/home/rokey/1_ws/src/install/my_video_package/lib'
[2.380s] Level 1:colcon.colcon_core.environment:checking '/home/rokey/1_ws/src/install/my_video_package/bin'
[2.380s] Level 1:colcon.colcon_core.environment:checking '/home/rokey/1_ws/src/install/my_video_package/lib/pkgconfig/my_video_package.pc'
[2.380s] Level 1:colcon.colcon_core.environment:checking '/home/rokey/1_ws/src/install/my_video_package/lib/python3.10/site-packages'
[2.380s] Level 1:colcon.colcon_core.shell:create_environment_hook('my_video_package', 'pythonpath')
[2.380s] INFO:colcon.colcon_core.shell:Creating environment hook '/home/rokey/1_ws/src/install/my_video_package/share/my_video_package/hook/pythonpath.ps1'
[2.381s] INFO:colcon.colcon_core.shell:Creating environment descriptor '/home/rokey/1_ws/src/install/my_video_package/share/my_video_package/hook/pythonpath.dsv'
[2.381s] INFO:colcon.colcon_core.shell:Creating environment hook '/home/rokey/1_ws/src/install/my_video_package/share/my_video_package/hook/pythonpath.sh'
[2.381s] Level 1:colcon.colcon_core.environment:checking '/home/rokey/1_ws/src/install/my_video_package/bin'
[2.381s] Level 1:colcon.colcon_core.environment:create_environment_scripts_only(my_video_package)
[2.382s] INFO:colcon.colcon_core.shell:Creating package script '/home/rokey/1_ws/src/install/my_video_package/share/my_video_package/package.ps1'
[2.382s] INFO:colcon.colcon_core.shell:Creating package descriptor '/home/rokey/1_ws/src/install/my_video_package/share/my_video_package/package.dsv'
[2.382s] INFO:colcon.colcon_core.shell:Creating package script '/home/rokey/1_ws/src/install/my_video_package/share/my_video_package/package.sh'
[2.383s] INFO:colcon.colcon_core.shell:Creating package script '/home/rokey/1_ws/src/install/my_video_package/share/my_video_package/package.bash'
[2.383s] INFO:colcon.colcon_core.shell:Creating package script '/home/rokey/1_ws/src/install/my_video_package/share/my_video_package/package.zsh'
[2.383s] Level 1:colcon.colcon_core.environment:create_file_with_runtime_dependencies(/home/rokey/1_ws/src/install/my_video_package/share/colcon-core/packages/my_video_package)
[2.396s] Level 1:colcon.colcon_core.environment:checking '/home/rokey/1_ws/src/install/my_image_subscriber' for CMake module files
[2.396s] DEBUG:colcon.colcon_core.event_handler.log_command:Invoked command in '/home/rokey/1_ws/src/my_image_subscriber' returned '0': PYTHONPATH=/home/rokey/1_ws/src/build/my_image_subscriber/prefix_override:/usr/lib/python3/dist-packages/colcon_core/task/python/colcon_distutils_commands:/home/rokey/1_ws/src/install/my_image_subscriber/lib/python3.10/site-packages:${PYTHONPATH} /usr/bin/python3 -W ignore:setup.py install is deprecated setup.py egg_info --egg-base ../build/my_image_subscriber build --build-base /home/rokey/1_ws/src/build/my_image_subscriber/build install --record /home/rokey/1_ws/src/build/my_image_subscriber/install.log --single-version-externally-managed install_data
[2.397s] Level 1:colcon.colcon_core.environment:checking '/home/rokey/1_ws/src/install/my_image_subscriber' for CMake config files
[2.397s] Level 1:colcon.colcon_core.environment:checking '/home/rokey/1_ws/src/install/my_image_subscriber/lib'
[2.397s] Level 1:colcon.colcon_core.environment:checking '/home/rokey/1_ws/src/install/my_image_subscriber/bin'
[2.397s] Level 1:colcon.colcon_core.environment:checking '/home/rokey/1_ws/src/install/my_image_subscriber/lib/pkgconfig/my_image_subscriber.pc'
[2.397s] Level 1:colcon.colcon_core.environment:checking '/home/rokey/1_ws/src/install/my_image_subscriber/lib/python3.10/site-packages'
[2.397s] Level 1:colcon.colcon_core.shell:create_environment_hook('my_image_subscriber', 'pythonpath')
[2.398s] INFO:colcon.colcon_core.shell:Creating environment hook '/home/rokey/1_ws/src/install/my_image_subscriber/share/my_image_subscriber/hook/pythonpath.ps1'
[2.398s] INFO:colcon.colcon_core.shell:Creating environment descriptor '/home/rokey/1_ws/src/install/my_image_subscriber/share/my_image_subscriber/hook/pythonpath.dsv'
[2.398s] INFO:colcon.colcon_core.shell:Creating environment hook '/home/rokey/1_ws/src/install/my_image_subscriber/share/my_image_subscriber/hook/pythonpath.sh'
[2.399s] Level 1:colcon.colcon_core.environment:checking '/home/rokey/1_ws/src/install/my_image_subscriber/bin'
[2.399s] Level 1:colcon.colcon_core.environment:create_environment_scripts_only(my_image_subscriber)
[2.399s] INFO:colcon.colcon_core.shell:Creating package script '/home/rokey/1_ws/src/install/my_image_subscriber/share/my_image_subscriber/package.ps1'
[2.399s] INFO:colcon.colcon_core.shell:Creating package descriptor '/home/rokey/1_ws/src/install/my_image_subscriber/share/my_image_subscriber/package.dsv'
[2.400s] INFO:colcon.colcon_core.shell:Creating package script '/home/rokey/1_ws/src/install/my_image_subscriber/share/my_image_subscriber/package.sh'
[2.400s] INFO:colcon.colcon_core.shell:Creating package script '/home/rokey/1_ws/src/install/my_image_subscriber/share/my_image_subscriber/package.bash'
[2.400s] INFO:colcon.colcon_core.shell:Creating package script '/home/rokey/1_ws/src/install/my_image_subscriber/share/my_image_subscriber/package.zsh'
[2.400s] Level 1:colcon.colcon_core.environment:create_file_with_runtime_dependencies(/home/rokey/1_ws/src/install/my_image_subscriber/share/colcon-core/packages/my_image_subscriber)
[2.400s] DEBUG:colcon.colcon_parallel_executor.executor.parallel:closing loop
[2.401s] DEBUG:colcon.colcon_parallel_executor.executor.parallel:loop closed
[2.401s] DEBUG:colcon.colcon_parallel_executor.executor.parallel:run_until_complete finished with '0'
[2.401s] DEBUG:colcon.colcon_core.event_reactor:joining thread
[2.405s] INFO:colcon.colcon_core.plugin_system:Skipping extension 'colcon_notification.desktop_notification.terminal_notifier': Not used on non-Darwin systems
[2.405s] INFO:colcon.colcon_core.plugin_system:Skipping extension 'colcon_notification.desktop_notification.win32': Not used on non-Windows systems
[2.405s] INFO:colcon.colcon_notification.desktop_notification:Sending desktop notification using 'notify2'
[2.417s] DEBUG:colcon.colcon_core.event_reactor:joined thread
[2.417s] INFO:colcon.colcon_core.shell:Creating prefix script '/home/rokey/1_ws/src/install/local_setup.ps1'
[2.419s] INFO:colcon.colcon_core.shell:Creating prefix util module '/home/rokey/1_ws/src/install/_local_setup_util_ps1.py'
[2.421s] INFO:colcon.colcon_core.shell:Creating prefix chain script '/home/rokey/1_ws/src/install/setup.ps1'
[2.422s] INFO:colcon.colcon_core.shell:Creating prefix script '/home/rokey/1_ws/src/install/local_setup.sh'
[2.423s] INFO:colcon.colcon_core.shell:Creating prefix util module '/home/rokey/1_ws/src/install/_local_setup_util_sh.py'
[2.424s] INFO:colcon.colcon_core.shell:Creating prefix chain script '/home/rokey/1_ws/src/install/setup.sh'
[2.425s] INFO:colcon.colcon_core.shell:Creating prefix script '/home/rokey/1_ws/src/install/local_setup.bash'
[2.430s] INFO:colcon.colcon_core.shell:Creating prefix chain script '/home/rokey/1_ws/src/install/setup.bash'
[2.431s] INFO:colcon.colcon_core.shell:Creating prefix script '/home/rokey/1_ws/src/install/local_setup.zsh'
[2.432s] INFO:colcon.colcon_core.shell:Creating prefix chain script '/home/rokey/1_ws/src/install/setup.zsh'
