running egg_info
creating ../build/my_video_package/my_video_package.egg-info
writing ../build/my_video_package/my_video_package.egg-info/PKG-INFO
writing dependency_links to ../build/my_video_package/my_video_package.egg-info/dependency_links.txt
writing entry points to ../build/my_video_package/my_video_package.egg-info/entry_points.txt
writing requirements to ../build/my_video_package/my_video_package.egg-info/requires.txt
writing top-level names to ../build/my_video_package/my_video_package.egg-info/top_level.txt
writing manifest file '../build/my_video_package/my_video_package.egg-info/SOURCES.txt'
reading manifest file '../build/my_video_package/my_video_package.egg-info/SOURCES.txt'
writing manifest file '../build/my_video_package/my_video_package.egg-info/SOURCES.txt'
running build
running build_py
creating /home/rokey/1_ws/src/build/my_video_package/build/lib/my_video_package
copying my_video_package/video_capture_node.py -> /home/rokey/1_ws/src/build/my_video_package/build/lib/my_video_package
copying my_video_package/__init__.py -> /home/rokey/1_ws/src/build/my_video_package/build/lib/my_video_package
running install
running install_lib
creating /home/rokey/1_ws/src/install/my_video_package/lib/python3.10/site-packages/my_video_package
copying /home/rokey/1_ws/src/build/my_video_package/build/lib/my_video_package/video_capture_node.py -> /home/rokey/1_ws/src/install/my_video_package/lib/python3.10/site-packages/my_video_package
copying /home/rokey/1_ws/src/build/my_video_package/build/lib/my_video_package/__init__.py -> /home/rokey/1_ws/src/install/my_video_package/lib/python3.10/site-packages/my_video_package
byte-compiling /home/rokey/1_ws/src/install/my_video_package/lib/python3.10/site-packages/my_video_package/video_capture_node.py to video_capture_node.cpython-310.pyc
byte-compiling /home/rokey/1_ws/src/install/my_video_package/lib/python3.10/site-packages/my_video_package/__init__.py to __init__.cpython-310.pyc
running install_data
copying package.xml -> /home/rokey/1_ws/src/install/my_video_package/share/my_video_package
running install_egg_info
Copying ../build/my_video_package/my_video_package.egg-info to /home/rokey/1_ws/src/install/my_video_package/lib/python3.10/site-packages/my_video_package-0.0.0-py3.10.egg-info
running install_scripts
Installing video_capture_node script to /home/rokey/1_ws/src/install/my_video_package/lib/my_video_package
writing list of installed files to '/home/rokey/1_ws/src/build/my_video_package/install.log'
