[2.224s] Invoking command in '/home/rokey/1_ws/src/my_video_package': PYTHONPATH=/home/rokey/1_ws/src/build/my_video_package/prefix_override:/usr/lib/python3/dist-packages/colcon_core/task/python/colcon_distutils_commands:/home/rokey/1_ws/src/install/my_video_package/lib/python3.10/site-packages:${PYTHONPATH} /usr/bin/python3 -W ignore:setup.py install is deprecated setup.py egg_info --egg-base ../build/my_video_package build --build-base /home/rokey/1_ws/src/build/my_video_package/build install --record /home/rokey/1_ws/src/build/my_video_package/install.log --single-version-externally-managed install_data
[2.627s] running egg_info
[2.648s] creating ../build/my_video_package/my_video_package.egg-info
[2.648s] writing ../build/my_video_package/my_video_package.egg-info/PKG-INFO
[2.648s] writing dependency_links to ../build/my_video_package/my_video_package.egg-info/dependency_links.txt
[2.648s] writing entry points to ../build/my_video_package/my_video_package.egg-info/entry_points.txt
[2.649s] writing requirements to ../build/my_video_package/my_video_package.egg-info/requires.txt
[2.649s] writing top-level names to ../build/my_video_package/my_video_package.egg-info/top_level.txt
[2.649s] writing manifest file '../build/my_video_package/my_video_package.egg-info/SOURCES.txt'
[2.693s] reading manifest file '../build/my_video_package/my_video_package.egg-info/SOURCES.txt'
[2.694s] writing manifest file '../build/my_video_package/my_video_package.egg-info/SOURCES.txt'
[2.694s] running build
[2.694s] running build_py
[2.694s] creating /home/rokey/1_ws/src/build/my_video_package/build/lib/my_video_package
[2.695s] copying my_video_package/video_capture_node.py -> /home/rokey/1_ws/src/build/my_video_package/build/lib/my_video_package
[2.695s] copying my_video_package/__init__.py -> /home/rokey/1_ws/src/build/my_video_package/build/lib/my_video_package
[2.695s] running install
[2.701s] running install_lib
[2.722s] creating /home/rokey/1_ws/src/install/my_video_package/lib/python3.10/site-packages/my_video_package
[2.722s] copying /home/rokey/1_ws/src/build/my_video_package/build/lib/my_video_package/video_capture_node.py -> /home/rokey/1_ws/src/install/my_video_package/lib/python3.10/site-packages/my_video_package
[2.722s] copying /home/rokey/1_ws/src/build/my_video_package/build/lib/my_video_package/__init__.py -> /home/rokey/1_ws/src/install/my_video_package/lib/python3.10/site-packages/my_video_package
[2.723s] byte-compiling /home/rokey/1_ws/src/install/my_video_package/lib/python3.10/site-packages/my_video_package/video_capture_node.py to video_capture_node.cpython-310.pyc
[2.724s] byte-compiling /home/rokey/1_ws/src/install/my_video_package/lib/python3.10/site-packages/my_video_package/__init__.py to __init__.cpython-310.pyc
[2.724s] running install_data
[2.725s] copying package.xml -> /home/rokey/1_ws/src/install/my_video_package/share/my_video_package
[2.725s] running install_egg_info
[2.748s] Copying ../build/my_video_package/my_video_package.egg-info to /home/rokey/1_ws/src/install/my_video_package/lib/python3.10/site-packages/my_video_package-0.0.0-py3.10.egg-info
[2.749s] running install_scripts
[3.012s] Installing video_capture_node script to /home/rokey/1_ws/src/install/my_video_package/lib/my_video_package
[3.013s] writing list of installed files to '/home/rokey/1_ws/src/build/my_video_package/install.log'
[3.091s] Invoked command in '/home/rokey/1_ws/src/my_video_package' returned '0': PYTHONPATH=/home/rokey/1_ws/src/build/my_video_package/prefix_override:/usr/lib/python3/dist-packages/colcon_core/task/python/colcon_distutils_commands:/home/rokey/1_ws/src/install/my_video_package/lib/python3.10/site-packages:${PYTHONPATH} /usr/bin/python3 -W ignore:setup.py install is deprecated setup.py egg_info --egg-base ../build/my_video_package build --build-base /home/rokey/1_ws/src/build/my_video_package/build install --record /home/rokey/1_ws/src/build/my_video_package/install.log --single-version-externally-managed install_data
