[1.044s] Invoking command in '/home/rokey/1_ws/src/my_package': PYTHONPATH=/home/rokey/1_ws/src/build/my_package/prefix_override:/usr/lib/python3/dist-packages/colcon_core/task/python/colcon_distutils_commands:/home/rokey/1_ws/src/install/my_package/lib/python3.10/site-packages:${PYTHONPATH} /usr/bin/python3 -W ignore:setup.py install is deprecated setup.py egg_info --egg-base ../build/my_package build --build-base /home/rokey/1_ws/src/build/my_package/build install --record /home/rokey/1_ws/src/build/my_package/install.log --single-version-externally-managed install_data
[1.296s] running egg_info
[1.296s] writing ../build/my_package/my_package.egg-info/PKG-INFO
[1.300s] writing dependency_links to ../build/my_package/my_package.egg-info/dependency_links.txt
[1.300s] writing entry points to ../build/my_package/my_package.egg-info/entry_points.txt
[1.300s] writing requirements to ../build/my_package/my_package.egg-info/requires.txt
[1.300s] writing top-level names to ../build/my_package/my_package.egg-info/top_level.txt
[1.300s] reading manifest file '../build/my_package/my_package.egg-info/SOURCES.txt'
[1.300s] writing manifest file '../build/my_package/my_package.egg-info/SOURCES.txt'
[1.300s] running build
[1.300s] running build_py
[1.300s] running install
[1.301s] running install_lib
[1.304s] running install_data
[1.304s] running install_egg_info
[1.304s] removing '/home/rokey/1_ws/src/install/my_package/lib/python3.10/site-packages/my_package-0.0.0-py3.10.egg-info' (and everything under it)
[1.304s] Copying ../build/my_package/my_package.egg-info to /home/rokey/1_ws/src/install/my_package/lib/python3.10/site-packages/my_package-0.0.0-py3.10.egg-info
[1.304s] running install_scripts
[1.327s] Installing publisher script to /home/rokey/1_ws/src/install/my_package/lib/my_package
[1.327s] Installing subscriber script to /home/rokey/1_ws/src/install/my_package/lib/my_package
[1.328s] writing list of installed files to '/home/rokey/1_ws/src/build/my_package/install.log'
[1.352s] Invoked command in '/home/rokey/1_ws/src/my_package' returned '0': PYTHONPATH=/home/rokey/1_ws/src/build/my_package/prefix_override:/usr/lib/python3/dist-packages/colcon_core/task/python/colcon_distutils_commands:/home/rokey/1_ws/src/install/my_package/lib/python3.10/site-packages:${PYTHONPATH} /usr/bin/python3 -W ignore:setup.py install is deprecated setup.py egg_info --egg-base ../build/my_package build --build-base /home/rokey/1_ws/src/build/my_package/build install --record /home/rokey/1_ws/src/build/my_package/install.log --single-version-externally-managed install_data
