[1.414s] Invoking command in '/home/rokey/1_ws/src/my_video_package': PYTHONPATH=/home/rokey/1_ws/src/build/my_video_package/prefix_override:/usr/lib/python3/dist-packages/colcon_core/task/python/colcon_distutils_commands:/home/rokey/1_ws/src/install/my_video_package/lib/python3.10/site-packages:${PYTHONPATH} /usr/bin/python3 -W ignore:setup.py install is deprecated setup.py egg_info --egg-base ../build/my_video_package build --build-base /home/rokey/1_ws/src/build/my_video_package/build install --record /home/rokey/1_ws/src/build/my_video_package/install.log --single-version-externally-managed install_data
[1.711s] running egg_info
[1.711s] writing ../build/my_video_package/my_video_package.egg-info/PKG-INFO
[1.711s] writing dependency_links to ../build/my_video_package/my_video_package.egg-info/dependency_links.txt
[1.711s] writing entry points to ../build/my_video_package/my_video_package.egg-info/entry_points.txt
[1.711s] writing requirements to ../build/my_video_package/my_video_package.egg-info/requires.txt
[1.711s] writing top-level names to ../build/my_video_package/my_video_package.egg-info/top_level.txt
[1.711s] reading manifest file '../build/my_video_package/my_video_package.egg-info/SOURCES.txt'
[1.711s] writing manifest file '../build/my_video_package/my_video_package.egg-info/SOURCES.txt'
[1.711s] running build
[1.712s] running build_py
[1.712s] running install
[1.712s] running install_lib
[1.715s] running install_data
[1.715s] running install_egg_info
[1.715s] removing '/home/rokey/1_ws/src/install/my_video_package/lib/python3.10/site-packages/my_video_package-0.0.0-py3.10.egg-info' (and everything under it)
[1.715s] Copying ../build/my_video_package/my_video_package.egg-info to /home/rokey/1_ws/src/install/my_video_package/lib/python3.10/site-packages/my_video_package-0.0.0-py3.10.egg-info
[1.719s] running install_scripts
[1.739s] Installing video_capture_node script to /home/rokey/1_ws/src/install/my_video_package/lib/my_video_package
[1.739s] writing list of installed files to '/home/rokey/1_ws/src/build/my_video_package/install.log'
[1.775s] Invoked command in '/home/rokey/1_ws/src/my_video_package' returned '0': PYTHONPATH=/home/rokey/1_ws/src/build/my_video_package/prefix_override:/usr/lib/python3/dist-packages/colcon_core/task/python/colcon_distutils_commands:/home/rokey/1_ws/src/install/my_video_package/lib/python3.10/site-packages:${PYTHONPATH} /usr/bin/python3 -W ignore:setup.py install is deprecated setup.py egg_info --egg-base ../build/my_video_package build --build-base /home/rokey/1_ws/src/build/my_video_package/build install --record /home/rokey/1_ws/src/build/my_video_package/install.log --single-version-externally-managed install_data
