[0.157s] DEBUG:colcon:Command line arguments: ['/usr/bin/colcon', 'build']
[0.157s] DEBUG:colcon:Parsed command line arguments: Namespace(log_base=None, log_level=None, verb_name='build', build_base='build', install_base='install', merge_install=False, symlink_install=False, test_result_base=None, continue_on_error=False, executor='parallel', parallel_workers=8, event_handlers=None, ignore_user_meta=False, metas=['./colcon.meta'], base_paths=['.'], packages_ignore=None, packages_ignore_regex=None, paths=None, packages_up_to=None, packages_up_to_regex=None, packages_above=None, packages_above_and_dependencies=None, packages_above_depth=None, packages_select_by_dep=None, packages_skip_by_dep=None, packages_skip_up_to=None, packages_select_build_failed=False, packages_skip_build_finished=False, packages_select_test_failures=False, packages_skip_test_passed=False, packages_select=None, packages_skip=None, packages_select_regex=None, packages_skip_regex=None, packages_start=None, packages_end=None, allow_overriding=[], cmake_args=None, cmake_target=None, cmake_target_skip_unavailable=False, cmake_clean_cache=False, cmake_clean_first=False, cmake_force_configure=False, ament_cmake_args=None, catkin_cmake_args=None, catkin_skip_building_tests=False, verb_parser=<colcon_defaults.argument_parser.defaults.DefaultArgumentsDecorator object at 0x7f98fe919090>, verb_extension=<colcon_core.verb.build.BuildVerb object at 0x7f98fea39c90>, main=<bound method BuildVerb.main of <colcon_core.verb.build.BuildVerb object at 0x7f98fea39c90>>)
[0.402s] Level 1:colcon.colcon_core.package_discovery:discover_packages(colcon_meta) check parameters
[0.402s] Level 1:colcon.colcon_core.package_discovery:discover_packages(recursive) check parameters
[0.402s] Level 1:colcon.colcon_core.package_discovery:discover_packages(ignore) check parameters
[0.402s] Level 1:colcon.colcon_core.package_discovery:discover_packages(path) check parameters
[0.402s] Level 1:colcon.colcon_core.package_discovery:discover_packages(colcon_meta) discover
[0.403s] Level 1:colcon.colcon_core.package_discovery:discover_packages(recursive) discover
[0.403s] INFO:colcon.colcon_core.package_discovery:Crawling recursively for packages in '/home/rokey/1_ws/src'
[0.403s] Level 1:colcon.colcon_core.package_identification:_identify(.) by extensions ['ignore', 'ignore_ament_install']
[0.403s] Level 1:colcon.colcon_core.package_identification:_identify(.) by extension 'ignore'
[0.403s] Level 1:colcon.colcon_core.package_identification:_identify(.) by extension 'ignore_ament_install'
[0.403s] Level 1:colcon.colcon_core.package_identification:_identify(.) by extensions ['colcon_pkg']
[0.403s] Level 1:colcon.colcon_core.package_identification:_identify(.) by extension 'colcon_pkg'
[0.403s] Level 1:colcon.colcon_core.package_identification:_identify(.) by extensions ['colcon_meta']
[0.403s] Level 1:colcon.colcon_core.package_identification:_identify(.) by extension 'colcon_meta'
[0.403s] Level 1:colcon.colcon_core.package_identification:_identify(.) by extensions ['ros']
[0.403s] Level 1:colcon.colcon_core.package_identification:_identify(.) by extension 'ros'
[0.413s] Level 1:colcon.colcon_core.package_identification:_identify(.) by extensions ['cmake', 'python']
[0.413s] Level 1:colcon.colcon_core.package_identification:_identify(.) by extension 'cmake'
[0.413s] Level 1:colcon.colcon_core.package_identification:_identify(.) by extension 'python'
[0.413s] Level 1:colcon.colcon_core.package_identification:_identify(.) by extensions ['python_setup_py']
[0.413s] Level 1:colcon.colcon_core.package_identification:_identify(.) by extension 'python_setup_py'
[0.413s] Level 1:colcon.colcon_core.package_identification:_identify(build) by extensions ['ignore', 'ignore_ament_install']
[0.413s] Level 1:colcon.colcon_core.package_identification:_identify(build) by extension 'ignore'
[0.413s] Level 1:colcon.colcon_core.package_identification:_identify(build) ignored
[0.413s] Level 1:colcon.colcon_core.package_identification:_identify(install) by extensions ['ignore', 'ignore_ament_install']
[0.413s] Level 1:colcon.colcon_core.package_identification:_identify(install) by extension 'ignore'
[0.413s] Level 1:colcon.colcon_core.package_identification:_identify(install) ignored
[0.414s] Level 1:colcon.colcon_core.package_identification:_identify(log) by extensions ['ignore', 'ignore_ament_install']
[0.414s] Level 1:colcon.colcon_core.package_identification:_identify(log) by extension 'ignore'
[0.414s] Level 1:colcon.colcon_core.package_identification:_identify(log) ignored
[0.414s] Level 1:colcon.colcon_core.package_identification:_identify(my_image_subscriber) by extensions ['ignore', 'ignore_ament_install']
[0.414s] Level 1:colcon.colcon_core.package_identification:_identify(my_image_subscriber) by extension 'ignore'
[0.414s] Level 1:colcon.colcon_core.package_identification:_identify(my_image_subscriber) by extension 'ignore_ament_install'
[0.414s] Level 1:colcon.colcon_core.package_identification:_identify(my_image_subscriber) by extensions ['colcon_pkg']
[0.414s] Level 1:colcon.colcon_core.package_identification:_identify(my_image_subscriber) by extension 'colcon_pkg'
[0.414s] Level 1:colcon.colcon_core.package_identification:_identify(my_image_subscriber) by extensions ['colcon_meta']
[0.414s] Level 1:colcon.colcon_core.package_identification:_identify(my_image_subscriber) by extension 'colcon_meta'
[0.414s] Level 1:colcon.colcon_core.package_identification:_identify(my_image_subscriber) by extensions ['ros']
[0.414s] Level 1:colcon.colcon_core.package_identification:_identify(my_image_subscriber) by extension 'ros'
[0.416s] DEBUG:colcon.colcon_core.package_identification:Package 'my_image_subscriber' with type 'ros.ament_python' and name 'my_image_subscriber'
[0.416s] Level 1:colcon.colcon_core.package_identification:_identify(my_package) by extensions ['ignore', 'ignore_ament_install']
[0.416s] Level 1:colcon.colcon_core.package_identification:_identify(my_package) by extension 'ignore'
[0.416s] Level 1:colcon.colcon_core.package_identification:_identify(my_package) by extension 'ignore_ament_install'
[0.416s] Level 1:colcon.colcon_core.package_identification:_identify(my_package) by extensions ['colcon_pkg']
[0.416s] Level 1:colcon.colcon_core.package_identification:_identify(my_package) by extension 'colcon_pkg'
[0.417s] Level 1:colcon.colcon_core.package_identification:_identify(my_package) by extensions ['colcon_meta']
[0.417s] Level 1:colcon.colcon_core.package_identification:_identify(my_package) by extension 'colcon_meta'
[0.417s] Level 1:colcon.colcon_core.package_identification:_identify(my_package) by extensions ['ros']
[0.417s] Level 1:colcon.colcon_core.package_identification:_identify(my_package) by extension 'ros'
[0.417s] DEBUG:colcon.colcon_core.package_identification:Package 'my_package' with type 'ros.ament_python' and name 'my_package'
[0.418s] Level 1:colcon.colcon_core.package_identification:_identify(my_video_package) by extensions ['ignore', 'ignore_ament_install']
[0.418s] Level 1:colcon.colcon_core.package_identification:_identify(my_video_package) by extension 'ignore'
[0.418s] Level 1:colcon.colcon_core.package_identification:_identify(my_video_package) by extension 'ignore_ament_install'
[0.418s] Level 1:colcon.colcon_core.package_identification:_identify(my_video_package) by extensions ['colcon_pkg']
[0.418s] Level 1:colcon.colcon_core.package_identification:_identify(my_video_package) by extension 'colcon_pkg'
[0.418s] Level 1:colcon.colcon_core.package_identification:_identify(my_video_package) by extensions ['colcon_meta']
[0.418s] Level 1:colcon.colcon_core.package_identification:_identify(my_video_package) by extension 'colcon_meta'
[0.418s] Level 1:colcon.colcon_core.package_identification:_identify(my_video_package) by extensions ['ros']
[0.418s] Level 1:colcon.colcon_core.package_identification:_identify(my_video_package) by extension 'ros'
[0.419s] DEBUG:colcon.colcon_core.package_identification:Package 'my_video_package' with type 'ros.ament_python' and name 'my_video_package'
[0.419s] Level 1:colcon.colcon_core.package_discovery:discover_packages(recursive) using defaults
[0.420s] Level 1:colcon.colcon_core.package_discovery:discover_packages(ignore) discover
[0.420s] Level 1:colcon.colcon_core.package_discovery:discover_packages(ignore) using defaults
[0.420s] Level 1:colcon.colcon_core.package_discovery:discover_packages(path) discover
[0.420s] Level 1:colcon.colcon_core.package_discovery:discover_packages(path) using defaults
[0.449s] Level 1:colcon.colcon_core.package_discovery:discover_packages(prefix_path) check parameters
[0.449s] Level 1:colcon.colcon_core.package_discovery:discover_packages(prefix_path) discover
[0.451s] DEBUG:colcon.colcon_installed_package_information.package_discovery:Found 3 installed packages in /home/rokey/1_ws/src/install
[0.452s] DEBUG:colcon.colcon_installed_package_information.package_discovery:Found 2 installed packages in /home/rokey/1_ws/install
[0.454s] DEBUG:colcon.colcon_installed_package_information.package_discovery:Found 277 installed packages in /opt/ros/humble
[0.470s] Level 1:colcon.colcon_core.package_discovery:discover_packages(prefix_path) using defaults
[0.514s] Level 5:colcon.colcon_core.verb:set package 'my_image_subscriber' build argument 'cmake_args' from command line to 'None'
[0.514s] Level 5:colcon.colcon_core.verb:set package 'my_image_subscriber' build argument 'cmake_target' from command line to 'None'
[0.514s] Level 5:colcon.colcon_core.verb:set package 'my_image_subscriber' build argument 'cmake_target_skip_unavailable' from command line to 'False'
[0.514s] Level 5:colcon.colcon_core.verb:set package 'my_image_subscriber' build argument 'cmake_clean_cache' from command line to 'False'
[0.514s] Level 5:colcon.colcon_core.verb:set package 'my_image_subscriber' build argument 'cmake_clean_first' from command line to 'False'
[0.514s] Level 5:colcon.colcon_core.verb:set package 'my_image_subscriber' build argument 'cmake_force_configure' from command line to 'False'
[0.514s] Level 5:colcon.colcon_core.verb:set package 'my_image_subscriber' build argument 'ament_cmake_args' from command line to 'None'
[0.514s] Level 5:colcon.colcon_core.verb:set package 'my_image_subscriber' build argument 'catkin_cmake_args' from command line to 'None'
[0.514s] Level 5:colcon.colcon_core.verb:set package 'my_image_subscriber' build argument 'catkin_skip_building_tests' from command line to 'False'
[0.515s] DEBUG:colcon.colcon_core.verb:Building package 'my_image_subscriber' with the following arguments: {'ament_cmake_args': None, 'build_base': '/home/rokey/1_ws/src/build/my_image_subscriber', 'catkin_cmake_args': None, 'catkin_skip_building_tests': False, 'cmake_args': None, 'cmake_clean_cache': False, 'cmake_clean_first': False, 'cmake_force_configure': False, 'cmake_target': None, 'cmake_target_skip_unavailable': False, 'install_base': '/home/rokey/1_ws/src/install/my_image_subscriber', 'merge_install': False, 'path': '/home/rokey/1_ws/src/my_image_subscriber', 'symlink_install': False, 'test_result_base': None}
[0.515s] Level 5:colcon.colcon_core.verb:set package 'my_package' build argument 'cmake_args' from command line to 'None'
[0.515s] Level 5:colcon.colcon_core.verb:set package 'my_package' build argument 'cmake_target' from command line to 'None'
[0.515s] Level 5:colcon.colcon_core.verb:set package 'my_package' build argument 'cmake_target_skip_unavailable' from command line to 'False'
[0.515s] Level 5:colcon.colcon_core.verb:set package 'my_package' build argument 'cmake_clean_cache' from command line to 'False'
[0.515s] Level 5:colcon.colcon_core.verb:set package 'my_package' build argument 'cmake_clean_first' from command line to 'False'
[0.515s] Level 5:colcon.colcon_core.verb:set package 'my_package' build argument 'cmake_force_configure' from command line to 'False'
[0.515s] Level 5:colcon.colcon_core.verb:set package 'my_package' build argument 'ament_cmake_args' from command line to 'None'
[0.515s] Level 5:colcon.colcon_core.verb:set package 'my_package' build argument 'catkin_cmake_args' from command line to 'None'
[0.515s] Level 5:colcon.colcon_core.verb:set package 'my_package' build argument 'catkin_skip_building_tests' from command line to 'False'
[0.515s] DEBUG:colcon.colcon_core.verb:Building package 'my_package' with the following arguments: {'ament_cmake_args': None, 'build_base': '/home/rokey/1_ws/src/build/my_package', 'catkin_cmake_args': None, 'catkin_skip_building_tests': False, 'cmake_args': None, 'cmake_clean_cache': False, 'cmake_clean_first': False, 'cmake_force_configure': False, 'cmake_target': None, 'cmake_target_skip_unavailable': False, 'install_base': '/home/rokey/1_ws/src/install/my_package', 'merge_install': False, 'path': '/home/rokey/1_ws/src/my_package', 'symlink_install': False, 'test_result_base': None}
[0.516s] Level 5:colcon.colcon_core.verb:set package 'my_video_package' build argument 'cmake_args' from command line to 'None'
[0.516s] Level 5:colcon.colcon_core.verb:set package 'my_video_package' build argument 'cmake_target' from command line to 'None'
[0.516s] Level 5:colcon.colcon_core.verb:set package 'my_video_package' build argument 'cmake_target_skip_unavailable' from command line to 'False'
[0.516s] Level 5:colcon.colcon_core.verb:set package 'my_video_package' build argument 'cmake_clean_cache' from command line to 'False'
[0.516s] Level 5:colcon.colcon_core.verb:set package 'my_video_package' build argument 'cmake_clean_first' from command line to 'False'
[0.516s] Level 5:colcon.colcon_core.verb:set package 'my_video_package' build argument 'cmake_force_configure' from command line to 'False'
[0.516s] Level 5:colcon.colcon_core.verb:set package 'my_video_package' build argument 'ament_cmake_args' from command line to 'None'
[0.516s] Level 5:colcon.colcon_core.verb:set package 'my_video_package' build argument 'catkin_cmake_args' from command line to 'None'
[0.516s] Level 5:colcon.colcon_core.verb:set package 'my_video_package' build argument 'catkin_skip_building_tests' from command line to 'False'
[0.516s] DEBUG:colcon.colcon_core.verb:Building package 'my_video_package' with the following arguments: {'ament_cmake_args': None, 'build_base': '/home/rokey/1_ws/src/build/my_video_package', 'catkin_cmake_args': None, 'catkin_skip_building_tests': False, 'cmake_args': None, 'cmake_clean_cache': False, 'cmake_clean_first': False, 'cmake_force_configure': False, 'cmake_target': None, 'cmake_target_skip_unavailable': False, 'install_base': '/home/rokey/1_ws/src/install/my_video_package', 'merge_install': False, 'path': '/home/rokey/1_ws/src/my_video_package', 'symlink_install': False, 'test_result_base': None}
[0.516s] INFO:colcon.colcon_core.executor:Executing jobs using 'parallel' executor
[0.518s] DEBUG:colcon.colcon_parallel_executor.executor.parallel:run_until_complete
[0.518s] INFO:colcon.colcon_ros.task.ament_python.build:Building ROS package in '/home/rokey/1_ws/src/my_image_subscriber' with build type 'ament_python'
[0.519s] Level 1:colcon.colcon_core.shell:create_environment_hook('my_image_subscriber', 'ament_prefix_path')
[0.521s] INFO:colcon.colcon_core.plugin_system:Skipping extension 'colcon_core.shell.bat': Not used on non-Windows systems
[0.521s] INFO:colcon.colcon_core.shell:Creating environment hook '/home/rokey/1_ws/src/install/my_image_subscriber/share/my_image_subscriber/hook/ament_prefix_path.ps1'
[0.522s] INFO:colcon.colcon_core.shell:Creating environment descriptor '/home/rokey/1_ws/src/install/my_image_subscriber/share/my_image_subscriber/hook/ament_prefix_path.dsv'
[0.523s] INFO:colcon.colcon_core.shell:Creating environment hook '/home/rokey/1_ws/src/install/my_image_subscriber/share/my_image_subscriber/hook/ament_prefix_path.sh'
[0.524s] INFO:colcon.colcon_core.shell:Skip shell extension 'powershell' for command environment: Not usable outside of PowerShell
[0.524s] DEBUG:colcon.colcon_core.shell:Skip shell extension 'dsv' for command environment
[0.529s] INFO:colcon.colcon_ros.task.ament_python.build:Building ROS package in '/home/rokey/1_ws/src/my_package' with build type 'ament_python'
[0.529s] Level 1:colcon.colcon_core.shell:create_environment_hook('my_package', 'ament_prefix_path')
[0.529s] INFO:colcon.colcon_core.shell:Creating environment hook '/home/rokey/1_ws/src/install/my_package/share/my_package/hook/ament_prefix_path.ps1'
[0.530s] INFO:colcon.colcon_core.shell:Creating environment descriptor '/home/rokey/1_ws/src/install/my_package/share/my_package/hook/ament_prefix_path.dsv'
[0.530s] INFO:colcon.colcon_core.shell:Creating environment hook '/home/rokey/1_ws/src/install/my_package/share/my_package/hook/ament_prefix_path.sh'
[0.531s] INFO:colcon.colcon_core.shell:Skip shell extension 'powershell' for command environment: Not usable outside of PowerShell
[0.531s] DEBUG:colcon.colcon_core.shell:Skip shell extension 'dsv' for command environment
[0.537s] INFO:colcon.colcon_ros.task.ament_python.build:Building ROS package in '/home/rokey/1_ws/src/my_video_package' with build type 'ament_python'
[0.537s] Level 1:colcon.colcon_core.shell:create_environment_hook('my_video_package', 'ament_prefix_path')
[0.537s] INFO:colcon.colcon_core.shell:Creating environment hook '/home/rokey/1_ws/src/install/my_video_package/share/my_video_package/hook/ament_prefix_path.ps1'
[0.538s] INFO:colcon.colcon_core.shell:Creating environment descriptor '/home/rokey/1_ws/src/install/my_video_package/share/my_video_package/hook/ament_prefix_path.dsv'
[0.538s] INFO:colcon.colcon_core.shell:Creating environment hook '/home/rokey/1_ws/src/install/my_video_package/share/my_video_package/hook/ament_prefix_path.sh'
[0.539s] INFO:colcon.colcon_core.shell:Skip shell extension 'powershell' for command environment: Not usable outside of PowerShell
[0.539s] DEBUG:colcon.colcon_core.shell:Skip shell extension 'dsv' for command environment
[0.874s] WARNING:colcon.colcon_ros.task.ament_python.build:Package 'my_image_subscriber' doesn't explicitly install a marker in the package index (colcon-ros currently does it implicitly but that fallback will be removed in the future)
[0.875s] WARNING:colcon.colcon_ros.task.ament_python.build:Package 'my_image_subscriber' doesn't explicitly install the 'package.xml' file (colcon-ros currently does it implicitly but that fallback will be removed in the future)
[0.875s] INFO:colcon.colcon_core.task.python.build:Building Python package in '/home/rokey/1_ws/src/my_image_subscriber'
[0.875s] INFO:colcon.colcon_core.shell:Skip shell extension 'powershell' for command environment: Not usable outside of PowerShell
[0.875s] DEBUG:colcon.colcon_core.shell:Skip shell extension 'dsv' for command environment
[1.225s] INFO:colcon.colcon_core.task.python.build:Building Python package in '/home/rokey/1_ws/src/my_package'
[1.226s] INFO:colcon.colcon_core.shell:Skip shell extension 'powershell' for command environment: Not usable outside of PowerShell
[1.226s] DEBUG:colcon.colcon_core.shell:Skip shell extension 'dsv' for command environment
[1.557s] WARNING:colcon.colcon_ros.task.ament_python.build:Package 'my_video_package' doesn't explicitly install a marker in the package index (colcon-ros currently does it implicitly but that fallback will be removed in the future)
[1.557s] INFO:colcon.colcon_core.task.python.build:Building Python package in '/home/rokey/1_ws/src/my_video_package'
[1.558s] INFO:colcon.colcon_core.shell:Skip shell extension 'powershell' for command environment: Not usable outside of PowerShell
[1.558s] DEBUG:colcon.colcon_core.shell:Skip shell extension 'dsv' for command environment
[1.926s] DEBUG:colcon.colcon_core.event_handler.log_command:Invoking command in '/home/rokey/1_ws/src/my_package': PYTHONPATH=/home/rokey/1_ws/src/build/my_package/prefix_override:/usr/lib/python3/dist-packages/colcon_core/task/python/colcon_distutils_commands:/home/rokey/1_ws/src/install/my_package/lib/python3.10/site-packages:${PYTHONPATH} /usr/bin/python3 -W ignore:setup.py install is deprecated setup.py egg_info --egg-base ../build/my_package build --build-base /home/rokey/1_ws/src/build/my_package/build install --record /home/rokey/1_ws/src/build/my_package/install.log --single-version-externally-managed install_data
[1.956s] DEBUG:colcon.colcon_core.event_handler.log_command:Invoking command in '/home/rokey/1_ws/src/my_video_package': PYTHONPATH=/home/rokey/1_ws/src/build/my_video_package/prefix_override:/usr/lib/python3/dist-packages/colcon_core/task/python/colcon_distutils_commands:/home/rokey/1_ws/src/install/my_video_package/lib/python3.10/site-packages:${PYTHONPATH} /usr/bin/python3 -W ignore:setup.py install is deprecated setup.py egg_info --egg-base ../build/my_video_package build --build-base /home/rokey/1_ws/src/build/my_video_package/build install --record /home/rokey/1_ws/src/build/my_video_package/install.log --single-version-externally-managed install_data
[1.987s] DEBUG:colcon.colcon_core.event_handler.log_command:Invoking command in '/home/rokey/1_ws/src/my_image_subscriber': PYTHONPATH=/home/rokey/1_ws/src/build/my_image_subscriber/prefix_override:/usr/lib/python3/dist-packages/colcon_core/task/python/colcon_distutils_commands:/home/rokey/1_ws/src/install/my_image_subscriber/lib/python3.10/site-packages:${PYTHONPATH} /usr/bin/python3 -W ignore:setup.py install is deprecated setup.py egg_info --egg-base ../build/my_image_subscriber build --build-base /home/rokey/1_ws/src/build/my_image_subscriber/build install --record /home/rokey/1_ws/src/build/my_image_subscriber/install.log --single-version-externally-managed install_data
[2.312s] Level 1:colcon.colcon_core.environment:checking '/home/rokey/1_ws/src/install/my_video_package' for CMake module files
[2.313s] Level 1:colcon.colcon_core.environment:checking '/home/rokey/1_ws/src/install/my_video_package' for CMake config files
[2.313s] Level 1:colcon.colcon_core.environment:checking '/home/rokey/1_ws/src/install/my_video_package/lib'
[2.314s] Level 1:colcon.colcon_core.environment:checking '/home/rokey/1_ws/src/install/my_video_package/bin'
[2.314s] Level 1:colcon.colcon_core.environment:checking '/home/rokey/1_ws/src/install/my_video_package/lib/pkgconfig/my_video_package.pc'
[2.314s] Level 1:colcon.colcon_core.environment:checking '/home/rokey/1_ws/src/install/my_video_package/lib/python3.10/site-packages'
[2.314s] Level 1:colcon.colcon_core.shell:create_environment_hook('my_video_package', 'pythonpath')
[2.314s] INFO:colcon.colcon_core.shell:Creating environment hook '/home/rokey/1_ws/src/install/my_video_package/share/my_video_package/hook/pythonpath.ps1'
[2.315s] INFO:colcon.colcon_core.shell:Creating environment descriptor '/home/rokey/1_ws/src/install/my_video_package/share/my_video_package/hook/pythonpath.dsv'
[2.315s] INFO:colcon.colcon_core.shell:Creating environment hook '/home/rokey/1_ws/src/install/my_video_package/share/my_video_package/hook/pythonpath.sh'
[2.316s] Level 1:colcon.colcon_core.environment:checking '/home/rokey/1_ws/src/install/my_video_package/bin'
[2.316s] Level 1:colcon.colcon_core.environment:create_environment_scripts_only(my_video_package)
[2.316s] INFO:colcon.colcon_core.shell:Creating package script '/home/rokey/1_ws/src/install/my_video_package/share/my_video_package/package.ps1'
[2.317s] INFO:colcon.colcon_core.shell:Creating package descriptor '/home/rokey/1_ws/src/install/my_video_package/share/my_video_package/package.dsv'
[2.317s] DEBUG:colcon.colcon_core.event_handler.log_command:Invoked command in '/home/rokey/1_ws/src/my_video_package' returned '0': PYTHONPATH=/home/rokey/1_ws/src/build/my_video_package/prefix_override:/usr/lib/python3/dist-packages/colcon_core/task/python/colcon_distutils_commands:/home/rokey/1_ws/src/install/my_video_package/lib/python3.10/site-packages:${PYTHONPATH} /usr/bin/python3 -W ignore:setup.py install is deprecated setup.py egg_info --egg-base ../build/my_video_package build --build-base /home/rokey/1_ws/src/build/my_video_package/build install --record /home/rokey/1_ws/src/build/my_video_package/install.log --single-version-externally-managed install_data
[2.318s] INFO:colcon.colcon_core.shell:Creating package script '/home/rokey/1_ws/src/install/my_video_package/share/my_video_package/package.sh'
[2.319s] INFO:colcon.colcon_core.shell:Creating package script '/home/rokey/1_ws/src/install/my_video_package/share/my_video_package/package.bash'
[2.319s] INFO:colcon.colcon_core.shell:Creating package script '/home/rokey/1_ws/src/install/my_video_package/share/my_video_package/package.zsh'
[2.320s] Level 1:colcon.colcon_core.environment:create_file_with_runtime_dependencies(/home/rokey/1_ws/src/install/my_video_package/share/colcon-core/packages/my_video_package)
[2.373s] Level 1:colcon.colcon_core.environment:checking '/home/rokey/1_ws/src/install/my_package' for CMake module files
[2.374s] DEBUG:colcon.colcon_core.event_handler.log_command:Invoked command in '/home/rokey/1_ws/src/my_package' returned '0': PYTHONPATH=/home/rokey/1_ws/src/build/my_package/prefix_override:/usr/lib/python3/dist-packages/colcon_core/task/python/colcon_distutils_commands:/home/rokey/1_ws/src/install/my_package/lib/python3.10/site-packages:${PYTHONPATH} /usr/bin/python3 -W ignore:setup.py install is deprecated setup.py egg_info --egg-base ../build/my_package build --build-base /home/rokey/1_ws/src/build/my_package/build install --record /home/rokey/1_ws/src/build/my_package/install.log --single-version-externally-managed install_data
[2.374s] Level 1:colcon.colcon_core.environment:checking '/home/rokey/1_ws/src/install/my_package' for CMake config files
[2.376s] Level 1:colcon.colcon_core.environment:checking '/home/rokey/1_ws/src/install/my_package/lib'
[2.376s] Level 1:colcon.colcon_core.environment:checking '/home/rokey/1_ws/src/install/my_package/bin'
[2.376s] Level 1:colcon.colcon_core.environment:checking '/home/rokey/1_ws/src/install/my_package/lib/pkgconfig/my_package.pc'
[2.376s] Level 1:colcon.colcon_core.environment:checking '/home/rokey/1_ws/src/install/my_package/lib/python3.10/site-packages'
[2.376s] Level 1:colcon.colcon_core.shell:create_environment_hook('my_package', 'pythonpath')
[2.376s] INFO:colcon.colcon_core.shell:Creating environment hook '/home/rokey/1_ws/src/install/my_package/share/my_package/hook/pythonpath.ps1'
[2.377s] INFO:colcon.colcon_core.shell:Creating environment descriptor '/home/rokey/1_ws/src/install/my_package/share/my_package/hook/pythonpath.dsv'
[2.377s] INFO:colcon.colcon_core.shell:Creating environment hook '/home/rokey/1_ws/src/install/my_package/share/my_package/hook/pythonpath.sh'
[2.378s] Level 1:colcon.colcon_core.environment:checking '/home/rokey/1_ws/src/install/my_package/bin'
[2.378s] Level 1:colcon.colcon_core.environment:create_environment_scripts_only(my_package)
[2.378s] INFO:colcon.colcon_core.shell:Creating package script '/home/rokey/1_ws/src/install/my_package/share/my_package/package.ps1'
[2.379s] INFO:colcon.colcon_core.shell:Creating package descriptor '/home/rokey/1_ws/src/install/my_package/share/my_package/package.dsv'
[2.379s] INFO:colcon.colcon_core.shell:Creating package script '/home/rokey/1_ws/src/install/my_package/share/my_package/package.sh'
[2.379s] INFO:colcon.colcon_core.shell:Creating package script '/home/rokey/1_ws/src/install/my_package/share/my_package/package.bash'
[2.380s] INFO:colcon.colcon_core.shell:Creating package script '/home/rokey/1_ws/src/install/my_package/share/my_package/package.zsh'
[2.380s] Level 1:colcon.colcon_core.environment:create_file_with_runtime_dependencies(/home/rokey/1_ws/src/install/my_package/share/colcon-core/packages/my_package)
[2.440s] Level 1:colcon.colcon_core.environment:checking '/home/rokey/1_ws/src/install/my_image_subscriber' for CMake module files
[2.441s] DEBUG:colcon.colcon_core.event_handler.log_command:Invoked command in '/home/rokey/1_ws/src/my_image_subscriber' returned '0': PYTHONPATH=/home/rokey/1_ws/src/build/my_image_subscriber/prefix_override:/usr/lib/python3/dist-packages/colcon_core/task/python/colcon_distutils_commands:/home/rokey/1_ws/src/install/my_image_subscriber/lib/python3.10/site-packages:${PYTHONPATH} /usr/bin/python3 -W ignore:setup.py install is deprecated setup.py egg_info --egg-base ../build/my_image_subscriber build --build-base /home/rokey/1_ws/src/build/my_image_subscriber/build install --record /home/rokey/1_ws/src/build/my_image_subscriber/install.log --single-version-externally-managed install_data
[2.441s] Level 1:colcon.colcon_core.environment:checking '/home/rokey/1_ws/src/install/my_image_subscriber' for CMake config files
[2.441s] Level 1:colcon.colcon_core.environment:checking '/home/rokey/1_ws/src/install/my_image_subscriber/lib'
[2.441s] Level 1:colcon.colcon_core.environment:checking '/home/rokey/1_ws/src/install/my_image_subscriber/bin'
[2.441s] Level 1:colcon.colcon_core.environment:checking '/home/rokey/1_ws/src/install/my_image_subscriber/lib/pkgconfig/my_image_subscriber.pc'
[2.442s] Level 1:colcon.colcon_core.environment:checking '/home/rokey/1_ws/src/install/my_image_subscriber/lib/python3.10/site-packages'
[2.442s] Level 1:colcon.colcon_core.shell:create_environment_hook('my_image_subscriber', 'pythonpath')
[2.442s] INFO:colcon.colcon_core.shell:Creating environment hook '/home/rokey/1_ws/src/install/my_image_subscriber/share/my_image_subscriber/hook/pythonpath.ps1'
[2.442s] INFO:colcon.colcon_core.shell:Creating environment descriptor '/home/rokey/1_ws/src/install/my_image_subscriber/share/my_image_subscriber/hook/pythonpath.dsv'
[2.442s] INFO:colcon.colcon_core.shell:Creating environment hook '/home/rokey/1_ws/src/install/my_image_subscriber/share/my_image_subscriber/hook/pythonpath.sh'
[2.443s] Level 1:colcon.colcon_core.environment:checking '/home/rokey/1_ws/src/install/my_image_subscriber/bin'
[2.443s] Level 1:colcon.colcon_core.environment:create_environment_scripts_only(my_image_subscriber)
[2.443s] INFO:colcon.colcon_core.shell:Creating package script '/home/rokey/1_ws/src/install/my_image_subscriber/share/my_image_subscriber/package.ps1'
[2.444s] INFO:colcon.colcon_core.shell:Creating package descriptor '/home/rokey/1_ws/src/install/my_image_subscriber/share/my_image_subscriber/package.dsv'
[2.444s] INFO:colcon.colcon_core.shell:Creating package script '/home/rokey/1_ws/src/install/my_image_subscriber/share/my_image_subscriber/package.sh'
[2.444s] INFO:colcon.colcon_core.shell:Creating package script '/home/rokey/1_ws/src/install/my_image_subscriber/share/my_image_subscriber/package.bash'
[2.444s] INFO:colcon.colcon_core.shell:Creating package script '/home/rokey/1_ws/src/install/my_image_subscriber/share/my_image_subscriber/package.zsh'
[2.445s] Level 1:colcon.colcon_core.environment:create_file_with_runtime_dependencies(/home/rokey/1_ws/src/install/my_image_subscriber/share/colcon-core/packages/my_image_subscriber)
[2.445s] DEBUG:colcon.colcon_parallel_executor.executor.parallel:closing loop
[2.445s] DEBUG:colcon.colcon_parallel_executor.executor.parallel:loop closed
[2.445s] DEBUG:colcon.colcon_parallel_executor.executor.parallel:run_until_complete finished with '0'
[2.445s] DEBUG:colcon.colcon_core.event_reactor:joining thread
[2.452s] INFO:colcon.colcon_core.plugin_system:Skipping extension 'colcon_notification.desktop_notification.terminal_notifier': Not used on non-Darwin systems
[2.452s] INFO:colcon.colcon_core.plugin_system:Skipping extension 'colcon_notification.desktop_notification.win32': Not used on non-Windows systems
[2.452s] INFO:colcon.colcon_notification.desktop_notification:Sending desktop notification using 'notify2'
[2.470s] DEBUG:colcon.colcon_core.event_reactor:joined thread
[2.470s] INFO:colcon.colcon_core.shell:Creating prefix script '/home/rokey/1_ws/src/install/local_setup.ps1'
[2.472s] INFO:colcon.colcon_core.shell:Creating prefix util module '/home/rokey/1_ws/src/install/_local_setup_util_ps1.py'
[2.474s] INFO:colcon.colcon_core.shell:Creating prefix chain script '/home/rokey/1_ws/src/install/setup.ps1'
[2.475s] INFO:colcon.colcon_core.shell:Creating prefix script '/home/rokey/1_ws/src/install/local_setup.sh'
[2.476s] INFO:colcon.colcon_core.shell:Creating prefix util module '/home/rokey/1_ws/src/install/_local_setup_util_sh.py'
[2.477s] INFO:colcon.colcon_core.shell:Creating prefix chain script '/home/rokey/1_ws/src/install/setup.sh'
[2.478s] INFO:colcon.colcon_core.shell:Creating prefix script '/home/rokey/1_ws/src/install/local_setup.bash'
[2.479s] INFO:colcon.colcon_core.shell:Creating prefix chain script '/home/rokey/1_ws/src/install/setup.bash'
[2.481s] INFO:colcon.colcon_core.shell:Creating prefix script '/home/rokey/1_ws/src/install/local_setup.zsh'
[2.481s] INFO:colcon.colcon_core.shell:Creating prefix chain script '/home/rokey/1_ws/src/install/setup.zsh'
