[1.459s] Invoking command in '/home/rokey/1_ws/src/my_video_package': PYTHONPATH=/home/rokey/1_ws/src/build/my_video_package/prefix_override:/usr/lib/python3/dist-packages/colcon_core/task/python/colcon_distutils_commands:/home/rokey/1_ws/src/install/my_video_package/lib/python3.10/site-packages:${PYTHONPATH} /usr/bin/python3 -W ignore:setup.py install is deprecated setup.py egg_info --egg-base ../build/my_video_package build --build-base /home/rokey/1_ws/src/build/my_video_package/build install --record /home/rokey/1_ws/src/build/my_video_package/install.log --single-version-externally-managed install_data
[1.716s] running egg_info
[1.717s] creating ../build/my_video_package/my_video_package.egg-info
[1.717s] writing ../build/my_video_package/my_video_package.egg-info/PKG-INFO
[1.717s] writing dependency_links to ../build/my_video_package/my_video_package.egg-info/dependency_links.txt
[1.717s] writing entry points to ../build/my_video_package/my_video_package.egg-info/entry_points.txt
[1.717s] writing requirements to ../build/my_video_package/my_video_package.egg-info/requires.txt
[1.717s] writing top-level names to ../build/my_video_package/my_video_package.egg-info/top_level.txt
[1.718s] writing manifest file '../build/my_video_package/my_video_package.egg-info/SOURCES.txt'
[1.720s] reading manifest file '../build/my_video_package/my_video_package.egg-info/SOURCES.txt'
[1.720s] writing manifest file '../build/my_video_package/my_video_package.egg-info/SOURCES.txt'
[1.720s] running build
[1.720s] running build_py
[1.720s] creating /home/rokey/1_ws/src/build/my_video_package/build
[1.720s] creating /home/rokey/1_ws/src/build/my_video_package/build/lib
[1.720s] creating /home/rokey/1_ws/src/build/my_video_package/build/lib/my_video_package
[1.721s] copying my_video_package/__init__.py -> /home/rokey/1_ws/src/build/my_video_package/build/lib/my_video_package
[1.721s] copying my_video_package/video_capture_node.py -> /home/rokey/1_ws/src/build/my_video_package/build/lib/my_video_package
[1.721s] running install
[1.721s] running install_lib
[1.721s] creating /home/rokey/1_ws/src/install/my_video_package/lib/python3.10/site-packages/my_video_package
[1.721s] copying /home/rokey/1_ws/src/build/my_video_package/build/lib/my_video_package/__init__.py -> /home/rokey/1_ws/src/install/my_video_package/lib/python3.10/site-packages/my_video_package
[1.722s] copying /home/rokey/1_ws/src/build/my_video_package/build/lib/my_video_package/video_capture_node.py -> /home/rokey/1_ws/src/install/my_video_package/lib/python3.10/site-packages/my_video_package
[1.722s] byte-compiling /home/rokey/1_ws/src/install/my_video_package/lib/python3.10/site-packages/my_video_package/__init__.py to __init__.cpython-310.pyc
[1.722s] byte-compiling /home/rokey/1_ws/src/install/my_video_package/lib/python3.10/site-packages/my_video_package/video_capture_node.py to video_capture_node.cpython-310.pyc
[1.723s] running install_data
[1.723s] copying package.xml -> /home/rokey/1_ws/src/install/my_video_package/share/my_video_package
[1.723s] running install_egg_info
[1.724s] Copying ../build/my_video_package/my_video_package.egg-info to /home/rokey/1_ws/src/install/my_video_package/lib/python3.10/site-packages/my_video_package-0.0.0-py3.10.egg-info
[1.725s] running install_scripts
[1.743s] Installing video_capture_node script to /home/rokey/1_ws/src/install/my_video_package/lib/my_video_package
[1.743s] writing list of installed files to '/home/rokey/1_ws/src/build/my_video_package/install.log'
[1.764s] Invoked command in '/home/rokey/1_ws/src/my_video_package' returned '0': PYTHONPATH=/home/rokey/1_ws/src/build/my_video_package/prefix_override:/usr/lib/python3/dist-packages/colcon_core/task/python/colcon_distutils_commands:/home/rokey/1_ws/src/install/my_video_package/lib/python3.10/site-packages:${PYTHONPATH} /usr/bin/python3 -W ignore:setup.py install is deprecated setup.py egg_info --egg-base ../build/my_video_package build --build-base /home/rokey/1_ws/src/build/my_video_package/build install --record /home/rokey/1_ws/src/build/my_video_package/install.log --single-version-externally-managed install_data
