Traceback (most recent call last):
  File "/home/rokey/1_ws/src/my_package/setup.py", line 5, in <module>
    setup(
  File "/home/rokey/.local/lib/python3.10/site-packages/setuptools/__init__.py", line 117, in setup
    return distutils.core.setup(**attrs)
  File "/home/rokey/.local/lib/python3.10/site-packages/setuptools/_distutils/core.py", line 170, in setup
    ok = dist.parse_command_line()
  File "/home/rokey/.local/lib/python3.10/site-packages/setuptools/_distutils/dist.py", line 472, in parse_command_line
    args = self._parse_command_opts(parser, args)
  File "/home/rokey/.local/lib/python3.10/site-packages/setuptools/dist.py", line 901, in _parse_command_opts
    nargs = _Distribution._parse_command_opts(self, parser, args)
  File "/home/rokey/.local/lib/python3.10/site-packages/setuptools/_distutils/dist.py", line 531, in _parse_command_opts
    cmd_class = self.get_command_class(command)
  File "/home/rokey/.local/lib/python3.10/site-packages/setuptools/dist.py", line 744, in get_command_class
    self.cmdclass[command] = cmdclass = ep.load()
  File "/usr/lib/python3.10/importlib/metadata/__init__.py", line 171, in load
    module = import_module(match.group('module'))
  File "/usr/lib/python3.10/importlib/__init__.py", line 126, in import_module
    return _bootstrap._gcd_import(name[level:], package, level)
  File "<frozen importlib._bootstrap>", line 1050, in _gcd_import
  File "<frozen importlib._bootstrap>", line 1027, in _find_and_load
  File "<frozen importlib._bootstrap>", line 1006, in _find_and_load_unlocked
  File "<frozen importlib._bootstrap>", line 688, in _load_unlocked
  File "<frozen importlib._bootstrap_external>", line 883, in exec_module
  File "<frozen importlib._bootstrap>", line 241, in _call_with_frames_removed
  File "/home/rokey/.local/lib/python3.10/site-packages/setuptools/command/egg_info.py", line 25, in <module>
    from . import _requirestxt
  File "<frozen importlib._bootstrap>", line 1027, in _find_and_load
  File "<frozen importlib._bootstrap>", line 1006, in _find_and_load_unlocked
  File "<frozen importlib._bootstrap>", line 688, in _load_unlocked
  File "<frozen importlib._bootstrap_external>", line 879, in exec_module
  File "<frozen importlib._bootstrap_external>", line 1012, in get_code
  File "<frozen importlib._bootstrap_external>", line 672, in _compile_bytecode
KeyboardInterrupt
