[1.962s] Invoking command in '/home/rokey/1_ws/src/my_package': PYTHONPATH=/home/rokey/1_ws/src/build/my_package/prefix_override:/usr/lib/python3/dist-packages/colcon_core/task/python/colcon_distutils_commands:/home/rokey/1_ws/src/install/my_package/lib/python3.10/site-packages:${PYTHONPATH} /usr/bin/python3 -W ignore:setup.py install is deprecated setup.py egg_info --egg-base ../build/my_package build --build-base /home/rokey/1_ws/src/build/my_package/build install --record /home/rokey/1_ws/src/build/my_package/install.log --single-version-externally-managed install_data
[2.288s] Traceback (most recent call last):
[2.288s]   File "/home/rokey/1_ws/src/my_package/setup.py", line 5, in <module>
[2.288s]     setup(
[2.288s]   File "/home/rokey/.local/lib/python3.10/site-packages/setuptools/__init__.py", line 117, in setup
[2.295s]     return distutils.core.setup(**attrs)
[2.296s]   File "/home/rokey/.local/lib/python3.10/site-packages/setuptools/_distutils/core.py", line 170, in setup
[2.298s]     ok = dist.parse_command_line()
[2.299s]   File "/home/rokey/.local/lib/python3.10/site-packages/setuptools/_distutils/dist.py", line 472, in parse_command_line
[2.302s]     args = self._parse_command_opts(parser, args)
[2.302s]   File "/home/rokey/.local/lib/python3.10/site-packages/setuptools/dist.py", line 901, in _parse_command_opts
[2.303s]     nargs = _Distribution._parse_command_opts(self, parser, args)
[2.303s]   File "/home/rokey/.local/lib/python3.10/site-packages/setuptools/_distutils/dist.py", line 531, in _parse_command_opts
[2.304s]     cmd_class = self.get_command_class(command)
[2.304s]   File "/home/rokey/.local/lib/python3.10/site-packages/setuptools/dist.py", line 744, in get_command_class
[2.304s]     self.cmdclass[command] = cmdclass = ep.load()
[2.304s]   File "/usr/lib/python3.10/importlib/metadata/__init__.py", line 171, in load
[2.305s]     module = import_module(match.group('module'))
[2.305s]   File "/usr/lib/python3.10/importlib/__init__.py", line 126, in import_module
[2.305s]     return _bootstrap._gcd_import(name[level:], package, level)
[2.305s]   File "<frozen importlib._bootstrap>", line 1050, in _gcd_import
[2.307s]   File "<frozen importlib._bootstrap>", line 1027, in _find_and_load
[2.307s]   File "<frozen importlib._bootstrap>", line 1006, in _find_and_load_unlocked
[2.307s]   File "<frozen importlib._bootstrap>", line 688, in _load_unlocked
[2.307s]   File "<frozen importlib._bootstrap_external>", line 883, in exec_module
[2.307s]   File "<frozen importlib._bootstrap>", line 241, in _call_with_frames_removed
[2.307s]   File "/home/rokey/.local/lib/python3.10/site-packages/setuptools/command/egg_info.py", line 25, in <module>
[2.308s]     from . import _requirestxt
[2.308s]   File "<frozen importlib._bootstrap>", line 1027, in _find_and_load
[2.308s]   File "<frozen importlib._bootstrap>", line 1006, in _find_and_load_unlocked
[2.308s]   File "<frozen importlib._bootstrap>", line 688, in _load_unlocked
[2.308s]   File "<frozen importlib._bootstrap_external>", line 879, in exec_module
[2.308s]   File "<frozen importlib._bootstrap_external>", line 1012, in get_code
[2.308s]   File "<frozen importlib._bootstrap_external>", line 672, in _compile_bytecode
[2.308s] KeyboardInterrupt
