[2.400s] Invoking command in '/home/rokey/1_ws/src/turtlebot3_custom_publishers': PYTHONPATH=/home/rokey/1_ws/src/build/turtlebot3_custom_publishers/prefix_override:/usr/lib/python3/dist-packages/colcon_core/task/python/colcon_distutils_commands:/home/rokey/1_ws/src/install/turtlebot3_custom_publishers/lib/python3.10/site-packages:${PYTHONPATH} /usr/bin/python3 -W ignore:setup.py install is deprecated setup.py egg_info --egg-base ../build/turtlebot3_custom_publishers build --build-base /home/rokey/1_ws/src/build/turtlebot3_custom_publishers/build install --record /home/rokey/1_ws/src/build/turtlebot3_custom_publishers/install.log --single-version-externally-managed install_data
[3.005s] running egg_info
[3.025s] writing ../build/turtlebot3_custom_publishers/turtlebot3_custom_publishers.egg-info/PKG-INFO
[3.026s] writing dependency_links to ../build/turtlebot3_custom_publishers/turtlebot3_custom_publishers.egg-info/dependency_links.txt
[3.026s] writing entry points to ../build/turtlebot3_custom_publishers/turtlebot3_custom_publishers.egg-info/entry_points.txt
[3.026s] writing requirements to ../build/turtlebot3_custom_publishers/turtlebot3_custom_publishers.egg-info/requires.txt
[3.026s] writing top-level names to ../build/turtlebot3_custom_publishers/turtlebot3_custom_publishers.egg-info/top_level.txt
[3.066s] reading manifest file '../build/turtlebot3_custom_publishers/turtlebot3_custom_publishers.egg-info/SOURCES.txt'
[3.067s] writing manifest file '../build/turtlebot3_custom_publishers/turtlebot3_custom_publishers.egg-info/SOURCES.txt'
[3.068s] running build
[3.068s] running build_py
[3.068s] copying turtlebot3_custom_publishers/__init__.py -> /home/rokey/1_ws/src/build/turtlebot3_custom_publishers/build/lib/turtlebot3_custom_publishers
[3.068s] copying turtlebot3_custom_publishers/publish_initial_and_goal.py -> /home/rokey/1_ws/src/build/turtlebot3_custom_publishers/build/lib/turtlebot3_custom_publishers
[3.068s] running install
[3.074s] running install_lib
[3.093s] running install_data
[3.093s] copying package.xml -> /home/rokey/1_ws/src/install/turtlebot3_custom_publishers/share/turtlebot3_custom_publishers
[3.093s] running install_egg_info
[3.115s] removing '/home/rokey/1_ws/src/install/turtlebot3_custom_publishers/lib/python3.10/site-packages/turtlebot3_custom_publishers-0.0.0-py3.10.egg-info' (and everything under it)
[3.115s] Copying ../build/turtlebot3_custom_publishers/turtlebot3_custom_publishers.egg-info to /home/rokey/1_ws/src/install/turtlebot3_custom_publishers/lib/python3.10/site-packages/turtlebot3_custom_publishers-0.0.0-py3.10.egg-info
[3.115s] running install_scripts
[3.270s] Installing publish_initial_and_goal script to /home/rokey/1_ws/src/install/turtlebot3_custom_publishers/lib/turtlebot3_custom_publishers
[3.270s] writing list of installed files to '/home/rokey/1_ws/src/build/turtlebot3_custom_publishers/install.log'
[3.316s] Invoked command in '/home/rokey/1_ws/src/turtlebot3_custom_publishers' returned '0': PYTHONPATH=/home/rokey/1_ws/src/build/turtlebot3_custom_publishers/prefix_override:/usr/lib/python3/dist-packages/colcon_core/task/python/colcon_distutils_commands:/home/rokey/1_ws/src/install/turtlebot3_custom_publishers/lib/python3.10/site-packages:${PYTHONPATH} /usr/bin/python3 -W ignore:setup.py install is deprecated setup.py egg_info --egg-base ../build/turtlebot3_custom_publishers build --build-base /home/rokey/1_ws/src/build/turtlebot3_custom_publishers/build install --record /home/rokey/1_ws/src/build/turtlebot3_custom_publishers/install.log --single-version-externally-managed install_data
