[1.263s] Invoking command in '/home/rokey/1_ws/src/my_package': PYTHONPATH=/home/rokey/1_ws/src/build/my_package/prefix_override:/usr/lib/python3/dist-packages/colcon_core/task/python/colcon_distutils_commands:/home/rokey/1_ws/src/install/my_package/lib/python3.10/site-packages:${PYTHONPATH} /usr/bin/python3 -W ignore:setup.py install is deprecated setup.py egg_info --egg-base ../build/my_package build --build-base /home/rokey/1_ws/src/build/my_package/build install --record /home/rokey/1_ws/src/build/my_package/install.log --single-version-externally-managed install_data
[1.520s] running egg_info
[1.521s] creating ../build/my_package/my_package.egg-info
[1.522s] writing ../build/my_package/my_package.egg-info/PKG-INFO
[1.522s] writing dependency_links to ../build/my_package/my_package.egg-info/dependency_links.txt
[1.522s] writing entry points to ../build/my_package/my_package.egg-info/entry_points.txt
[1.522s] writing requirements to ../build/my_package/my_package.egg-info/requires.txt
[1.522s] writing top-level names to ../build/my_package/my_package.egg-info/top_level.txt
[1.522s] writing manifest file '../build/my_package/my_package.egg-info/SOURCES.txt'
[1.524s] reading manifest file '../build/my_package/my_package.egg-info/SOURCES.txt'
[1.525s] writing manifest file '../build/my_package/my_package.egg-info/SOURCES.txt'
[1.525s] running build
[1.525s] running build_py
[1.525s] creating /home/rokey/1_ws/src/build/my_package/build
[1.525s] creating /home/rokey/1_ws/src/build/my_package/build/lib
[1.525s] creating /home/rokey/1_ws/src/build/my_package/build/lib/my_package
[1.525s] copying my_package/__init__.py -> /home/rokey/1_ws/src/build/my_package/build/lib/my_package
[1.525s] copying my_package/subscriber.py -> /home/rokey/1_ws/src/build/my_package/build/lib/my_package
[1.526s] copying my_package/publisher.py -> /home/rokey/1_ws/src/build/my_package/build/lib/my_package
[1.526s] running install
[1.526s] running install_lib
[1.528s] creating /home/rokey/1_ws/src/install/my_package/lib/python3.10/site-packages/my_package
[1.529s] copying /home/rokey/1_ws/src/build/my_package/build/lib/my_package/__init__.py -> /home/rokey/1_ws/src/install/my_package/lib/python3.10/site-packages/my_package
[1.529s] copying /home/rokey/1_ws/src/build/my_package/build/lib/my_package/subscriber.py -> /home/rokey/1_ws/src/install/my_package/lib/python3.10/site-packages/my_package
[1.529s] copying /home/rokey/1_ws/src/build/my_package/build/lib/my_package/publisher.py -> /home/rokey/1_ws/src/install/my_package/lib/python3.10/site-packages/my_package
[1.529s] byte-compiling /home/rokey/1_ws/src/install/my_package/lib/python3.10/site-packages/my_package/__init__.py to __init__.cpython-310.pyc
[1.530s] byte-compiling /home/rokey/1_ws/src/install/my_package/lib/python3.10/site-packages/my_package/subscriber.py to subscriber.cpython-310.pyc
[1.530s] byte-compiling /home/rokey/1_ws/src/install/my_package/lib/python3.10/site-packages/my_package/publisher.py to publisher.cpython-310.pyc
[1.531s] running install_data
[1.531s] creating /home/rokey/1_ws/src/install/my_package/share/ament_index
[1.531s] creating /home/rokey/1_ws/src/install/my_package/share/ament_index/resource_index
[1.531s] creating /home/rokey/1_ws/src/install/my_package/share/ament_index/resource_index/packages
[1.531s] copying resource/my_package -> /home/rokey/1_ws/src/install/my_package/share/ament_index/resource_index/packages
[1.531s] copying package.xml -> /home/rokey/1_ws/src/install/my_package/share/my_package
[1.531s] running install_egg_info
[1.533s] Copying ../build/my_package/my_package.egg-info to /home/rokey/1_ws/src/install/my_package/lib/python3.10/site-packages/my_package-0.0.0-py3.10.egg-info
[1.533s] running install_scripts
[1.554s] Installing publisher script to /home/rokey/1_ws/src/install/my_package/lib/my_package
[1.554s] Installing subscriber script to /home/rokey/1_ws/src/install/my_package/lib/my_package
[1.555s] writing list of installed files to '/home/rokey/1_ws/src/build/my_package/install.log'
[1.578s] Invoked command in '/home/rokey/1_ws/src/my_package' returned '0': PYTHONPATH=/home/rokey/1_ws/src/build/my_package/prefix_override:/usr/lib/python3/dist-packages/colcon_core/task/python/colcon_distutils_commands:/home/rokey/1_ws/src/install/my_package/lib/python3.10/site-packages:${PYTHONPATH} /usr/bin/python3 -W ignore:setup.py install is deprecated setup.py egg_info --egg-base ../build/my_package build --build-base /home/rokey/1_ws/src/build/my_package/build install --record /home/rokey/1_ws/src/build/my_package/install.log --single-version-externally-managed install_data
