[2.408s] Invoking command in '/home/rokey/1_ws/src/my_video_package': PYTHONPATH=/home/rokey/1_ws/src/build/my_video_package/prefix_override:/usr/lib/python3/dist-packages/colcon_core/task/python/colcon_distutils_commands:/home/rokey/1_ws/src/install/my_video_package/lib/python3.10/site-packages:${PYTHONPATH} /usr/bin/python3 -W ignore:setup.py install is deprecated setup.py egg_info --egg-base ../build/my_video_package build --build-base /home/rokey/1_ws/src/build/my_video_package/build install --record /home/rokey/1_ws/src/build/my_video_package/install.log --single-version-externally-managed install_data
[3.014s] running egg_info
[3.035s] writing ../build/my_video_package/my_video_package.egg-info/PKG-INFO
[3.036s] writing dependency_links to ../build/my_video_package/my_video_package.egg-info/dependency_links.txt
[3.036s] writing entry points to ../build/my_video_package/my_video_package.egg-info/entry_points.txt
[3.036s] writing requirements to ../build/my_video_package/my_video_package.egg-info/requires.txt
[3.036s] writing top-level names to ../build/my_video_package/my_video_package.egg-info/top_level.txt
[3.075s] reading manifest file '../build/my_video_package/my_video_package.egg-info/SOURCES.txt'
[3.077s] writing manifest file '../build/my_video_package/my_video_package.egg-info/SOURCES.txt'
[3.077s] running build
[3.077s] running build_py
[3.077s] copying my_video_package/video_capture_node.py -> /home/rokey/1_ws/src/build/my_video_package/build/lib/my_video_package
[3.077s] copying my_video_package/__init__.py -> /home/rokey/1_ws/src/build/my_video_package/build/lib/my_video_package
[3.078s] running install
[3.083s] running install_lib
[3.102s] running install_data
[3.103s] copying package.xml -> /home/rokey/1_ws/src/install/my_video_package/share/my_video_package
[3.103s] running install_egg_info
[3.124s] removing '/home/rokey/1_ws/src/install/my_video_package/lib/python3.10/site-packages/my_video_package-0.0.0-py3.10.egg-info' (and everything under it)
[3.124s] Copying ../build/my_video_package/my_video_package.egg-info to /home/rokey/1_ws/src/install/my_video_package/lib/python3.10/site-packages/my_video_package-0.0.0-py3.10.egg-info
[3.125s] running install_scripts
[3.278s] Installing video_capture_node script to /home/rokey/1_ws/src/install/my_video_package/lib/my_video_package
[3.279s] writing list of installed files to '/home/rokey/1_ws/src/build/my_video_package/install.log'
[3.316s] Invoked command in '/home/rokey/1_ws/src/my_video_package' returned '0': PYTHONPATH=/home/rokey/1_ws/src/build/my_video_package/prefix_override:/usr/lib/python3/dist-packages/colcon_core/task/python/colcon_distutils_commands:/home/rokey/1_ws/src/install/my_video_package/lib/python3.10/site-packages:${PYTHONPATH} /usr/bin/python3 -W ignore:setup.py install is deprecated setup.py egg_info --egg-base ../build/my_video_package build --build-base /home/rokey/1_ws/src/build/my_video_package/build install --record /home/rokey/1_ws/src/build/my_video_package/install.log --single-version-externally-managed install_data
