running egg_info
writing ../build/amr_yolo/amr_yolo.egg-info/PKG-INFO
writing dependency_links to ../build/amr_yolo/amr_yolo.egg-info/dependency_links.txt
writing entry points to ../build/amr_yolo/amr_yolo.egg-info/entry_points.txt
writing requirements to ../build/amr_yolo/amr_yolo.egg-info/requires.txt
writing top-level names to ../build/amr_yolo/amr_yolo.egg-info/top_level.txt
reading manifest file '../build/amr_yolo/amr_yolo.egg-info/SOURCES.txt'
writing manifest file '../build/amr_yolo/amr_yolo.egg-info/SOURCES.txt'
running build
running build_py
copying amr_yolo/__init__.py -> /home/rokey/1_ws/src/build/amr_yolo/build/lib/amr_yolo
copying amr_yolo/amr_yolo.py -> /home/rokey/1_ws/src/build/amr_yolo/build/lib/amr_yolo
running install
running install_lib
running install_egg_info
removing '/home/rokey/1_ws/src/install/amr_yolo/lib/python3.10/site-packages/amr_yolo-0.0.1-py3.10.egg-info' (and everything under it)
Copying ../build/amr_yolo/amr_yolo.egg-info to /home/rokey/1_ws/src/install/amr_yolo/lib/python3.10/site-packages/amr_yolo-0.0.1-py3.10.egg-info
running install_scripts
Installing amr_yolo script to /home/rokey/1_ws/src/install/amr_yolo/lib/amr_yolo
writing list of installed files to '/home/rokey/1_ws/src/build/amr_yolo/install.log'
