[0.143s] DEBUG:colcon:Command line arguments: ['/usr/bin/colcon', 'build']
[0.143s] DEBUG:colcon:Parsed command line arguments: Namespace(log_base=None, log_level=None, verb_name='build', build_base='build', install_base='install', merge_install=False, symlink_install=False, test_result_base=None, continue_on_error=False, executor='parallel', parallel_workers=8, event_handlers=None, ignore_user_meta=False, metas=['./colcon.meta'], base_paths=['.'], packages_ignore=None, packages_ignore_regex=None, paths=None, packages_up_to=None, packages_up_to_regex=None, packages_above=None, packages_above_and_dependencies=None, packages_above_depth=None, packages_select_by_dep=None, packages_skip_by_dep=None, packages_skip_up_to=None, packages_select_build_failed=False, packages_skip_build_finished=False, packages_select_test_failures=False, packages_skip_test_passed=False, packages_select=None, packages_skip=None, packages_select_regex=None, packages_skip_regex=None, packages_start=None, packages_end=None, allow_overriding=[], cmake_args=None, cmake_target=None, cmake_target_skip_unavailable=False, cmake_clean_cache=False, cmake_clean_first=False, cmake_force_configure=False, ament_cmake_args=None, catkin_cmake_args=None, catkin_skip_building_tests=False, verb_parser=<colcon_defaults.argument_parser.defaults.DefaultArgumentsDecorator object at 0x7f6af0629090>, verb_extension=<colcon_core.verb.build.BuildVerb object at 0x7f6af0729c90>, main=<bound method BuildVerb.main of <colcon_core.verb.build.BuildVerb object at 0x7f6af0729c90>>)
[0.368s] Level 1:colcon.colcon_core.package_discovery:discover_packages(colcon_meta) check parameters
[0.368s] Level 1:colcon.colcon_core.package_discovery:discover_packages(recursive) check parameters
[0.368s] Level 1:colcon.colcon_core.package_discovery:discover_packages(ignore) check parameters
[0.368s] Level 1:colcon.colcon_core.package_discovery:discover_packages(path) check parameters
[0.368s] Level 1:colcon.colcon_core.package_discovery:discover_packages(colcon_meta) discover
[0.368s] Level 1:colcon.colcon_core.package_discovery:discover_packages(recursive) discover
[0.369s] INFO:colcon.colcon_core.package_discovery:Crawling recursively for packages in '/home/rokey/1_ws/src'
[0.369s] Level 1:colcon.colcon_core.package_identification:_identify(.) by extensions ['ignore', 'ignore_ament_install']
[0.369s] Level 1:colcon.colcon_core.package_identification:_identify(.) by extension 'ignore'
[0.369s] Level 1:colcon.colcon_core.package_identification:_identify(.) by extension 'ignore_ament_install'
[0.369s] Level 1:colcon.colcon_core.package_identification:_identify(.) by extensions ['colcon_pkg']
[0.369s] Level 1:colcon.colcon_core.package_identification:_identify(.) by extension 'colcon_pkg'
[0.369s] Level 1:colcon.colcon_core.package_identification:_identify(.) by extensions ['colcon_meta']
[0.369s] Level 1:colcon.colcon_core.package_identification:_identify(.) by extension 'colcon_meta'
[0.369s] Level 1:colcon.colcon_core.package_identification:_identify(.) by extensions ['ros']
[0.369s] Level 1:colcon.colcon_core.package_identification:_identify(.) by extension 'ros'
[0.381s] Level 1:colcon.colcon_core.package_identification:_identify(.) by extensions ['cmake', 'python']
[0.381s] Level 1:colcon.colcon_core.package_identification:_identify(.) by extension 'cmake'
[0.381s] Level 1:colcon.colcon_core.package_identification:_identify(.) by extension 'python'
[0.381s] Level 1:colcon.colcon_core.package_identification:_identify(.) by extensions ['python_setup_py']
[0.381s] Level 1:colcon.colcon_core.package_identification:_identify(.) by extension 'python_setup_py'
[0.381s] Level 1:colcon.colcon_core.package_identification:_identify(build) by extensions ['ignore', 'ignore_ament_install']
[0.381s] Level 1:colcon.colcon_core.package_identification:_identify(build) by extension 'ignore'
[0.381s] Level 1:colcon.colcon_core.package_identification:_identify(build) ignored
[0.381s] Level 1:colcon.colcon_core.package_identification:_identify(install) by extensions ['ignore', 'ignore_ament_install']
[0.381s] Level 1:colcon.colcon_core.package_identification:_identify(install) by extension 'ignore'
[0.381s] Level 1:colcon.colcon_core.package_identification:_identify(install) ignored
[0.381s] Level 1:colcon.colcon_core.package_identification:_identify(log) by extensions ['ignore', 'ignore_ament_install']
[0.381s] Level 1:colcon.colcon_core.package_identification:_identify(log) by extension 'ignore'
[0.382s] Level 1:colcon.colcon_core.package_identification:_identify(log) ignored
[0.382s] Level 1:colcon.colcon_core.package_identification:_identify(my_image_subscriber) by extensions ['ignore', 'ignore_ament_install']
[0.382s] Level 1:colcon.colcon_core.package_identification:_identify(my_image_subscriber) by extension 'ignore'
[0.382s] Level 1:colcon.colcon_core.package_identification:_identify(my_image_subscriber) by extension 'ignore_ament_install'
[0.382s] Level 1:colcon.colcon_core.package_identification:_identify(my_image_subscriber) by extensions ['colcon_pkg']
[0.382s] Level 1:colcon.colcon_core.package_identification:_identify(my_image_subscriber) by extension 'colcon_pkg'
[0.382s] Level 1:colcon.colcon_core.package_identification:_identify(my_image_subscriber) by extensions ['colcon_meta']
[0.382s] Level 1:colcon.colcon_core.package_identification:_identify(my_image_subscriber) by extension 'colcon_meta'
[0.382s] Level 1:colcon.colcon_core.package_identification:_identify(my_image_subscriber) by extensions ['ros']
[0.382s] Level 1:colcon.colcon_core.package_identification:_identify(my_image_subscriber) by extension 'ros'
[0.385s] DEBUG:colcon.colcon_core.package_identification:Package 'my_image_subscriber' with type 'ros.ament_python' and name 'my_image_subscriber'
[0.386s] Level 1:colcon.colcon_core.package_identification:_identify(my_package) by extensions ['ignore', 'ignore_ament_install']
[0.386s] Level 1:colcon.colcon_core.package_identification:_identify(my_package) by extension 'ignore'
[0.386s] Level 1:colcon.colcon_core.package_identification:_identify(my_package) by extension 'ignore_ament_install'
[0.386s] Level 1:colcon.colcon_core.package_identification:_identify(my_package) by extensions ['colcon_pkg']
[0.386s] Level 1:colcon.colcon_core.package_identification:_identify(my_package) by extension 'colcon_pkg'
[0.386s] Level 1:colcon.colcon_core.package_identification:_identify(my_package) by extensions ['colcon_meta']
[0.386s] Level 1:colcon.colcon_core.package_identification:_identify(my_package) by extension 'colcon_meta'
[0.386s] Level 1:colcon.colcon_core.package_identification:_identify(my_package) by extensions ['ros']
[0.386s] Level 1:colcon.colcon_core.package_identification:_identify(my_package) by extension 'ros'
[0.387s] DEBUG:colcon.colcon_core.package_identification:Package 'my_package' with type 'ros.ament_python' and name 'my_package'
[0.387s] Level 1:colcon.colcon_core.package_identification:_identify(my_video_package) by extensions ['ignore', 'ignore_ament_install']
[0.388s] Level 1:colcon.colcon_core.package_identification:_identify(my_video_package) by extension 'ignore'
[0.388s] Level 1:colcon.colcon_core.package_identification:_identify(my_video_package) by extension 'ignore_ament_install'
[0.388s] Level 1:colcon.colcon_core.package_identification:_identify(my_video_package) by extensions ['colcon_pkg']
[0.388s] Level 1:colcon.colcon_core.package_identification:_identify(my_video_package) by extension 'colcon_pkg'
[0.388s] Level 1:colcon.colcon_core.package_identification:_identify(my_video_package) by extensions ['colcon_meta']
[0.388s] Level 1:colcon.colcon_core.package_identification:_identify(my_video_package) by extension 'colcon_meta'
[0.388s] Level 1:colcon.colcon_core.package_identification:_identify(my_video_package) by extensions ['ros']
[0.388s] Level 1:colcon.colcon_core.package_identification:_identify(my_video_package) by extension 'ros'
[0.389s] DEBUG:colcon.colcon_core.package_identification:Package 'my_video_package' with type 'ros.ament_python' and name 'my_video_package'
[0.389s] Level 1:colcon.colcon_core.package_discovery:discover_packages(recursive) using defaults
[0.389s] Level 1:colcon.colcon_core.package_discovery:discover_packages(ignore) discover
[0.389s] Level 1:colcon.colcon_core.package_discovery:discover_packages(ignore) using defaults
[0.389s] Level 1:colcon.colcon_core.package_discovery:discover_packages(path) discover
[0.389s] Level 1:colcon.colcon_core.package_discovery:discover_packages(path) using defaults
[0.418s] Level 1:colcon.colcon_core.package_discovery:discover_packages(prefix_path) check parameters
[0.418s] Level 1:colcon.colcon_core.package_discovery:discover_packages(prefix_path) discover
[0.420s] DEBUG:colcon.colcon_installed_package_information.package_discovery:Found 3 installed packages in /home/rokey/1_ws/src/install
[0.421s] DEBUG:colcon.colcon_installed_package_information.package_discovery:Found 2 installed packages in /home/rokey/1_ws/install
[0.423s] DEBUG:colcon.colcon_installed_package_information.package_discovery:Found 277 installed packages in /opt/ros/humble
[0.438s] Level 1:colcon.colcon_core.package_discovery:discover_packages(prefix_path) using defaults
[0.489s] Level 5:colcon.colcon_core.verb:set package 'my_image_subscriber' build argument 'cmake_args' from command line to 'None'
[0.489s] Level 5:colcon.colcon_core.verb:set package 'my_image_subscriber' build argument 'cmake_target' from command line to 'None'
[0.489s] Level 5:colcon.colcon_core.verb:set package 'my_image_subscriber' build argument 'cmake_target_skip_unavailable' from command line to 'False'
[0.489s] Level 5:colcon.colcon_core.verb:set package 'my_image_subscriber' build argument 'cmake_clean_cache' from command line to 'False'
[0.489s] Level 5:colcon.colcon_core.verb:set package 'my_image_subscriber' build argument 'cmake_clean_first' from command line to 'False'
[0.489s] Level 5:colcon.colcon_core.verb:set package 'my_image_subscriber' build argument 'cmake_force_configure' from command line to 'False'
[0.489s] Level 5:colcon.colcon_core.verb:set package 'my_image_subscriber' build argument 'ament_cmake_args' from command line to 'None'
[0.489s] Level 5:colcon.colcon_core.verb:set package 'my_image_subscriber' build argument 'catkin_cmake_args' from command line to 'None'
[0.489s] Level 5:colcon.colcon_core.verb:set package 'my_image_subscriber' build argument 'catkin_skip_building_tests' from command line to 'False'
[0.489s] DEBUG:colcon.colcon_core.verb:Building package 'my_image_subscriber' with the following arguments: {'ament_cmake_args': None, 'build_base': '/home/rokey/1_ws/src/build/my_image_subscriber', 'catkin_cmake_args': None, 'catkin_skip_building_tests': False, 'cmake_args': None, 'cmake_clean_cache': False, 'cmake_clean_first': False, 'cmake_force_configure': False, 'cmake_target': None, 'cmake_target_skip_unavailable': False, 'install_base': '/home/rokey/1_ws/src/install/my_image_subscriber', 'merge_install': False, 'path': '/home/rokey/1_ws/src/my_image_subscriber', 'symlink_install': False, 'test_result_base': None}
[0.490s] Level 5:colcon.colcon_core.verb:set package 'my_package' build argument 'cmake_args' from command line to 'None'
[0.490s] Level 5:colcon.colcon_core.verb:set package 'my_package' build argument 'cmake_target' from command line to 'None'
[0.490s] Level 5:colcon.colcon_core.verb:set package 'my_package' build argument 'cmake_target_skip_unavailable' from command line to 'False'
[0.490s] Level 5:colcon.colcon_core.verb:set package 'my_package' build argument 'cmake_clean_cache' from command line to 'False'
[0.490s] Level 5:colcon.colcon_core.verb:set package 'my_package' build argument 'cmake_clean_first' from command line to 'False'
[0.490s] Level 5:colcon.colcon_core.verb:set package 'my_package' build argument 'cmake_force_configure' from command line to 'False'
[0.490s] Level 5:colcon.colcon_core.verb:set package 'my_package' build argument 'ament_cmake_args' from command line to 'None'
[0.490s] Level 5:colcon.colcon_core.verb:set package 'my_package' build argument 'catkin_cmake_args' from command line to 'None'
[0.490s] Level 5:colcon.colcon_core.verb:set package 'my_package' build argument 'catkin_skip_building_tests' from command line to 'False'
[0.490s] DEBUG:colcon.colcon_core.verb:Building package 'my_package' with the following arguments: {'ament_cmake_args': None, 'build_base': '/home/rokey/1_ws/src/build/my_package', 'catkin_cmake_args': None, 'catkin_skip_building_tests': False, 'cmake_args': None, 'cmake_clean_cache': False, 'cmake_clean_first': False, 'cmake_force_configure': False, 'cmake_target': None, 'cmake_target_skip_unavailable': False, 'install_base': '/home/rokey/1_ws/src/install/my_package', 'merge_install': False, 'path': '/home/rokey/1_ws/src/my_package', 'symlink_install': False, 'test_result_base': None}
[0.491s] Level 5:colcon.colcon_core.verb:set package 'my_video_package' build argument 'cmake_args' from command line to 'None'
[0.491s] Level 5:colcon.colcon_core.verb:set package 'my_video_package' build argument 'cmake_target' from command line to 'None'
[0.491s] Level 5:colcon.colcon_core.verb:set package 'my_video_package' build argument 'cmake_target_skip_unavailable' from command line to 'False'
[0.491s] Level 5:colcon.colcon_core.verb:set package 'my_video_package' build argument 'cmake_clean_cache' from command line to 'False'
[0.491s] Level 5:colcon.colcon_core.verb:set package 'my_video_package' build argument 'cmake_clean_first' from command line to 'False'
[0.491s] Level 5:colcon.colcon_core.verb:set package 'my_video_package' build argument 'cmake_force_configure' from command line to 'False'
[0.491s] Level 5:colcon.colcon_core.verb:set package 'my_video_package' build argument 'ament_cmake_args' from command line to 'None'
[0.491s] Level 5:colcon.colcon_core.verb:set package 'my_video_package' build argument 'catkin_cmake_args' from command line to 'None'
[0.491s] Level 5:colcon.colcon_core.verb:set package 'my_video_package' build argument 'catkin_skip_building_tests' from command line to 'False'
[0.491s] DEBUG:colcon.colcon_core.verb:Building package 'my_video_package' with the following arguments: {'ament_cmake_args': None, 'build_base': '/home/rokey/1_ws/src/build/my_video_package', 'catkin_cmake_args': None, 'catkin_skip_building_tests': False, 'cmake_args': None, 'cmake_clean_cache': False, 'cmake_clean_first': False, 'cmake_force_configure': False, 'cmake_target': None, 'cmake_target_skip_unavailable': False, 'install_base': '/home/rokey/1_ws/src/install/my_video_package', 'merge_install': False, 'path': '/home/rokey/1_ws/src/my_video_package', 'symlink_install': False, 'test_result_base': None}
[0.492s] INFO:colcon.colcon_core.executor:Executing jobs using 'parallel' executor
[0.493s] DEBUG:colcon.colcon_parallel_executor.executor.parallel:run_until_complete
[0.493s] INFO:colcon.colcon_ros.task.ament_python.build:Building ROS package in '/home/rokey/1_ws/src/my_image_subscriber' with build type 'ament_python'
[0.494s] Level 1:colcon.colcon_core.shell:create_environment_hook('my_image_subscriber', 'ament_prefix_path')
[0.496s] INFO:colcon.colcon_core.plugin_system:Skipping extension 'colcon_core.shell.bat': Not used on non-Windows systems
[0.497s] INFO:colcon.colcon_core.shell:Creating environment hook '/home/rokey/1_ws/src/install/my_image_subscriber/share/my_image_subscriber/hook/ament_prefix_path.ps1'
[0.498s] INFO:colcon.colcon_core.shell:Creating environment descriptor '/home/rokey/1_ws/src/install/my_image_subscriber/share/my_image_subscriber/hook/ament_prefix_path.dsv'
[0.498s] INFO:colcon.colcon_core.shell:Creating environment hook '/home/rokey/1_ws/src/install/my_image_subscriber/share/my_image_subscriber/hook/ament_prefix_path.sh'
[0.499s] INFO:colcon.colcon_core.shell:Skip shell extension 'powershell' for command environment: Not usable outside of PowerShell
[0.499s] DEBUG:colcon.colcon_core.shell:Skip shell extension 'dsv' for command environment
[0.505s] INFO:colcon.colcon_ros.task.ament_python.build:Building ROS package in '/home/rokey/1_ws/src/my_package' with build type 'ament_python'
[0.505s] Level 1:colcon.colcon_core.shell:create_environment_hook('my_package', 'ament_prefix_path')
[0.506s] INFO:colcon.colcon_core.shell:Creating environment hook '/home/rokey/1_ws/src/install/my_package/share/my_package/hook/ament_prefix_path.ps1'
[0.506s] INFO:colcon.colcon_core.shell:Creating environment descriptor '/home/rokey/1_ws/src/install/my_package/share/my_package/hook/ament_prefix_path.dsv'
[0.507s] INFO:colcon.colcon_core.shell:Creating environment hook '/home/rokey/1_ws/src/install/my_package/share/my_package/hook/ament_prefix_path.sh'
[0.507s] INFO:colcon.colcon_core.shell:Skip shell extension 'powershell' for command environment: Not usable outside of PowerShell
[0.507s] DEBUG:colcon.colcon_core.shell:Skip shell extension 'dsv' for command environment
[0.513s] INFO:colcon.colcon_ros.task.ament_python.build:Building ROS package in '/home/rokey/1_ws/src/my_video_package' with build type 'ament_python'
[0.513s] Level 1:colcon.colcon_core.shell:create_environment_hook('my_video_package', 'ament_prefix_path')
[0.513s] INFO:colcon.colcon_core.shell:Creating environment hook '/home/rokey/1_ws/src/install/my_video_package/share/my_video_package/hook/ament_prefix_path.ps1'
[0.514s] INFO:colcon.colcon_core.shell:Creating environment descriptor '/home/rokey/1_ws/src/install/my_video_package/share/my_video_package/hook/ament_prefix_path.dsv'
[0.514s] INFO:colcon.colcon_core.shell:Creating environment hook '/home/rokey/1_ws/src/install/my_video_package/share/my_video_package/hook/ament_prefix_path.sh'
[0.515s] INFO:colcon.colcon_core.shell:Skip shell extension 'powershell' for command environment: Not usable outside of PowerShell
[0.515s] DEBUG:colcon.colcon_core.shell:Skip shell extension 'dsv' for command environment
[0.878s] WARNING:colcon.colcon_ros.task.ament_python.build:Package 'my_image_subscriber' doesn't explicitly install a marker in the package index (colcon-ros currently does it implicitly but that fallback will be removed in the future)
[0.878s] WARNING:colcon.colcon_ros.task.ament_python.build:Package 'my_image_subscriber' doesn't explicitly install the 'package.xml' file (colcon-ros currently does it implicitly but that fallback will be removed in the future)
[0.879s] INFO:colcon.colcon_core.task.python.build:Building Python package in '/home/rokey/1_ws/src/my_image_subscriber'
[0.879s] INFO:colcon.colcon_core.shell:Skip shell extension 'powershell' for command environment: Not usable outside of PowerShell
[0.879s] DEBUG:colcon.colcon_core.shell:Skip shell extension 'dsv' for command environment
[1.245s] INFO:colcon.colcon_core.task.python.build:Building Python package in '/home/rokey/1_ws/src/my_package'
[1.246s] INFO:colcon.colcon_core.shell:Skip shell extension 'powershell' for command environment: Not usable outside of PowerShell
[1.246s] DEBUG:colcon.colcon_core.shell:Skip shell extension 'dsv' for command environment
[1.572s] WARNING:colcon.colcon_ros.task.ament_python.build:Package 'my_video_package' doesn't explicitly install a marker in the package index (colcon-ros currently does it implicitly but that fallback will be removed in the future)
[1.572s] INFO:colcon.colcon_core.task.python.build:Building Python package in '/home/rokey/1_ws/src/my_video_package'
[1.572s] INFO:colcon.colcon_core.shell:Skip shell extension 'powershell' for command environment: Not usable outside of PowerShell
[1.572s] DEBUG:colcon.colcon_core.shell:Skip shell extension 'dsv' for command environment
[1.958s] DEBUG:colcon.colcon_core.event_handler.log_command:Invoking command in '/home/rokey/1_ws/src/my_package': PYTHONPATH=/home/rokey/1_ws/src/build/my_package/prefix_override:/usr/lib/python3/dist-packages/colcon_core/task/python/colcon_distutils_commands:/home/rokey/1_ws/src/install/my_package/lib/python3.10/site-packages:${PYTHONPATH} /usr/bin/python3 -W ignore:setup.py install is deprecated setup.py egg_info --egg-base ../build/my_package build --build-base /home/rokey/1_ws/src/build/my_package/build install --record /home/rokey/1_ws/src/build/my_package/install.log --single-version-externally-managed install_data
[2.008s] DEBUG:colcon.colcon_core.event_handler.log_command:Invoking command in '/home/rokey/1_ws/src/my_video_package': PYTHONPATH=/home/rokey/1_ws/src/build/my_video_package/prefix_override:/usr/lib/python3/dist-packages/colcon_core/task/python/colcon_distutils_commands:/home/rokey/1_ws/src/install/my_video_package/lib/python3.10/site-packages:${PYTHONPATH} /usr/bin/python3 -W ignore:setup.py install is deprecated setup.py egg_info --egg-base ../build/my_video_package build --build-base /home/rokey/1_ws/src/build/my_video_package/build install --record /home/rokey/1_ws/src/build/my_video_package/install.log --single-version-externally-managed install_data
[2.025s] DEBUG:colcon.colcon_core.event_handler.log_command:Invoking command in '/home/rokey/1_ws/src/my_image_subscriber': PYTHONPATH=/home/rokey/1_ws/src/build/my_image_subscriber/prefix_override:/usr/lib/python3/dist-packages/colcon_core/task/python/colcon_distutils_commands:/home/rokey/1_ws/src/install/my_image_subscriber/lib/python3.10/site-packages:${PYTHONPATH} /usr/bin/python3 -W ignore:setup.py install is deprecated setup.py egg_info --egg-base ../build/my_image_subscriber build --build-base /home/rokey/1_ws/src/build/my_image_subscriber/build install --record /home/rokey/1_ws/src/build/my_image_subscriber/install.log --single-version-externally-managed install_data
[2.300s] DEBUG:colcon.colcon_core.event_handler.log_command:Invoked command in '/home/rokey/1_ws/src/my_package' returned '0': PYTHONPATH=/home/rokey/1_ws/src/build/my_package/prefix_override:/usr/lib/python3/dist-packages/colcon_core/task/python/colcon_distutils_commands:/home/rokey/1_ws/src/install/my_package/lib/python3.10/site-packages:${PYTHONPATH} /usr/bin/python3 -W ignore:setup.py install is deprecated setup.py egg_info --egg-base ../build/my_package build --build-base /home/rokey/1_ws/src/build/my_package/build install --record /home/rokey/1_ws/src/build/my_package/install.log --single-version-externally-managed install_data
[2.303s] Level 1:colcon.colcon_core.environment:checking '/home/rokey/1_ws/src/install/my_package' for CMake module files
[2.303s] Level 1:colcon.colcon_core.environment:checking '/home/rokey/1_ws/src/install/my_package' for CMake config files
[2.304s] Level 1:colcon.colcon_core.environment:checking '/home/rokey/1_ws/src/install/my_package/lib'
[2.304s] Level 1:colcon.colcon_core.environment:checking '/home/rokey/1_ws/src/install/my_package/bin'
[2.304s] Level 1:colcon.colcon_core.environment:checking '/home/rokey/1_ws/src/install/my_package/lib/pkgconfig/my_package.pc'
[2.305s] Level 1:colcon.colcon_core.environment:checking '/home/rokey/1_ws/src/install/my_package/lib/python3.10/site-packages'
[2.305s] Level 1:colcon.colcon_core.shell:create_environment_hook('my_package', 'pythonpath')
[2.305s] INFO:colcon.colcon_core.shell:Creating environment hook '/home/rokey/1_ws/src/install/my_package/share/my_package/hook/pythonpath.ps1'
[2.305s] INFO:colcon.colcon_core.shell:Creating environment descriptor '/home/rokey/1_ws/src/install/my_package/share/my_package/hook/pythonpath.dsv'
[2.306s] INFO:colcon.colcon_core.shell:Creating environment hook '/home/rokey/1_ws/src/install/my_package/share/my_package/hook/pythonpath.sh'
[2.306s] Level 1:colcon.colcon_core.environment:checking '/home/rokey/1_ws/src/install/my_package/bin'
[2.306s] Level 1:colcon.colcon_core.environment:create_environment_scripts_only(my_package)
[2.307s] INFO:colcon.colcon_core.shell:Creating package script '/home/rokey/1_ws/src/install/my_package/share/my_package/package.ps1'
[2.308s] INFO:colcon.colcon_core.shell:Creating package descriptor '/home/rokey/1_ws/src/install/my_package/share/my_package/package.dsv'
[2.312s] INFO:colcon.colcon_core.shell:Creating package script '/home/rokey/1_ws/src/install/my_package/share/my_package/package.sh'
[2.313s] INFO:colcon.colcon_core.shell:Creating package script '/home/rokey/1_ws/src/install/my_package/share/my_package/package.bash'
[2.313s] INFO:colcon.colcon_core.shell:Creating package script '/home/rokey/1_ws/src/install/my_package/share/my_package/package.zsh'
[2.314s] Level 1:colcon.colcon_core.environment:create_file_with_runtime_dependencies(/home/rokey/1_ws/src/install/my_package/share/colcon-core/packages/my_package)
[2.344s] Level 1:colcon.colcon_core.environment:checking '/home/rokey/1_ws/src/install/my_video_package' for CMake module files
[2.345s] DEBUG:colcon.colcon_core.event_handler.log_command:Invoked command in '/home/rokey/1_ws/src/my_video_package' returned '0': PYTHONPATH=/home/rokey/1_ws/src/build/my_video_package/prefix_override:/usr/lib/python3/dist-packages/colcon_core/task/python/colcon_distutils_commands:/home/rokey/1_ws/src/install/my_video_package/lib/python3.10/site-packages:${PYTHONPATH} /usr/bin/python3 -W ignore:setup.py install is deprecated setup.py egg_info --egg-base ../build/my_video_package build --build-base /home/rokey/1_ws/src/build/my_video_package/build install --record /home/rokey/1_ws/src/build/my_video_package/install.log --single-version-externally-managed install_data
[2.345s] Level 1:colcon.colcon_core.environment:checking '/home/rokey/1_ws/src/install/my_video_package' for CMake config files
[2.346s] Level 1:colcon.colcon_core.environment:checking '/home/rokey/1_ws/src/install/my_video_package/lib'
[2.346s] Level 1:colcon.colcon_core.environment:checking '/home/rokey/1_ws/src/install/my_video_package/bin'
[2.346s] Level 1:colcon.colcon_core.environment:checking '/home/rokey/1_ws/src/install/my_video_package/lib/pkgconfig/my_video_package.pc'
[2.346s] Level 1:colcon.colcon_core.environment:checking '/home/rokey/1_ws/src/install/my_video_package/lib/python3.10/site-packages'
[2.346s] Level 1:colcon.colcon_core.shell:create_environment_hook('my_video_package', 'pythonpath')
[2.346s] INFO:colcon.colcon_core.shell:Creating environment hook '/home/rokey/1_ws/src/install/my_video_package/share/my_video_package/hook/pythonpath.ps1'
[2.347s] INFO:colcon.colcon_core.shell:Creating environment descriptor '/home/rokey/1_ws/src/install/my_video_package/share/my_video_package/hook/pythonpath.dsv'
[2.347s] INFO:colcon.colcon_core.shell:Creating environment hook '/home/rokey/1_ws/src/install/my_video_package/share/my_video_package/hook/pythonpath.sh'
[2.348s] Level 1:colcon.colcon_core.environment:checking '/home/rokey/1_ws/src/install/my_video_package/bin'
[2.348s] Level 1:colcon.colcon_core.environment:create_environment_scripts_only(my_video_package)
[2.348s] INFO:colcon.colcon_core.shell:Creating package script '/home/rokey/1_ws/src/install/my_video_package/share/my_video_package/package.ps1'
[2.349s] INFO:colcon.colcon_core.shell:Creating package descriptor '/home/rokey/1_ws/src/install/my_video_package/share/my_video_package/package.dsv'
[2.356s] INFO:colcon.colcon_core.shell:Creating package script '/home/rokey/1_ws/src/install/my_video_package/share/my_video_package/package.sh'
[2.356s] INFO:colcon.colcon_core.shell:Creating package script '/home/rokey/1_ws/src/install/my_video_package/share/my_video_package/package.bash'
[2.357s] INFO:colcon.colcon_core.shell:Creating package script '/home/rokey/1_ws/src/install/my_video_package/share/my_video_package/package.zsh'
[2.357s] Level 1:colcon.colcon_core.environment:create_file_with_runtime_dependencies(/home/rokey/1_ws/src/install/my_video_package/share/colcon-core/packages/my_video_package)
[2.447s] Level 1:colcon.colcon_core.environment:checking '/home/rokey/1_ws/src/install/my_image_subscriber' for CMake module files
[2.447s] DEBUG:colcon.colcon_core.event_handler.log_command:Invoked command in '/home/rokey/1_ws/src/my_image_subscriber' returned '0': PYTHONPATH=/home/rokey/1_ws/src/build/my_image_subscriber/prefix_override:/usr/lib/python3/dist-packages/colcon_core/task/python/colcon_distutils_commands:/home/rokey/1_ws/src/install/my_image_subscriber/lib/python3.10/site-packages:${PYTHONPATH} /usr/bin/python3 -W ignore:setup.py install is deprecated setup.py egg_info --egg-base ../build/my_image_subscriber build --build-base /home/rokey/1_ws/src/build/my_image_subscriber/build install --record /home/rokey/1_ws/src/build/my_image_subscriber/install.log --single-version-externally-managed install_data
[2.448s] Level 1:colcon.colcon_core.environment:checking '/home/rokey/1_ws/src/install/my_image_subscriber' for CMake config files
[2.449s] Level 1:colcon.colcon_core.environment:checking '/home/rokey/1_ws/src/install/my_image_subscriber/lib'
[2.449s] Level 1:colcon.colcon_core.environment:checking '/home/rokey/1_ws/src/install/my_image_subscriber/bin'
[2.449s] Level 1:colcon.colcon_core.environment:checking '/home/rokey/1_ws/src/install/my_image_subscriber/lib/pkgconfig/my_image_subscriber.pc'
[2.449s] Level 1:colcon.colcon_core.environment:checking '/home/rokey/1_ws/src/install/my_image_subscriber/lib/python3.10/site-packages'
[2.449s] Level 1:colcon.colcon_core.shell:create_environment_hook('my_image_subscriber', 'pythonpath')
[2.450s] INFO:colcon.colcon_core.shell:Creating environment hook '/home/rokey/1_ws/src/install/my_image_subscriber/share/my_image_subscriber/hook/pythonpath.ps1'
[2.450s] INFO:colcon.colcon_core.shell:Creating environment descriptor '/home/rokey/1_ws/src/install/my_image_subscriber/share/my_image_subscriber/hook/pythonpath.dsv'
[2.451s] INFO:colcon.colcon_core.shell:Creating environment hook '/home/rokey/1_ws/src/install/my_image_subscriber/share/my_image_subscriber/hook/pythonpath.sh'
[2.452s] Level 1:colcon.colcon_core.environment:checking '/home/rokey/1_ws/src/install/my_image_subscriber/bin'
[2.452s] Level 1:colcon.colcon_core.environment:create_environment_scripts_only(my_image_subscriber)
[2.452s] INFO:colcon.colcon_core.shell:Creating package script '/home/rokey/1_ws/src/install/my_image_subscriber/share/my_image_subscriber/package.ps1'
[2.453s] INFO:colcon.colcon_core.shell:Creating package descriptor '/home/rokey/1_ws/src/install/my_image_subscriber/share/my_image_subscriber/package.dsv'
[2.453s] INFO:colcon.colcon_core.shell:Creating package script '/home/rokey/1_ws/src/install/my_image_subscriber/share/my_image_subscriber/package.sh'
[2.454s] INFO:colcon.colcon_core.shell:Creating package script '/home/rokey/1_ws/src/install/my_image_subscriber/share/my_image_subscriber/package.bash'
[2.454s] INFO:colcon.colcon_core.shell:Creating package script '/home/rokey/1_ws/src/install/my_image_subscriber/share/my_image_subscriber/package.zsh'
[2.455s] Level 1:colcon.colcon_core.environment:create_file_with_runtime_dependencies(/home/rokey/1_ws/src/install/my_image_subscriber/share/colcon-core/packages/my_image_subscriber)
[2.455s] DEBUG:colcon.colcon_parallel_executor.executor.parallel:closing loop
[2.456s] DEBUG:colcon.colcon_parallel_executor.executor.parallel:loop closed
[2.456s] DEBUG:colcon.colcon_parallel_executor.executor.parallel:run_until_complete finished with '0'
[2.456s] DEBUG:colcon.colcon_core.event_reactor:joining thread
[2.461s] INFO:colcon.colcon_core.plugin_system:Skipping extension 'colcon_notification.desktop_notification.terminal_notifier': Not used on non-Darwin systems
[2.461s] INFO:colcon.colcon_core.plugin_system:Skipping extension 'colcon_notification.desktop_notification.win32': Not used on non-Windows systems
[2.461s] INFO:colcon.colcon_notification.desktop_notification:Sending desktop notification using 'notify2'
[2.475s] DEBUG:colcon.colcon_core.event_reactor:joined thread
[2.476s] INFO:colcon.colcon_core.shell:Creating prefix script '/home/rokey/1_ws/src/install/local_setup.ps1'
[2.477s] INFO:colcon.colcon_core.shell:Creating prefix util module '/home/rokey/1_ws/src/install/_local_setup_util_ps1.py'
[2.479s] INFO:colcon.colcon_core.shell:Creating prefix chain script '/home/rokey/1_ws/src/install/setup.ps1'
[2.481s] INFO:colcon.colcon_core.shell:Creating prefix script '/home/rokey/1_ws/src/install/local_setup.sh'
[2.482s] INFO:colcon.colcon_core.shell:Creating prefix util module '/home/rokey/1_ws/src/install/_local_setup_util_sh.py'
[2.483s] INFO:colcon.colcon_core.shell:Creating prefix chain script '/home/rokey/1_ws/src/install/setup.sh'
[2.484s] INFO:colcon.colcon_core.shell:Creating prefix script '/home/rokey/1_ws/src/install/local_setup.bash'
[2.485s] INFO:colcon.colcon_core.shell:Creating prefix chain script '/home/rokey/1_ws/src/install/setup.bash'
[2.486s] INFO:colcon.colcon_core.shell:Creating prefix script '/home/rokey/1_ws/src/install/local_setup.zsh'
[2.487s] INFO:colcon.colcon_core.shell:Creating prefix chain script '/home/rokey/1_ws/src/install/setup.zsh'
