[2.660s] Invoking command in '/home/rokey/1_ws/src/turtlebot3_custom_publishers': PYTHONPATH=/home/rokey/1_ws/src/build/turtlebot3_custom_publishers/prefix_override:/usr/lib/python3/dist-packages/colcon_core/task/python/colcon_distutils_commands:/home/rokey/1_ws/src/install/turtlebot3_custom_publishers/lib/python3.10/site-packages:${PYTHONPATH} /usr/bin/python3 -W ignore:setup.py install is deprecated setup.py egg_info --egg-base ../build/turtlebot3_custom_publishers build --build-base /home/rokey/1_ws/src/build/turtlebot3_custom_publishers/build install --record /home/rokey/1_ws/src/build/turtlebot3_custom_publishers/install.log --single-version-externally-managed install_data
[3.195s] running egg_info
[3.215s] creating ../build/turtlebot3_custom_publishers/turtlebot3_custom_publishers.egg-info
[3.215s] writing ../build/turtlebot3_custom_publishers/turtlebot3_custom_publishers.egg-info/PKG-INFO
[3.216s] writing dependency_links to ../build/turtlebot3_custom_publishers/turtlebot3_custom_publishers.egg-info/dependency_links.txt
[3.216s] writing entry points to ../build/turtlebot3_custom_publishers/turtlebot3_custom_publishers.egg-info/entry_points.txt
[3.216s] writing requirements to ../build/turtlebot3_custom_publishers/turtlebot3_custom_publishers.egg-info/requires.txt
[3.216s] writing top-level names to ../build/turtlebot3_custom_publishers/turtlebot3_custom_publishers.egg-info/top_level.txt
[3.216s] writing manifest file '../build/turtlebot3_custom_publishers/turtlebot3_custom_publishers.egg-info/SOURCES.txt'
[3.254s] reading manifest file '../build/turtlebot3_custom_publishers/turtlebot3_custom_publishers.egg-info/SOURCES.txt'
[3.256s] writing manifest file '../build/turtlebot3_custom_publishers/turtlebot3_custom_publishers.egg-info/SOURCES.txt'
[3.256s] running build
[3.256s] running build_py
[3.256s] creating /home/rokey/1_ws/src/build/turtlebot3_custom_publishers/build/lib/turtlebot3_custom_publishers
[3.256s] copying turtlebot3_custom_publishers/__init__.py -> /home/rokey/1_ws/src/build/turtlebot3_custom_publishers/build/lib/turtlebot3_custom_publishers
[3.257s] copying turtlebot3_custom_publishers/publish_initial_and_goal.py -> /home/rokey/1_ws/src/build/turtlebot3_custom_publishers/build/lib/turtlebot3_custom_publishers
[3.257s] running install
[3.262s] running install_lib
[3.282s] creating /home/rokey/1_ws/src/install/turtlebot3_custom_publishers/lib/python3.10/site-packages/turtlebot3_custom_publishers
[3.282s] copying /home/rokey/1_ws/src/build/turtlebot3_custom_publishers/build/lib/turtlebot3_custom_publishers/__init__.py -> /home/rokey/1_ws/src/install/turtlebot3_custom_publishers/lib/python3.10/site-packages/turtlebot3_custom_publishers
[3.282s] copying /home/rokey/1_ws/src/build/turtlebot3_custom_publishers/build/lib/turtlebot3_custom_publishers/publish_initial_and_goal.py -> /home/rokey/1_ws/src/install/turtlebot3_custom_publishers/lib/python3.10/site-packages/turtlebot3_custom_publishers
[3.283s] byte-compiling /home/rokey/1_ws/src/install/turtlebot3_custom_publishers/lib/python3.10/site-packages/turtlebot3_custom_publishers/__init__.py to __init__.cpython-310.pyc
[3.283s] byte-compiling /home/rokey/1_ws/src/install/turtlebot3_custom_publishers/lib/python3.10/site-packages/turtlebot3_custom_publishers/publish_initial_and_goal.py to publish_initial_and_goal.cpython-310.pyc
[3.285s] running install_data
[3.285s] copying package.xml -> /home/rokey/1_ws/src/install/turtlebot3_custom_publishers/share/turtlebot3_custom_publishers
[3.285s] creating /home/rokey/1_ws/src/install/turtlebot3_custom_publishers/share/turtlebot3_custom_publishers/launch
[3.285s] running install_egg_info
[3.305s] Copying ../build/turtlebot3_custom_publishers/turtlebot3_custom_publishers.egg-info to /home/rokey/1_ws/src/install/turtlebot3_custom_publishers/lib/python3.10/site-packages/turtlebot3_custom_publishers-0.0.0-py3.10.egg-info
[3.306s] running install_scripts
[3.455s] Installing publish_initial_and_goal script to /home/rokey/1_ws/src/install/turtlebot3_custom_publishers/lib/turtlebot3_custom_publishers
[3.455s] writing list of installed files to '/home/rokey/1_ws/src/build/turtlebot3_custom_publishers/install.log'
[3.487s] Invoked command in '/home/rokey/1_ws/src/turtlebot3_custom_publishers' returned '0': PYTHONPATH=/home/rokey/1_ws/src/build/turtlebot3_custom_publishers/prefix_override:/usr/lib/python3/dist-packages/colcon_core/task/python/colcon_distutils_commands:/home/rokey/1_ws/src/install/turtlebot3_custom_publishers/lib/python3.10/site-packages:${PYTHONPATH} /usr/bin/python3 -W ignore:setup.py install is deprecated setup.py egg_info --egg-base ../build/turtlebot3_custom_publishers build --build-base /home/rokey/1_ws/src/build/turtlebot3_custom_publishers/build install --record /home/rokey/1_ws/src/build/turtlebot3_custom_publishers/install.log --single-version-externally-managed install_data
