[2.220s] Invoking command in '/home/rokey/1_ws/src/my_package': PYTHONPATH=/home/rokey/1_ws/src/build/my_package/prefix_override:/usr/lib/python3/dist-packages/colcon_core/task/python/colcon_distutils_commands:/home/rokey/1_ws/src/install/my_package/lib/python3.10/site-packages:${PYTHONPATH} /usr/bin/python3 -W ignore:setup.py install is deprecated setup.py egg_info --egg-base ../build/my_package build --build-base /home/rokey/1_ws/src/build/my_package/build install --record /home/rokey/1_ws/src/build/my_package/install.log --single-version-externally-managed install_data
[2.629s] running egg_info
[2.650s] creating ../build/my_package/my_package.egg-info
[2.650s] writing ../build/my_package/my_package.egg-info/PKG-INFO
[2.651s] writing dependency_links to ../build/my_package/my_package.egg-info/dependency_links.txt
[2.651s] writing entry points to ../build/my_package/my_package.egg-info/entry_points.txt
[2.651s] writing requirements to ../build/my_package/my_package.egg-info/requires.txt
[2.651s] writing top-level names to ../build/my_package/my_package.egg-info/top_level.txt
[2.651s] writing manifest file '../build/my_package/my_package.egg-info/SOURCES.txt'
[2.694s] reading manifest file '../build/my_package/my_package.egg-info/SOURCES.txt'
[2.695s] writing manifest file '../build/my_package/my_package.egg-info/SOURCES.txt'
[2.695s] running build
[2.695s] running build_py
[2.695s] creating /home/rokey/1_ws/src/build/my_package/build/lib/my_package
[2.696s] copying my_package/publisher.py -> /home/rokey/1_ws/src/build/my_package/build/lib/my_package
[2.697s] copying my_package/__init__.py -> /home/rokey/1_ws/src/build/my_package/build/lib/my_package
[2.697s] copying my_package/subscriber.py -> /home/rokey/1_ws/src/build/my_package/build/lib/my_package
[2.698s] running install
[2.704s] running install_lib
[2.724s] creating /home/rokey/1_ws/src/install/my_package/lib/python3.10/site-packages/my_package
[2.724s] copying /home/rokey/1_ws/src/build/my_package/build/lib/my_package/publisher.py -> /home/rokey/1_ws/src/install/my_package/lib/python3.10/site-packages/my_package
[2.725s] copying /home/rokey/1_ws/src/build/my_package/build/lib/my_package/__init__.py -> /home/rokey/1_ws/src/install/my_package/lib/python3.10/site-packages/my_package
[2.725s] copying /home/rokey/1_ws/src/build/my_package/build/lib/my_package/subscriber.py -> /home/rokey/1_ws/src/install/my_package/lib/python3.10/site-packages/my_package
[2.726s] byte-compiling /home/rokey/1_ws/src/install/my_package/lib/python3.10/site-packages/my_package/publisher.py to publisher.cpython-310.pyc
[2.726s] byte-compiling /home/rokey/1_ws/src/install/my_package/lib/python3.10/site-packages/my_package/__init__.py to __init__.cpython-310.pyc
[2.726s] byte-compiling /home/rokey/1_ws/src/install/my_package/lib/python3.10/site-packages/my_package/subscriber.py to subscriber.cpython-310.pyc
[2.727s] running install_data
[2.727s] creating /home/rokey/1_ws/src/install/my_package/share/ament_index/resource_index/packages
[2.727s] copying resource/my_package -> /home/rokey/1_ws/src/install/my_package/share/ament_index/resource_index/packages
[2.728s] copying package.xml -> /home/rokey/1_ws/src/install/my_package/share/my_package
[2.728s] running install_egg_info
[2.752s] Copying ../build/my_package/my_package.egg-info to /home/rokey/1_ws/src/install/my_package/lib/python3.10/site-packages/my_package-0.0.0-py3.10.egg-info
[2.753s] running install_scripts
[3.014s] Installing publisher script to /home/rokey/1_ws/src/install/my_package/lib/my_package
[3.015s] Installing subscriber script to /home/rokey/1_ws/src/install/my_package/lib/my_package
[3.015s] writing list of installed files to '/home/rokey/1_ws/src/build/my_package/install.log'
[3.074s] Invoked command in '/home/rokey/1_ws/src/my_package' returned '0': PYTHONPATH=/home/rokey/1_ws/src/build/my_package/prefix_override:/usr/lib/python3/dist-packages/colcon_core/task/python/colcon_distutils_commands:/home/rokey/1_ws/src/install/my_package/lib/python3.10/site-packages:${PYTHONPATH} /usr/bin/python3 -W ignore:setup.py install is deprecated setup.py egg_info --egg-base ../build/my_package build --build-base /home/rokey/1_ws/src/build/my_package/build install --record /home/rokey/1_ws/src/build/my_package/install.log --single-version-externally-managed install_data
