[1.369s] Invoking command in '/home/rokey/1_ws/src/amr_yolo': PYTHONPATH=/home/rokey/1_ws/src/build/amr_yolo/prefix_override:/usr/lib/python3/dist-packages/colcon_core/task/python/colcon_distutils_commands:/home/rokey/1_ws/src/install/amr_yolo/lib/python3.10/site-packages:${PYTHONPATH} /usr/bin/python3 -W ignore:setup.py install is deprecated setup.py egg_info --egg-base ../build/amr_yolo build --build-base /home/rokey/1_ws/src/build/amr_yolo/build install --record /home/rokey/1_ws/src/build/amr_yolo/install.log --single-version-externally-managed
[1.684s] running egg_info
[1.685s] creating ../build/amr_yolo/amr_yolo.egg-info
[1.685s] writing ../build/amr_yolo/amr_yolo.egg-info/PKG-INFO
[1.685s] writing dependency_links to ../build/amr_yolo/amr_yolo.egg-info/dependency_links.txt
[1.685s] writing entry points to ../build/amr_yolo/amr_yolo.egg-info/entry_points.txt
[1.685s] writing requirements to ../build/amr_yolo/amr_yolo.egg-info/requires.txt
[1.685s] writing top-level names to ../build/amr_yolo/amr_yolo.egg-info/top_level.txt
[1.685s] writing manifest file '../build/amr_yolo/amr_yolo.egg-info/SOURCES.txt'
[1.687s] reading manifest file '../build/amr_yolo/amr_yolo.egg-info/SOURCES.txt'
[1.687s] writing manifest file '../build/amr_yolo/amr_yolo.egg-info/SOURCES.txt'
[1.688s] running build
[1.688s] running build_py
[1.688s] creating /home/rokey/1_ws/src/build/amr_yolo/build
[1.688s] creating /home/rokey/1_ws/src/build/amr_yolo/build/lib
[1.688s] creating /home/rokey/1_ws/src/build/amr_yolo/build/lib/amr_yolo
[1.688s] copying amr_yolo/__init__.py -> /home/rokey/1_ws/src/build/amr_yolo/build/lib/amr_yolo
[1.688s] copying amr_yolo/amr_yolo.py -> /home/rokey/1_ws/src/build/amr_yolo/build/lib/amr_yolo
[1.688s] running install
[1.689s] running install_lib
[1.689s] creating /home/rokey/1_ws/src/install/amr_yolo/lib/python3.10/site-packages/amr_yolo
[1.689s] copying /home/rokey/1_ws/src/build/amr_yolo/build/lib/amr_yolo/__init__.py -> /home/rokey/1_ws/src/install/amr_yolo/lib/python3.10/site-packages/amr_yolo
[1.689s] copying /home/rokey/1_ws/src/build/amr_yolo/build/lib/amr_yolo/amr_yolo.py -> /home/rokey/1_ws/src/install/amr_yolo/lib/python3.10/site-packages/amr_yolo
[1.689s] byte-compiling /home/rokey/1_ws/src/install/amr_yolo/lib/python3.10/site-packages/amr_yolo/__init__.py to __init__.cpython-310.pyc
[1.690s] byte-compiling /home/rokey/1_ws/src/install/amr_yolo/lib/python3.10/site-packages/amr_yolo/amr_yolo.py to amr_yolo.cpython-310.pyc
[1.690s] running install_egg_info
[1.692s] Copying ../build/amr_yolo/amr_yolo.egg-info to /home/rokey/1_ws/src/install/amr_yolo/lib/python3.10/site-packages/amr_yolo-0.0.1-py3.10.egg-info
[1.692s] running install_scripts
[1.712s] Installing amr_yolo script to /home/rokey/1_ws/src/install/amr_yolo/lib/amr_yolo
[1.712s] writing list of installed files to '/home/rokey/1_ws/src/build/amr_yolo/install.log'
[1.734s] Invoked command in '/home/rokey/1_ws/src/amr_yolo' returned '0': PYTHONPATH=/home/rokey/1_ws/src/build/amr_yolo/prefix_override:/usr/lib/python3/dist-packages/colcon_core/task/python/colcon_distutils_commands:/home/rokey/1_ws/src/install/amr_yolo/lib/python3.10/site-packages:${PYTHONPATH} /usr/bin/python3 -W ignore:setup.py install is deprecated setup.py egg_info --egg-base ../build/amr_yolo build --build-base /home/rokey/1_ws/src/build/amr_yolo/build install --record /home/rokey/1_ws/src/build/amr_yolo/install.log --single-version-externally-managed
