[1.450s] Invoking command in '/home/rokey/1_ws/src/my_package': PYTHONPATH=/home/rokey/1_ws/src/build/my_package/prefix_override:/usr/lib/python3/dist-packages/colcon_core/task/python/colcon_distutils_commands:/home/rokey/1_ws/src/install/my_package/lib/python3.10/site-packages:${PYTHONPATH} /usr/bin/python3 -W ignore:setup.py install is deprecated setup.py egg_info --egg-base ../build/my_package build --build-base /home/rokey/1_ws/src/build/my_package/build install --record /home/rokey/1_ws/src/build/my_package/install.log --single-version-externally-managed install_data
[1.759s] running egg_info
[1.759s] writing ../build/my_package/my_package.egg-info/PKG-INFO
[1.759s] writing dependency_links to ../build/my_package/my_package.egg-info/dependency_links.txt
[1.760s] writing entry points to ../build/my_package/my_package.egg-info/entry_points.txt
[1.760s] writing requirements to ../build/my_package/my_package.egg-info/requires.txt
[1.760s] writing top-level names to ../build/my_package/my_package.egg-info/top_level.txt
[1.760s] reading manifest file '../build/my_package/my_package.egg-info/SOURCES.txt'
[1.763s] writing manifest file '../build/my_package/my_package.egg-info/SOURCES.txt'
[1.763s] running build
[1.763s] running build_py
[1.764s] running install
[1.764s] running install_lib
[1.764s] running install_data
[1.764s] running install_egg_info
[1.767s] removing '/home/rokey/1_ws/src/install/my_package/lib/python3.10/site-packages/my_package-0.0.0-py3.10.egg-info' (and everything under it)
[1.767s] Copying ../build/my_package/my_package.egg-info to /home/rokey/1_ws/src/install/my_package/lib/python3.10/site-packages/my_package-0.0.0-py3.10.egg-info
[1.767s] running install_scripts
[1.791s] Installing publisher script to /home/rokey/1_ws/src/install/my_package/lib/my_package
[1.791s] Installing subscriber script to /home/rokey/1_ws/src/install/my_package/lib/my_package
[1.795s] writing list of installed files to '/home/rokey/1_ws/src/build/my_package/install.log'
[1.827s] Invoked command in '/home/rokey/1_ws/src/my_package' returned '0': PYTHONPATH=/home/rokey/1_ws/src/build/my_package/prefix_override:/usr/lib/python3/dist-packages/colcon_core/task/python/colcon_distutils_commands:/home/rokey/1_ws/src/install/my_package/lib/python3.10/site-packages:${PYTHONPATH} /usr/bin/python3 -W ignore:setup.py install is deprecated setup.py egg_info --egg-base ../build/my_package build --build-base /home/rokey/1_ws/src/build/my_package/build install --record /home/rokey/1_ws/src/build/my_package/install.log --single-version-externally-managed install_data
