[0.141s] DEBUG:colcon:Command line arguments: ['/usr/bin/colcon', 'build']
[0.142s] DEBUG:colcon:Parsed command line arguments: Namespace(log_base=None, log_level=None, verb_name='build', build_base='build', install_base='install', merge_install=False, symlink_install=False, test_result_base=None, continue_on_error=False, executor='parallel', parallel_workers=8, event_handlers=None, ignore_user_meta=False, metas=['./colcon.meta'], base_paths=['.'], packages_ignore=None, packages_ignore_regex=None, paths=None, packages_up_to=None, packages_up_to_regex=None, packages_above=None, packages_above_and_dependencies=None, packages_above_depth=None, packages_select_by_dep=None, packages_skip_by_dep=None, packages_skip_up_to=None, packages_select_build_failed=False, packages_skip_build_finished=False, packages_select_test_failures=False, packages_skip_test_passed=False, packages_select=None, packages_skip=None, packages_select_regex=None, packages_skip_regex=None, packages_start=None, packages_end=None, allow_overriding=[], cmake_args=None, cmake_target=None, cmake_target_skip_unavailable=False, cmake_clean_cache=False, cmake_clean_first=False, cmake_force_configure=False, ament_cmake_args=None, catkin_cmake_args=None, catkin_skip_building_tests=False, verb_parser=<colcon_defaults.argument_parser.defaults.DefaultArgumentsDecorator object at 0x7f577d43d090>, verb_extension=<colcon_core.verb.build.BuildVerb object at 0x7f577d53dc90>, main=<bound method BuildVerb.main of <colcon_core.verb.build.BuildVerb object at 0x7f577d53dc90>>)
[0.378s] Level 1:colcon.colcon_core.package_discovery:discover_packages(colcon_meta) check parameters
[0.378s] Level 1:colcon.colcon_core.package_discovery:discover_packages(recursive) check parameters
[0.378s] Level 1:colcon.colcon_core.package_discovery:discover_packages(ignore) check parameters
[0.378s] Level 1:colcon.colcon_core.package_discovery:discover_packages(path) check parameters
[0.378s] Level 1:colcon.colcon_core.package_discovery:discover_packages(colcon_meta) discover
[0.378s] Level 1:colcon.colcon_core.package_discovery:discover_packages(recursive) discover
[0.378s] INFO:colcon.colcon_core.package_discovery:Crawling recursively for packages in '/home/rokey/1_ws/src'
[0.378s] Level 1:colcon.colcon_core.package_identification:_identify(.) by extensions ['ignore', 'ignore_ament_install']
[0.378s] Level 1:colcon.colcon_core.package_identification:_identify(.) by extension 'ignore'
[0.378s] Level 1:colcon.colcon_core.package_identification:_identify(.) by extension 'ignore_ament_install'
[0.378s] Level 1:colcon.colcon_core.package_identification:_identify(.) by extensions ['colcon_pkg']
[0.378s] Level 1:colcon.colcon_core.package_identification:_identify(.) by extension 'colcon_pkg'
[0.378s] Level 1:colcon.colcon_core.package_identification:_identify(.) by extensions ['colcon_meta']
[0.378s] Level 1:colcon.colcon_core.package_identification:_identify(.) by extension 'colcon_meta'
[0.378s] Level 1:colcon.colcon_core.package_identification:_identify(.) by extensions ['ros']
[0.378s] Level 1:colcon.colcon_core.package_identification:_identify(.) by extension 'ros'
[0.390s] Level 1:colcon.colcon_core.package_identification:_identify(.) by extensions ['cmake', 'python']
[0.390s] Level 1:colcon.colcon_core.package_identification:_identify(.) by extension 'cmake'
[0.390s] Level 1:colcon.colcon_core.package_identification:_identify(.) by extension 'python'
[0.390s] Level 1:colcon.colcon_core.package_identification:_identify(.) by extensions ['python_setup_py']
[0.390s] Level 1:colcon.colcon_core.package_identification:_identify(.) by extension 'python_setup_py'
[0.390s] Level 1:colcon.colcon_core.package_identification:_identify(build) by extensions ['ignore', 'ignore_ament_install']
[0.390s] Level 1:colcon.colcon_core.package_identification:_identify(build) by extension 'ignore'
[0.390s] Level 1:colcon.colcon_core.package_identification:_identify(build) ignored
[0.390s] Level 1:colcon.colcon_core.package_identification:_identify(install) by extensions ['ignore', 'ignore_ament_install']
[0.390s] Level 1:colcon.colcon_core.package_identification:_identify(install) by extension 'ignore'
[0.390s] Level 1:colcon.colcon_core.package_identification:_identify(install) ignored
[0.390s] Level 1:colcon.colcon_core.package_identification:_identify(log) by extensions ['ignore', 'ignore_ament_install']
[0.391s] Level 1:colcon.colcon_core.package_identification:_identify(log) by extension 'ignore'
[0.391s] Level 1:colcon.colcon_core.package_identification:_identify(log) ignored
[0.391s] Level 1:colcon.colcon_core.package_identification:_identify(my_image_subscriber) by extensions ['ignore', 'ignore_ament_install']
[0.391s] Level 1:colcon.colcon_core.package_identification:_identify(my_image_subscriber) by extension 'ignore'
[0.391s] Level 1:colcon.colcon_core.package_identification:_identify(my_image_subscriber) by extension 'ignore_ament_install'
[0.391s] Level 1:colcon.colcon_core.package_identification:_identify(my_image_subscriber) by extensions ['colcon_pkg']
[0.391s] Level 1:colcon.colcon_core.package_identification:_identify(my_image_subscriber) by extension 'colcon_pkg'
[0.391s] Level 1:colcon.colcon_core.package_identification:_identify(my_image_subscriber) by extensions ['colcon_meta']
[0.391s] Level 1:colcon.colcon_core.package_identification:_identify(my_image_subscriber) by extension 'colcon_meta'
[0.391s] Level 1:colcon.colcon_core.package_identification:_identify(my_image_subscriber) by extensions ['ros']
[0.391s] Level 1:colcon.colcon_core.package_identification:_identify(my_image_subscriber) by extension 'ros'
[0.393s] DEBUG:colcon.colcon_core.package_identification:Package 'my_image_subscriber' with type 'ros.ament_python' and name 'my_image_subscriber'
[0.393s] Level 1:colcon.colcon_core.package_identification:_identify(my_package) by extensions ['ignore', 'ignore_ament_install']
[0.393s] Level 1:colcon.colcon_core.package_identification:_identify(my_package) by extension 'ignore'
[0.393s] Level 1:colcon.colcon_core.package_identification:_identify(my_package) by extension 'ignore_ament_install'
[0.393s] Level 1:colcon.colcon_core.package_identification:_identify(my_package) by extensions ['colcon_pkg']
[0.393s] Level 1:colcon.colcon_core.package_identification:_identify(my_package) by extension 'colcon_pkg'
[0.394s] Level 1:colcon.colcon_core.package_identification:_identify(my_package) by extensions ['colcon_meta']
[0.394s] Level 1:colcon.colcon_core.package_identification:_identify(my_package) by extension 'colcon_meta'
[0.394s] Level 1:colcon.colcon_core.package_identification:_identify(my_package) by extensions ['ros']
[0.394s] Level 1:colcon.colcon_core.package_identification:_identify(my_package) by extension 'ros'
[0.394s] DEBUG:colcon.colcon_core.package_identification:Package 'my_package' with type 'ros.ament_python' and name 'my_package'
[0.394s] Level 1:colcon.colcon_core.package_identification:_identify(my_video_package) by extensions ['ignore', 'ignore_ament_install']
[0.394s] Level 1:colcon.colcon_core.package_identification:_identify(my_video_package) by extension 'ignore'
[0.394s] Level 1:colcon.colcon_core.package_identification:_identify(my_video_package) by extension 'ignore_ament_install'
[0.394s] Level 1:colcon.colcon_core.package_identification:_identify(my_video_package) by extensions ['colcon_pkg']
[0.394s] Level 1:colcon.colcon_core.package_identification:_identify(my_video_package) by extension 'colcon_pkg'
[0.395s] Level 1:colcon.colcon_core.package_identification:_identify(my_video_package) by extensions ['colcon_meta']
[0.395s] Level 1:colcon.colcon_core.package_identification:_identify(my_video_package) by extension 'colcon_meta'
[0.395s] Level 1:colcon.colcon_core.package_identification:_identify(my_video_package) by extensions ['ros']
[0.395s] Level 1:colcon.colcon_core.package_identification:_identify(my_video_package) by extension 'ros'
[0.395s] DEBUG:colcon.colcon_core.package_identification:Package 'my_video_package' with type 'ros.ament_python' and name 'my_video_package'
[0.395s] Level 1:colcon.colcon_core.package_discovery:discover_packages(recursive) using defaults
[0.395s] Level 1:colcon.colcon_core.package_discovery:discover_packages(ignore) discover
[0.395s] Level 1:colcon.colcon_core.package_discovery:discover_packages(ignore) using defaults
[0.395s] Level 1:colcon.colcon_core.package_discovery:discover_packages(path) discover
[0.395s] Level 1:colcon.colcon_core.package_discovery:discover_packages(path) using defaults
[0.415s] Level 1:colcon.colcon_core.package_discovery:discover_packages(prefix_path) check parameters
[0.415s] Level 1:colcon.colcon_core.package_discovery:discover_packages(prefix_path) discover
[0.416s] DEBUG:colcon.colcon_installed_package_information.package_discovery:Found 3 installed packages in /home/rokey/1_ws/src/install
[0.417s] DEBUG:colcon.colcon_installed_package_information.package_discovery:Found 2 installed packages in /home/rokey/1_ws/install
[0.418s] DEBUG:colcon.colcon_installed_package_information.package_discovery:Found 277 installed packages in /opt/ros/humble
[0.435s] Level 1:colcon.colcon_core.package_discovery:discover_packages(prefix_path) using defaults
[0.485s] Level 5:colcon.colcon_core.verb:set package 'my_image_subscriber' build argument 'cmake_args' from command line to 'None'
[0.485s] Level 5:colcon.colcon_core.verb:set package 'my_image_subscriber' build argument 'cmake_target' from command line to 'None'
[0.485s] Level 5:colcon.colcon_core.verb:set package 'my_image_subscriber' build argument 'cmake_target_skip_unavailable' from command line to 'False'
[0.485s] Level 5:colcon.colcon_core.verb:set package 'my_image_subscriber' build argument 'cmake_clean_cache' from command line to 'False'
[0.485s] Level 5:colcon.colcon_core.verb:set package 'my_image_subscriber' build argument 'cmake_clean_first' from command line to 'False'
[0.485s] Level 5:colcon.colcon_core.verb:set package 'my_image_subscriber' build argument 'cmake_force_configure' from command line to 'False'
[0.485s] Level 5:colcon.colcon_core.verb:set package 'my_image_subscriber' build argument 'ament_cmake_args' from command line to 'None'
[0.485s] Level 5:colcon.colcon_core.verb:set package 'my_image_subscriber' build argument 'catkin_cmake_args' from command line to 'None'
[0.485s] Level 5:colcon.colcon_core.verb:set package 'my_image_subscriber' build argument 'catkin_skip_building_tests' from command line to 'False'
[0.485s] DEBUG:colcon.colcon_core.verb:Building package 'my_image_subscriber' with the following arguments: {'ament_cmake_args': None, 'build_base': '/home/rokey/1_ws/src/build/my_image_subscriber', 'catkin_cmake_args': None, 'catkin_skip_building_tests': False, 'cmake_args': None, 'cmake_clean_cache': False, 'cmake_clean_first': False, 'cmake_force_configure': False, 'cmake_target': None, 'cmake_target_skip_unavailable': False, 'install_base': '/home/rokey/1_ws/src/install/my_image_subscriber', 'merge_install': False, 'path': '/home/rokey/1_ws/src/my_image_subscriber', 'symlink_install': False, 'test_result_base': None}
[0.486s] Level 5:colcon.colcon_core.verb:set package 'my_package' build argument 'cmake_args' from command line to 'None'
[0.486s] Level 5:colcon.colcon_core.verb:set package 'my_package' build argument 'cmake_target' from command line to 'None'
[0.486s] Level 5:colcon.colcon_core.verb:set package 'my_package' build argument 'cmake_target_skip_unavailable' from command line to 'False'
[0.486s] Level 5:colcon.colcon_core.verb:set package 'my_package' build argument 'cmake_clean_cache' from command line to 'False'
[0.486s] Level 5:colcon.colcon_core.verb:set package 'my_package' build argument 'cmake_clean_first' from command line to 'False'
[0.486s] Level 5:colcon.colcon_core.verb:set package 'my_package' build argument 'cmake_force_configure' from command line to 'False'
[0.486s] Level 5:colcon.colcon_core.verb:set package 'my_package' build argument 'ament_cmake_args' from command line to 'None'
[0.486s] Level 5:colcon.colcon_core.verb:set package 'my_package' build argument 'catkin_cmake_args' from command line to 'None'
[0.486s] Level 5:colcon.colcon_core.verb:set package 'my_package' build argument 'catkin_skip_building_tests' from command line to 'False'
[0.486s] DEBUG:colcon.colcon_core.verb:Building package 'my_package' with the following arguments: {'ament_cmake_args': None, 'build_base': '/home/rokey/1_ws/src/build/my_package', 'catkin_cmake_args': None, 'catkin_skip_building_tests': False, 'cmake_args': None, 'cmake_clean_cache': False, 'cmake_clean_first': False, 'cmake_force_configure': False, 'cmake_target': None, 'cmake_target_skip_unavailable': False, 'install_base': '/home/rokey/1_ws/src/install/my_package', 'merge_install': False, 'path': '/home/rokey/1_ws/src/my_package', 'symlink_install': False, 'test_result_base': None}
[0.487s] Level 5:colcon.colcon_core.verb:set package 'my_video_package' build argument 'cmake_args' from command line to 'None'
[0.487s] Level 5:colcon.colcon_core.verb:set package 'my_video_package' build argument 'cmake_target' from command line to 'None'
[0.487s] Level 5:colcon.colcon_core.verb:set package 'my_video_package' build argument 'cmake_target_skip_unavailable' from command line to 'False'
[0.487s] Level 5:colcon.colcon_core.verb:set package 'my_video_package' build argument 'cmake_clean_cache' from command line to 'False'
[0.487s] Level 5:colcon.colcon_core.verb:set package 'my_video_package' build argument 'cmake_clean_first' from command line to 'False'
[0.487s] Level 5:colcon.colcon_core.verb:set package 'my_video_package' build argument 'cmake_force_configure' from command line to 'False'
[0.487s] Level 5:colcon.colcon_core.verb:set package 'my_video_package' build argument 'ament_cmake_args' from command line to 'None'
[0.487s] Level 5:colcon.colcon_core.verb:set package 'my_video_package' build argument 'catkin_cmake_args' from command line to 'None'
[0.487s] Level 5:colcon.colcon_core.verb:set package 'my_video_package' build argument 'catkin_skip_building_tests' from command line to 'False'
[0.488s] DEBUG:colcon.colcon_core.verb:Building package 'my_video_package' with the following arguments: {'ament_cmake_args': None, 'build_base': '/home/rokey/1_ws/src/build/my_video_package', 'catkin_cmake_args': None, 'catkin_skip_building_tests': False, 'cmake_args': None, 'cmake_clean_cache': False, 'cmake_clean_first': False, 'cmake_force_configure': False, 'cmake_target': None, 'cmake_target_skip_unavailable': False, 'install_base': '/home/rokey/1_ws/src/install/my_video_package', 'merge_install': False, 'path': '/home/rokey/1_ws/src/my_video_package', 'symlink_install': False, 'test_result_base': None}
[0.488s] INFO:colcon.colcon_core.executor:Executing jobs using 'parallel' executor
[0.489s] DEBUG:colcon.colcon_parallel_executor.executor.parallel:run_until_complete
[0.489s] INFO:colcon.colcon_ros.task.ament_python.build:Building ROS package in '/home/rokey/1_ws/src/my_image_subscriber' with build type 'ament_python'
[0.490s] Level 1:colcon.colcon_core.shell:create_environment_hook('my_image_subscriber', 'ament_prefix_path')
[0.492s] INFO:colcon.colcon_core.plugin_system:Skipping extension 'colcon_core.shell.bat': Not used on non-Windows systems
[0.492s] INFO:colcon.colcon_core.shell:Creating environment hook '/home/rokey/1_ws/src/install/my_image_subscriber/share/my_image_subscriber/hook/ament_prefix_path.ps1'
[0.493s] INFO:colcon.colcon_core.shell:Creating environment descriptor '/home/rokey/1_ws/src/install/my_image_subscriber/share/my_image_subscriber/hook/ament_prefix_path.dsv'
[0.494s] INFO:colcon.colcon_core.shell:Creating environment hook '/home/rokey/1_ws/src/install/my_image_subscriber/share/my_image_subscriber/hook/ament_prefix_path.sh'
[0.494s] INFO:colcon.colcon_core.shell:Skip shell extension 'powershell' for command environment: Not usable outside of PowerShell
[0.495s] DEBUG:colcon.colcon_core.shell:Skip shell extension 'dsv' for command environment
[0.501s] INFO:colcon.colcon_ros.task.ament_python.build:Building ROS package in '/home/rokey/1_ws/src/my_package' with build type 'ament_python'
[0.501s] Level 1:colcon.colcon_core.shell:create_environment_hook('my_package', 'ament_prefix_path')
[0.501s] INFO:colcon.colcon_core.shell:Creating environment hook '/home/rokey/1_ws/src/install/my_package/share/my_package/hook/ament_prefix_path.ps1'
[0.502s] INFO:colcon.colcon_core.shell:Creating environment descriptor '/home/rokey/1_ws/src/install/my_package/share/my_package/hook/ament_prefix_path.dsv'
[0.502s] INFO:colcon.colcon_core.shell:Creating environment hook '/home/rokey/1_ws/src/install/my_package/share/my_package/hook/ament_prefix_path.sh'
[0.503s] INFO:colcon.colcon_core.shell:Skip shell extension 'powershell' for command environment: Not usable outside of PowerShell
[0.503s] DEBUG:colcon.colcon_core.shell:Skip shell extension 'dsv' for command environment
[0.506s] INFO:colcon.colcon_ros.task.ament_python.build:Building ROS package in '/home/rokey/1_ws/src/my_video_package' with build type 'ament_python'
[0.506s] Level 1:colcon.colcon_core.shell:create_environment_hook('my_video_package', 'ament_prefix_path')
[0.506s] INFO:colcon.colcon_core.shell:Creating environment hook '/home/rokey/1_ws/src/install/my_video_package/share/my_video_package/hook/ament_prefix_path.ps1'
[0.507s] INFO:colcon.colcon_core.shell:Creating environment descriptor '/home/rokey/1_ws/src/install/my_video_package/share/my_video_package/hook/ament_prefix_path.dsv'
[0.507s] INFO:colcon.colcon_core.shell:Creating environment hook '/home/rokey/1_ws/src/install/my_video_package/share/my_video_package/hook/ament_prefix_path.sh'
[0.507s] INFO:colcon.colcon_core.shell:Skip shell extension 'powershell' for command environment: Not usable outside of PowerShell
[0.507s] DEBUG:colcon.colcon_core.shell:Skip shell extension 'dsv' for command environment
[0.842s] WARNING:colcon.colcon_ros.task.ament_python.build:Package 'my_image_subscriber' doesn't explicitly install a marker in the package index (colcon-ros currently does it implicitly but that fallback will be removed in the future)
[0.842s] WARNING:colcon.colcon_ros.task.ament_python.build:Package 'my_image_subscriber' doesn't explicitly install the 'package.xml' file (colcon-ros currently does it implicitly but that fallback will be removed in the future)
[0.843s] INFO:colcon.colcon_core.task.python.build:Building Python package in '/home/rokey/1_ws/src/my_image_subscriber'
[0.843s] INFO:colcon.colcon_core.shell:Skip shell extension 'powershell' for command environment: Not usable outside of PowerShell
[0.843s] DEBUG:colcon.colcon_core.shell:Skip shell extension 'dsv' for command environment
[1.200s] INFO:colcon.colcon_core.task.python.build:Building Python package in '/home/rokey/1_ws/src/my_package'
[1.200s] INFO:colcon.colcon_core.shell:Skip shell extension 'powershell' for command environment: Not usable outside of PowerShell
[1.200s] DEBUG:colcon.colcon_core.shell:Skip shell extension 'dsv' for command environment
[1.566s] WARNING:colcon.colcon_ros.task.ament_python.build:Package 'my_video_package' doesn't explicitly install a marker in the package index (colcon-ros currently does it implicitly but that fallback will be removed in the future)
[1.567s] INFO:colcon.colcon_core.task.python.build:Building Python package in '/home/rokey/1_ws/src/my_video_package'
[1.567s] INFO:colcon.colcon_core.shell:Skip shell extension 'powershell' for command environment: Not usable outside of PowerShell
[1.567s] DEBUG:colcon.colcon_core.shell:Skip shell extension 'dsv' for command environment
[1.961s] DEBUG:colcon.colcon_core.event_handler.log_command:Invoking command in '/home/rokey/1_ws/src/my_package': PYTHONPATH=/home/rokey/1_ws/src/build/my_package/prefix_override:/usr/lib/python3/dist-packages/colcon_core/task/python/colcon_distutils_commands:/home/rokey/1_ws/src/install/my_package/lib/python3.10/site-packages:${PYTHONPATH} /usr/bin/python3 -W ignore:setup.py install is deprecated setup.py egg_info --egg-base ../build/my_package build --build-base /home/rokey/1_ws/src/build/my_package/build install --record /home/rokey/1_ws/src/build/my_package/install.log --single-version-externally-managed install_data
[1.982s] DEBUG:colcon.colcon_core.event_handler.log_command:Invoking command in '/home/rokey/1_ws/src/my_image_subscriber': PYTHONPATH=/home/rokey/1_ws/src/build/my_image_subscriber/prefix_override:/usr/lib/python3/dist-packages/colcon_core/task/python/colcon_distutils_commands:/home/rokey/1_ws/src/install/my_image_subscriber/lib/python3.10/site-packages:${PYTHONPATH} /usr/bin/python3 -W ignore:setup.py install is deprecated setup.py egg_info --egg-base ../build/my_image_subscriber build --build-base /home/rokey/1_ws/src/build/my_image_subscriber/build install --record /home/rokey/1_ws/src/build/my_image_subscriber/install.log --single-version-externally-managed install_data
[2.007s] DEBUG:colcon.colcon_core.event_handler.log_command:Invoking command in '/home/rokey/1_ws/src/my_video_package': PYTHONPATH=/home/rokey/1_ws/src/build/my_video_package/prefix_override:/usr/lib/python3/dist-packages/colcon_core/task/python/colcon_distutils_commands:/home/rokey/1_ws/src/install/my_video_package/lib/python3.10/site-packages:${PYTHONPATH} /usr/bin/python3 -W ignore:setup.py install is deprecated setup.py egg_info --egg-base ../build/my_video_package build --build-base /home/rokey/1_ws/src/build/my_video_package/build install --record /home/rokey/1_ws/src/build/my_video_package/install.log --single-version-externally-managed install_data
[2.347s] Level 1:colcon.colcon_core.environment:checking '/home/rokey/1_ws/src/install/my_video_package' for CMake module files
[2.347s] Level 1:colcon.colcon_core.environment:checking '/home/rokey/1_ws/src/install/my_video_package' for CMake config files
[2.348s] Level 1:colcon.colcon_core.environment:checking '/home/rokey/1_ws/src/install/my_video_package/lib'
[2.348s] Level 1:colcon.colcon_core.environment:checking '/home/rokey/1_ws/src/install/my_video_package/bin'
[2.348s] Level 1:colcon.colcon_core.environment:checking '/home/rokey/1_ws/src/install/my_video_package/lib/pkgconfig/my_video_package.pc'
[2.348s] Level 1:colcon.colcon_core.environment:checking '/home/rokey/1_ws/src/install/my_video_package/lib/python3.10/site-packages'
[2.349s] Level 1:colcon.colcon_core.shell:create_environment_hook('my_video_package', 'pythonpath')
[2.349s] INFO:colcon.colcon_core.shell:Creating environment hook '/home/rokey/1_ws/src/install/my_video_package/share/my_video_package/hook/pythonpath.ps1'
[2.349s] INFO:colcon.colcon_core.shell:Creating environment descriptor '/home/rokey/1_ws/src/install/my_video_package/share/my_video_package/hook/pythonpath.dsv'
[2.350s] DEBUG:colcon.colcon_core.event_handler.log_command:Invoked command in '/home/rokey/1_ws/src/my_video_package' returned '0': PYTHONPATH=/home/rokey/1_ws/src/build/my_video_package/prefix_override:/usr/lib/python3/dist-packages/colcon_core/task/python/colcon_distutils_commands:/home/rokey/1_ws/src/install/my_video_package/lib/python3.10/site-packages:${PYTHONPATH} /usr/bin/python3 -W ignore:setup.py install is deprecated setup.py egg_info --egg-base ../build/my_video_package build --build-base /home/rokey/1_ws/src/build/my_video_package/build install --record /home/rokey/1_ws/src/build/my_video_package/install.log --single-version-externally-managed install_data
[2.350s] INFO:colcon.colcon_core.shell:Creating environment hook '/home/rokey/1_ws/src/install/my_video_package/share/my_video_package/hook/pythonpath.sh'
[2.351s] Level 1:colcon.colcon_core.environment:checking '/home/rokey/1_ws/src/install/my_video_package/bin'
[2.351s] Level 1:colcon.colcon_core.environment:create_environment_scripts_only(my_video_package)
[2.351s] INFO:colcon.colcon_core.shell:Creating package script '/home/rokey/1_ws/src/install/my_video_package/share/my_video_package/package.ps1'
[2.352s] INFO:colcon.colcon_core.shell:Creating package descriptor '/home/rokey/1_ws/src/install/my_video_package/share/my_video_package/package.dsv'
[2.353s] INFO:colcon.colcon_core.shell:Creating package script '/home/rokey/1_ws/src/install/my_video_package/share/my_video_package/package.sh'
[2.353s] INFO:colcon.colcon_core.shell:Creating package script '/home/rokey/1_ws/src/install/my_video_package/share/my_video_package/package.bash'
[2.354s] INFO:colcon.colcon_core.shell:Creating package script '/home/rokey/1_ws/src/install/my_video_package/share/my_video_package/package.zsh'
[2.355s] Level 1:colcon.colcon_core.environment:create_file_with_runtime_dependencies(/home/rokey/1_ws/src/install/my_video_package/share/colcon-core/packages/my_video_package)
[2.385s] Level 1:colcon.colcon_core.environment:checking '/home/rokey/1_ws/src/install/my_package' for CMake module files
[2.385s] DEBUG:colcon.colcon_core.event_handler.log_command:Invoked command in '/home/rokey/1_ws/src/my_package' returned '0': PYTHONPATH=/home/rokey/1_ws/src/build/my_package/prefix_override:/usr/lib/python3/dist-packages/colcon_core/task/python/colcon_distutils_commands:/home/rokey/1_ws/src/install/my_package/lib/python3.10/site-packages:${PYTHONPATH} /usr/bin/python3 -W ignore:setup.py install is deprecated setup.py egg_info --egg-base ../build/my_package build --build-base /home/rokey/1_ws/src/build/my_package/build install --record /home/rokey/1_ws/src/build/my_package/install.log --single-version-externally-managed install_data
[2.385s] Level 1:colcon.colcon_core.environment:checking '/home/rokey/1_ws/src/install/my_package' for CMake config files
[2.386s] Level 1:colcon.colcon_core.environment:checking '/home/rokey/1_ws/src/install/my_package/lib'
[2.386s] Level 1:colcon.colcon_core.environment:checking '/home/rokey/1_ws/src/install/my_package/bin'
[2.386s] Level 1:colcon.colcon_core.environment:checking '/home/rokey/1_ws/src/install/my_package/lib/pkgconfig/my_package.pc'
[2.386s] Level 1:colcon.colcon_core.environment:checking '/home/rokey/1_ws/src/install/my_package/lib/python3.10/site-packages'
[2.386s] Level 1:colcon.colcon_core.shell:create_environment_hook('my_package', 'pythonpath')
[2.387s] INFO:colcon.colcon_core.shell:Creating environment hook '/home/rokey/1_ws/src/install/my_package/share/my_package/hook/pythonpath.ps1'
[2.387s] INFO:colcon.colcon_core.shell:Creating environment descriptor '/home/rokey/1_ws/src/install/my_package/share/my_package/hook/pythonpath.dsv'
[2.387s] INFO:colcon.colcon_core.shell:Creating environment hook '/home/rokey/1_ws/src/install/my_package/share/my_package/hook/pythonpath.sh'
[2.388s] Level 1:colcon.colcon_core.environment:checking '/home/rokey/1_ws/src/install/my_package/bin'
[2.388s] Level 1:colcon.colcon_core.environment:create_environment_scripts_only(my_package)
[2.388s] INFO:colcon.colcon_core.shell:Creating package script '/home/rokey/1_ws/src/install/my_package/share/my_package/package.ps1'
[2.389s] INFO:colcon.colcon_core.shell:Creating package descriptor '/home/rokey/1_ws/src/install/my_package/share/my_package/package.dsv'
[2.389s] INFO:colcon.colcon_core.shell:Creating package script '/home/rokey/1_ws/src/install/my_package/share/my_package/package.sh'
[2.389s] INFO:colcon.colcon_core.shell:Creating package script '/home/rokey/1_ws/src/install/my_package/share/my_package/package.bash'
[2.390s] INFO:colcon.colcon_core.shell:Creating package script '/home/rokey/1_ws/src/install/my_package/share/my_package/package.zsh'
[2.390s] Level 1:colcon.colcon_core.environment:create_file_with_runtime_dependencies(/home/rokey/1_ws/src/install/my_package/share/colcon-core/packages/my_package)
[2.427s] Level 1:colcon.colcon_core.environment:checking '/home/rokey/1_ws/src/install/my_image_subscriber' for CMake module files
[2.427s] DEBUG:colcon.colcon_core.event_handler.log_command:Invoked command in '/home/rokey/1_ws/src/my_image_subscriber' returned '0': PYTHONPATH=/home/rokey/1_ws/src/build/my_image_subscriber/prefix_override:/usr/lib/python3/dist-packages/colcon_core/task/python/colcon_distutils_commands:/home/rokey/1_ws/src/install/my_image_subscriber/lib/python3.10/site-packages:${PYTHONPATH} /usr/bin/python3 -W ignore:setup.py install is deprecated setup.py egg_info --egg-base ../build/my_image_subscriber build --build-base /home/rokey/1_ws/src/build/my_image_subscriber/build install --record /home/rokey/1_ws/src/build/my_image_subscriber/install.log --single-version-externally-managed install_data
[2.428s] Level 1:colcon.colcon_core.environment:checking '/home/rokey/1_ws/src/install/my_image_subscriber' for CMake config files
[2.429s] Level 1:colcon.colcon_core.environment:checking '/home/rokey/1_ws/src/install/my_image_subscriber/lib'
[2.429s] Level 1:colcon.colcon_core.environment:checking '/home/rokey/1_ws/src/install/my_image_subscriber/bin'
[2.429s] Level 1:colcon.colcon_core.environment:checking '/home/rokey/1_ws/src/install/my_image_subscriber/lib/pkgconfig/my_image_subscriber.pc'
[2.430s] Level 1:colcon.colcon_core.environment:checking '/home/rokey/1_ws/src/install/my_image_subscriber/lib/python3.10/site-packages'
[2.430s] Level 1:colcon.colcon_core.shell:create_environment_hook('my_image_subscriber', 'pythonpath')
[2.430s] INFO:colcon.colcon_core.shell:Creating environment hook '/home/rokey/1_ws/src/install/my_image_subscriber/share/my_image_subscriber/hook/pythonpath.ps1'
[2.431s] INFO:colcon.colcon_core.shell:Creating environment descriptor '/home/rokey/1_ws/src/install/my_image_subscriber/share/my_image_subscriber/hook/pythonpath.dsv'
[2.431s] INFO:colcon.colcon_core.shell:Creating environment hook '/home/rokey/1_ws/src/install/my_image_subscriber/share/my_image_subscriber/hook/pythonpath.sh'
[2.432s] Level 1:colcon.colcon_core.environment:checking '/home/rokey/1_ws/src/install/my_image_subscriber/bin'
[2.432s] Level 1:colcon.colcon_core.environment:create_environment_scripts_only(my_image_subscriber)
[2.432s] INFO:colcon.colcon_core.shell:Creating package script '/home/rokey/1_ws/src/install/my_image_subscriber/share/my_image_subscriber/package.ps1'
[2.433s] INFO:colcon.colcon_core.shell:Creating package descriptor '/home/rokey/1_ws/src/install/my_image_subscriber/share/my_image_subscriber/package.dsv'
[2.433s] INFO:colcon.colcon_core.shell:Creating package script '/home/rokey/1_ws/src/install/my_image_subscriber/share/my_image_subscriber/package.sh'
[2.434s] INFO:colcon.colcon_core.shell:Creating package script '/home/rokey/1_ws/src/install/my_image_subscriber/share/my_image_subscriber/package.bash'
[2.434s] INFO:colcon.colcon_core.shell:Creating package script '/home/rokey/1_ws/src/install/my_image_subscriber/share/my_image_subscriber/package.zsh'
[2.435s] Level 1:colcon.colcon_core.environment:create_file_with_runtime_dependencies(/home/rokey/1_ws/src/install/my_image_subscriber/share/colcon-core/packages/my_image_subscriber)
[2.436s] DEBUG:colcon.colcon_parallel_executor.executor.parallel:closing loop
[2.436s] DEBUG:colcon.colcon_parallel_executor.executor.parallel:loop closed
[2.436s] DEBUG:colcon.colcon_parallel_executor.executor.parallel:run_until_complete finished with '0'
[2.436s] DEBUG:colcon.colcon_core.event_reactor:joining thread
[2.442s] INFO:colcon.colcon_core.plugin_system:Skipping extension 'colcon_notification.desktop_notification.terminal_notifier': Not used on non-Darwin systems
[2.442s] INFO:colcon.colcon_core.plugin_system:Skipping extension 'colcon_notification.desktop_notification.win32': Not used on non-Windows systems
[2.443s] INFO:colcon.colcon_notification.desktop_notification:Sending desktop notification using 'notify2'
[2.454s] DEBUG:colcon.colcon_core.event_reactor:joined thread
[2.454s] INFO:colcon.colcon_core.shell:Creating prefix script '/home/rokey/1_ws/src/install/local_setup.ps1'
[2.456s] INFO:colcon.colcon_core.shell:Creating prefix util module '/home/rokey/1_ws/src/install/_local_setup_util_ps1.py'
[2.457s] INFO:colcon.colcon_core.shell:Creating prefix chain script '/home/rokey/1_ws/src/install/setup.ps1'
[2.459s] INFO:colcon.colcon_core.shell:Creating prefix script '/home/rokey/1_ws/src/install/local_setup.sh'
[2.460s] INFO:colcon.colcon_core.shell:Creating prefix util module '/home/rokey/1_ws/src/install/_local_setup_util_sh.py'
[2.460s] INFO:colcon.colcon_core.shell:Creating prefix chain script '/home/rokey/1_ws/src/install/setup.sh'
[2.462s] INFO:colcon.colcon_core.shell:Creating prefix script '/home/rokey/1_ws/src/install/local_setup.bash'
[2.462s] INFO:colcon.colcon_core.shell:Creating prefix chain script '/home/rokey/1_ws/src/install/setup.bash'
[2.464s] INFO:colcon.colcon_core.shell:Creating prefix script '/home/rokey/1_ws/src/install/local_setup.zsh'
[2.464s] INFO:colcon.colcon_core.shell:Creating prefix chain script '/home/rokey/1_ws/src/install/setup.zsh'
