[2.009s] Invoking command in '/home/rokey/1_ws/src/my_package': PYTHONPATH=/home/rokey/1_ws/src/build/my_package/prefix_override:/usr/lib/python3/dist-packages/colcon_core/task/python/colcon_distutils_commands:/home/rokey/1_ws/src/install/my_package/lib/python3.10/site-packages:${PYTHONPATH} /usr/bin/python3 -W ignore:setup.py install is deprecated setup.py egg_info --egg-base ../build/my_package build --build-base /home/rokey/1_ws/src/build/my_package/build install --record /home/rokey/1_ws/src/build/my_package/install.log --single-version-externally-managed install_data
[2.358s] running egg_info
[2.379s] writing ../build/my_package/my_package.egg-info/PKG-INFO
[2.379s] writing dependency_links to ../build/my_package/my_package.egg-info/dependency_links.txt
[2.379s] writing entry points to ../build/my_package/my_package.egg-info/entry_points.txt
[2.380s] writing requirements to ../build/my_package/my_package.egg-info/requires.txt
[2.380s] writing top-level names to ../build/my_package/my_package.egg-info/top_level.txt
[2.426s] reading manifest file '../build/my_package/my_package.egg-info/SOURCES.txt'
[2.427s] writing manifest file '../build/my_package/my_package.egg-info/SOURCES.txt'
[2.428s] running build
[2.428s] running build_py
[2.428s] copying my_package/publisher.py -> /home/rokey/1_ws/src/build/my_package/build/lib/my_package
[2.428s] copying my_package/__init__.py -> /home/rokey/1_ws/src/build/my_package/build/lib/my_package
[2.428s] copying my_package/subscriber.py -> /home/rokey/1_ws/src/build/my_package/build/lib/my_package
[2.429s] running install
[2.434s] running install_lib
[2.464s] running install_data
[2.465s] copying resource/my_package -> /home/rokey/1_ws/src/install/my_package/share/ament_index/resource_index/packages
[2.465s] copying package.xml -> /home/rokey/1_ws/src/install/my_package/share/my_package
[2.465s] running install_egg_info
[2.506s] removing '/home/rokey/1_ws/src/install/my_package/lib/python3.10/site-packages/my_package-0.0.0-py3.10.egg-info' (and everything under it)
[2.506s] Copying ../build/my_package/my_package.egg-info to /home/rokey/1_ws/src/install/my_package/lib/python3.10/site-packages/my_package-0.0.0-py3.10.egg-info
[2.508s] running install_scripts
[2.837s] Installing publisher script to /home/rokey/1_ws/src/install/my_package/lib/my_package
[2.838s] Installing subscriber script to /home/rokey/1_ws/src/install/my_package/lib/my_package
[2.838s] writing list of installed files to '/home/rokey/1_ws/src/build/my_package/install.log'
[2.902s] Invoked command in '/home/rokey/1_ws/src/my_package' returned '0': PYTHONPATH=/home/rokey/1_ws/src/build/my_package/prefix_override:/usr/lib/python3/dist-packages/colcon_core/task/python/colcon_distutils_commands:/home/rokey/1_ws/src/install/my_package/lib/python3.10/site-packages:${PYTHONPATH} /usr/bin/python3 -W ignore:setup.py install is deprecated setup.py egg_info --egg-base ../build/my_package build --build-base /home/rokey/1_ws/src/build/my_package/build install --record /home/rokey/1_ws/src/build/my_package/install.log --single-version-externally-managed install_data
