[1.180s] Invoking command in '/home/rokey/1_ws/src/my_package': PYTHONPATH=/home/rokey/1_ws/src/build/my_package/prefix_override:/usr/lib/python3/dist-packages/colcon_core/task/python/colcon_distutils_commands:/home/rokey/1_ws/src/install/my_package/lib/python3.10/site-packages:${PYTHONPATH} /usr/bin/python3 -W ignore:setup.py install is deprecated setup.py egg_info --egg-base ../build/my_package build --build-base /home/rokey/1_ws/src/build/my_package/build install --record /home/rokey/1_ws/src/build/my_package/install.log --single-version-externally-managed install_data
[1.499s] running egg_info
[1.519s] writing ../build/my_package/my_package.egg-info/PKG-INFO
[1.520s] writing dependency_links to ../build/my_package/my_package.egg-info/dependency_links.txt
[1.520s] writing entry points to ../build/my_package/my_package.egg-info/entry_points.txt
[1.520s] writing requirements to ../build/my_package/my_package.egg-info/requires.txt
[1.520s] writing top-level names to ../build/my_package/my_package.egg-info/top_level.txt
[1.565s] reading manifest file '../build/my_package/my_package.egg-info/SOURCES.txt'
[1.567s] writing manifest file '../build/my_package/my_package.egg-info/SOURCES.txt'
[1.567s] running build
[1.567s] running build_py
[1.568s] copying my_package/publisher.py -> /home/rokey/1_ws/src/build/my_package/build/lib/my_package
[1.568s] copying my_package/__init__.py -> /home/rokey/1_ws/src/build/my_package/build/lib/my_package
[1.568s] copying my_package/subscriber.py -> /home/rokey/1_ws/src/build/my_package/build/lib/my_package
[1.568s] running install
[1.575s] running install_lib
[1.599s] running install_data
[1.599s] copying resource/my_package -> /home/rokey/1_ws/src/install/my_package/share/ament_index/resource_index/packages
[1.599s] copying package.xml -> /home/rokey/1_ws/src/install/my_package/share/my_package
[1.599s] running install_egg_info
[1.623s] removing '/home/rokey/1_ws/src/install/my_package/lib/python3.10/site-packages/my_package-0.0.0-py3.10.egg-info' (and everything under it)
[1.624s] Copying ../build/my_package/my_package.egg-info to /home/rokey/1_ws/src/install/my_package/lib/python3.10/site-packages/my_package-0.0.0-py3.10.egg-info
[1.626s] running install_scripts
[1.809s] Installing publisher script to /home/rokey/1_ws/src/install/my_package/lib/my_package
[1.810s] Installing subscriber script to /home/rokey/1_ws/src/install/my_package/lib/my_package
[1.812s] writing list of installed files to '/home/rokey/1_ws/src/build/my_package/install.log'
[1.868s] Invoked command in '/home/rokey/1_ws/src/my_package' returned '0': PYTHONPATH=/home/rokey/1_ws/src/build/my_package/prefix_override:/usr/lib/python3/dist-packages/colcon_core/task/python/colcon_distutils_commands:/home/rokey/1_ws/src/install/my_package/lib/python3.10/site-packages:${PYTHONPATH} /usr/bin/python3 -W ignore:setup.py install is deprecated setup.py egg_info --egg-base ../build/my_package build --build-base /home/rokey/1_ws/src/build/my_package/build install --record /home/rokey/1_ws/src/build/my_package/install.log --single-version-externally-managed install_data
