[1.500s] Invoking command in '/home/rokey/1_ws/src/my_package': PYTHONPATH=/home/rokey/1_ws/src/build/my_package/prefix_override:/usr/lib/python3/dist-packages/colcon_core/task/python/colcon_distutils_commands:/home/rokey/1_ws/src/install/my_package/lib/python3.10/site-packages:${PYTHONPATH} /usr/bin/python3 -W ignore:setup.py install is deprecated setup.py egg_info --egg-base ../build/my_package build --build-base /home/rokey/1_ws/src/build/my_package/build install --record /home/rokey/1_ws/src/build/my_package/install.log --single-version-externally-managed install_data
[1.772s] running egg_info
[1.773s] writing ../build/my_package/my_package.egg-info/PKG-INFO
[1.773s] writing dependency_links to ../build/my_package/my_package.egg-info/dependency_links.txt
[1.773s] writing entry points to ../build/my_package/my_package.egg-info/entry_points.txt
[1.773s] writing requirements to ../build/my_package/my_package.egg-info/requires.txt
[1.773s] writing top-level names to ../build/my_package/my_package.egg-info/top_level.txt
[1.775s] reading manifest file '../build/my_package/my_package.egg-info/SOURCES.txt'
[1.776s] writing manifest file '../build/my_package/my_package.egg-info/SOURCES.txt'
[1.776s] running build
[1.776s] running build_py
[1.776s] running install
[1.777s] running install_lib
[1.778s] running install_data
[1.778s] running install_egg_info
[1.780s] removing '/home/rokey/1_ws/src/install/my_package/lib/python3.10/site-packages/my_package-0.0.0-py3.10.egg-info' (and everything under it)
[1.780s] Copying ../build/my_package/my_package.egg-info to /home/rokey/1_ws/src/install/my_package/lib/python3.10/site-packages/my_package-0.0.0-py3.10.egg-info
[1.781s] running install_scripts
[1.804s] Installing publisher script to /home/rokey/1_ws/src/install/my_package/lib/my_package
[1.804s] Installing subscriber script to /home/rokey/1_ws/src/install/my_package/lib/my_package
[1.804s] writing list of installed files to '/home/rokey/1_ws/src/build/my_package/install.log'
[1.853s] Invoked command in '/home/rokey/1_ws/src/my_package' returned '0': PYTHONPATH=/home/rokey/1_ws/src/build/my_package/prefix_override:/usr/lib/python3/dist-packages/colcon_core/task/python/colcon_distutils_commands:/home/rokey/1_ws/src/install/my_package/lib/python3.10/site-packages:${PYTHONPATH} /usr/bin/python3 -W ignore:setup.py install is deprecated setup.py egg_info --egg-base ../build/my_package build --build-base /home/rokey/1_ws/src/build/my_package/build install --record /home/rokey/1_ws/src/build/my_package/install.log --single-version-externally-managed install_data
